2015/01/04 00:49:40.710 ::: Info -- ===========================================================
2015/01/04 00:49:40.730 ::: Info -- ===========================================================
2015/01/04 00:49:40.730 ::: Info -- ===========================================================
2015/01/04 00:49:40.730 ::: Debug -- Starting
2015/01/04 00:49:40.740 ::: Debug -- WorkDir: C:\Windows\System32\
2015/01/04 00:49:40.740 ::: Debug -- Running: C:\Windows\System32\
2015/01/04 00:49:40.740 ::: Debug -- Exe    : taskkill.exe
2015/01/04 00:49:40.750 ::: Debug -- ARGS   : /T /F /FI "IMAGENAME eq QBW.Magic.LED*"
2015/01/04 00:49:40.750 ::: Debug -- Wait   : True
2015/01/04 00:49:40.920 ::: Info -- SUCCESS: The process with PID 313588 (child process of PID 307780) has been terminated.
2015/01/04 00:49:40.930 ::: Info -- Exit code :0
2015/01/04 00:49:40.940 ::: Debug -- WorkDir: C:\Users\davidq\Documents\GitHub\arcade\QBWmagicLED\QBW_Magic_LED\bin\Release\
2015/01/04 00:49:40.940 ::: Debug -- Running: C:\Users\davidq\Documents\GitHub\arcade\QBWmagicLED\QBW_Magic_LED\bin\Release\
2015/01/04 00:49:40.950 ::: Debug -- Exe    : QBW.Magic.LED.exe
2015/01/04 00:49:40.950 ::: Debug -- ARGS   : qbert.txt
2015/01/04 00:49:40.950 ::: Debug -- Wait   : False
2015/01/04 00:49:40.970 ::: Debug -- WorkDir: C:\Windows\System32\
2015/01/04 00:49:40.970 ::: Debug -- Running: C:\Windows\System32\
2015/01/04 00:49:40.980 ::: Debug -- Exe    : taskkill.exe
2015/01/04 00:49:40.980 ::: Debug -- ARGS   : /T /F /FI "IMAGENAME eq MameButtons*"
2015/01/04 00:49:40.980 ::: Debug -- Wait   : True
2015/01/04 00:49:41.170 ::: Info -- INFO: No tasks running with the specified criteria.
2015/01/04 00:49:41.170 ::: Info -- Exit code :0
2015/01/04 00:49:41.180 ::: Debug -- WorkDir: C:\Users\davidq\Documents\GitHub\arcade\mameButtons\MameButtons\bin\Release\
2015/01/04 00:49:41.180 ::: Debug -- Running: C:\Users\davidq\Documents\GitHub\arcade\mameButtons\MameButtons\bin\Release\
2015/01/04 00:49:41.180 ::: Debug -- Exe    : MameButtons.exe
2015/01/04 00:49:41.180 ::: Debug -- ARGS   : qbert
2015/01/04 00:49:41.190 ::: Debug -- Wait   : False
2015/01/04 00:49:41.210 ::: Debug -- Running J2k
2015/01/04 00:49:41.210 ::: Debug -- WorkDir: C:\HyperSpin\J2K_A_Joystick_to_Keyboard_mapper_1.1_win32-MK2k\J2K\
2015/01/04 00:49:41.220 ::: Debug -- Running: C:\HyperSpin\J2K_A_Joystick_to_Keyboard_mapper_1.1_win32-MK2k\J2K\
2015/01/04 00:49:41.220 ::: Debug -- Exe    : J2K.exe
2015/01/04 00:49:41.220 ::: Debug -- ARGS   : qbert
2015/01/04 00:49:41.230 ::: Debug -- Wait   : False
2015/01/04 00:49:43.250 ::: Info -- -----------------------------------------------------------
2015/01/04 00:49:43.270 ::: Info -- MAME: C:\MAME\151b\racermame.exe qbert -joystick -nowindow -max
2015/01/04 00:49:43.280 ::: Debug -- WorkDir: C:\MAME\151b\
2015/01/04 00:49:43.280 ::: Debug -- Running: C:\MAME\151b\
2015/01/04 00:49:43.280 ::: Debug -- Exe    : racermame.exe
2015/01/04 00:49:43.290 ::: Debug -- ARGS   : qbert -joystick -nowindow -max
2015/01/04 00:49:43.290 ::: Debug -- Wait   : True
2015/01/04 00:49:44.769 ::: Error -- Sample 'knocker' NOT FOUND
2015/01/04 00:49:44.773 ::: Error -- Sample 'fx_17a' NOT FOUND
2015/01/04 00:49:44.778 ::: Error -- Sample 'fx_17b' NOT FOUND
2015/01/04 00:49:44.783 ::: Error -- Sample 'fx_17c' NOT FOUND
2015/01/04 00:49:44.786 ::: Error -- Sample 'fx_17d' NOT FOUND
2015/01/04 00:49:44.790 ::: Error -- Sample 'fx_17e' NOT FOUND
2015/01/04 00:49:44.794 ::: Error -- Sample 'fx_17f' NOT FOUND
2015/01/04 00:49:44.797 ::: Error -- Sample 'fx_17g' NOT FOUND
2015/01/04 00:49:44.801 ::: Error -- Sample 'fx_17h' NOT FOUND
2015/01/04 00:49:44.804 ::: Error -- Sample 'fx_18a' NOT FOUND
2015/01/04 00:49:44.808 ::: Error -- Sample 'fx_18b' NOT FOUND
2015/01/04 00:49:44.811 ::: Error -- Sample 'fx_18c' NOT FOUND
2015/01/04 00:49:44.815 ::: Error -- Sample 'fx_18d' NOT FOUND
2015/01/04 00:49:44.819 ::: Error -- Sample 'fx_18e' NOT FOUND
2015/01/04 00:49:44.823 ::: Error -- Sample 'fx_18f' NOT FOUND
2015/01/04 00:49:44.826 ::: Error -- Sample 'fx_18g' NOT FOUND
2015/01/04 00:49:44.831 ::: Error -- Sample 'fx_18h' NOT FOUND
2015/01/04 00:49:44.836 ::: Error -- Sample 'fx_19a' NOT FOUND
2015/01/04 00:49:44.839 ::: Error -- Sample 'fx_19b' NOT FOUND
2015/01/04 00:49:44.844 ::: Error -- Sample 'fx_19c' NOT FOUND
2015/01/04 00:49:44.847 ::: Error -- Sample 'fx_19d' NOT FOUND
2015/01/04 00:49:44.853 ::: Error -- Sample 'fx_19e' NOT FOUND
2015/01/04 00:49:44.856 ::: Error -- Sample 'fx_19f' NOT FOUND
2015/01/04 00:49:44.860 ::: Error -- Sample 'fx_19g' NOT FOUND
2015/01/04 00:49:44.864 ::: Error -- Sample 'fx_19h' NOT FOUND
2015/01/04 00:49:44.868 ::: Error -- Sample 'fx_20a' NOT FOUND
2015/01/04 00:49:44.871 ::: Error -- Sample 'fx_20b' NOT FOUND
2015/01/04 00:49:44.875 ::: Error -- Sample 'fx_20c' NOT FOUND
2015/01/04 00:49:44.878 ::: Error -- Sample 'fx_20d' NOT FOUND
2015/01/04 00:49:44.881 ::: Error -- Sample 'fx_20e' NOT FOUND
2015/01/04 00:49:44.885 ::: Error -- Sample 'fx_20f' NOT FOUND
2015/01/04 00:49:44.888 ::: Error -- Sample 'fx_20g' NOT FOUND
2015/01/04 00:49:44.892 ::: Error -- Sample 'fx_20h' NOT FOUND
2015/01/04 00:49:44.896 ::: Error -- Sample 'fx_21a' NOT FOUND
2015/01/04 00:49:44.900 ::: Error -- Sample 'fx_21b' NOT FOUND
2015/01/04 00:49:44.903 ::: Error -- Sample 'fx_21c' NOT FOUND
2015/01/04 00:49:44.907 ::: Error -- Sample 'fx_21d' NOT FOUND
2015/01/04 00:49:44.910 ::: Error -- Sample 'fx_21e' NOT FOUND
2015/01/04 00:49:44.914 ::: Error -- Sample 'fx_21f' NOT FOUND
2015/01/04 00:49:44.918 ::: Error -- Sample 'fx_21g' NOT FOUND
2015/01/04 00:49:44.922 ::: Error -- Sample 'fx_21h' NOT FOUND
2015/01/04 00:49:44.925 ::: Error -- Sample 'fx_22' NOT FOUND
2015/01/04 00:49:44.929 ::: Error -- Sample 'fx_23' NOT FOUND
2015/01/04 00:49:44.934 ::: Error -- Sample 'fx_28' NOT FOUND
2015/01/04 00:50:52.747 ::: Error -- Sample 'fx_36' NOT FOUND
2015/01/04 00:50:52.757 ::: Info -- Average speed: 99.86% (66 seconds)
2015/01/04 00:50:52.757 ::: Info -- Exit code :0
2015/01/04 00:50:52.767 ::: Debug -- Killing J2k
2015/01/04 00:50:52.767 ::: Debug -- WorkDir: C:\Windows\System32\
2015/01/04 00:50:52.767 ::: Debug -- Running: C:\Windows\System32\
2015/01/04 00:50:52.777 ::: Debug -- Exe    : taskkill.exe
2015/01/04 00:50:52.777 ::: Debug -- ARGS   : /T /F /FI "IMAGENAME eq J2K.*"
2015/01/04 00:50:52.787 ::: Debug -- Wait   : True
2015/01/04 00:50:52.977 ::: Info -- SUCCESS: The process with PID 27184 (child process of PID 47844) has been terminated.
2015/01/04 00:50:52.997 ::: Info -- Exit code :0
2015/01/04 00:50:52.997 ::: Debug -- WorkDir: C:\Windows\System32\
2015/01/04 00:50:52.997 ::: Debug -- Running: C:\Windows\System32\
2015/01/04 00:50:52.997 ::: Debug -- Exe    : taskkill.exe
2015/01/04 00:50:53.007 ::: Debug -- ARGS   : /T /F /FI "IMAGENAME eq QBW.Magic.LED*"
2015/01/04 00:50:53.007 ::: Debug -- Wait   : True
2015/01/04 00:50:53.167 ::: Info -- SUCCESS: The process with PID 32468 (child process of PID 47844) has been terminated.
2015/01/04 00:50:53.167 ::: Info -- Exit code :0
2015/01/04 00:50:53.177 ::: Debug -- WorkDir: C:\Users\davidq\Documents\GitHub\arcade\QBWmagicLED\QBW_Magic_LED\bin\Release\
2015/01/04 00:50:53.177 ::: Debug -- Running: C:\Users\davidq\Documents\GitHub\arcade\QBWmagicLED\QBW_Magic_LED\bin\Release\
2015/01/04 00:50:53.177 ::: Debug -- Exe    : QBW.Magic.LED.exe
2015/01/04 00:50:53.187 ::: Debug -- ARGS   : default.txt
2015/01/04 00:50:53.187 ::: Debug -- Wait   : False
2015/01/04 00:50:53.207 ::: Debug -- WorkDir: C:\Windows\System32\
2015/01/04 00:50:53.207 ::: Debug -- Running: C:\Windows\System32\
2015/01/04 00:50:53.217 ::: Debug -- Exe    : taskkill.exe
2015/01/04 00:50:53.217 ::: Debug -- ARGS   : /T /F /FI "IMAGENAME eq MameButtons*"
2015/01/04 00:50:53.217 ::: Debug -- Wait   : True
2015/01/04 00:50:53.417 ::: Info -- SUCCESS: The process with PID 56100 (child process of PID 47844) has been terminated.
2015/01/04 00:50:53.427 ::: Info -- Exit code :0
2015/01/04 00:50:53.427 ::: Debug -- Ending
2015/01/04 00:51:15.270 ::: Info -- ===========================================================
2015/01/04 00:51:15.280 ::: Info -- ===========================================================
2015/01/04 00:51:15.290 ::: Info -- ===========================================================
2015/01/04 00:51:15.290 ::: Debug -- Starting
2015/01/04 00:51:15.300 ::: Debug -- WorkDir: C:\Windows\System32\
2015/01/04 00:51:15.300 ::: Debug -- Running: C:\Windows\System32\
2015/01/04 00:51:15.300 ::: Debug -- Exe    : taskkill.exe
2015/01/04 00:51:15.300 ::: Debug -- ARGS   : /T /F /FI "IMAGENAME eq QBW.Magic.LED*"
2015/01/04 00:51:15.310 ::: Debug -- Wait   : True
2015/01/04 00:51:15.470 ::: Info -- SUCCESS: The process with PID 105340 (child process of PID 47844) has been terminated.
2015/01/04 00:51:15.470 ::: Info -- Exit code :0
2015/01/04 00:51:15.480 ::: Debug -- WorkDir: C:\Users\davidq\Documents\GitHub\arcade\QBWmagicLED\QBW_Magic_LED\bin\Release\
2015/01/04 00:51:15.480 ::: Debug -- Running: C:\Users\davidq\Documents\GitHub\arcade\QBWmagicLED\QBW_Magic_LED\bin\Release\
2015/01/04 00:51:15.480 ::: Debug -- Exe    : QBW.Magic.LED.exe
2015/01/04 00:51:15.480 ::: Debug -- ARGS   : dkong.txt
2015/01/04 00:51:15.490 ::: Debug -- Wait   : False
2015/01/04 00:51:15.510 ::: Debug -- WorkDir: C:\Windows\System32\
2015/01/04 00:51:15.510 ::: Debug -- Running: C:\Windows\System32\
2015/01/04 00:51:15.520 ::: Debug -- Exe    : taskkill.exe
2015/01/04 00:51:15.520 ::: Debug -- ARGS   : /T /F /FI "IMAGENAME eq MameButtons*"
2015/01/04 00:51:15.520 ::: Debug -- Wait   : True
2015/01/04 00:51:15.710 ::: Info -- INFO: No tasks running with the specified criteria.
2015/01/04 00:51:15.710 ::: Info -- Exit code :0
2015/01/04 00:51:15.710 ::: Debug -- WorkDir: C:\Users\davidq\Documents\GitHub\arcade\mameButtons\MameButtons\bin\Release\
2015/01/04 00:51:15.720 ::: Debug -- Running: C:\Users\davidq\Documents\GitHub\arcade\mameButtons\MameButtons\bin\Release\
2015/01/04 00:51:15.720 ::: Debug -- Exe    : MameButtons.exe
2015/01/04 00:51:15.730 ::: Debug -- ARGS   : dkong
2015/01/04 00:51:15.730 ::: Debug -- Wait   : False
2015/01/04 00:51:17.142 ::: Info -- -----------------------------------------------------------
2015/01/04 00:51:17.152 ::: Info -- MAME: C:\MAME\151b\racermame.exe dkong -joystick -nowindow -max
2015/01/04 00:51:17.152 ::: Debug -- WorkDir: C:\MAME\151b\
2015/01/04 00:51:17.152 ::: Debug -- Running: C:\MAME\151b\
2015/01/04 00:51:17.162 ::: Debug -- Exe    : racermame.exe
2015/01/04 00:51:17.162 ::: Debug -- ARGS   : dkong -joystick -nowindow -max
2015/01/04 00:51:17.172 ::: Debug -- Wait   : True
2015/01/04 00:51:21.175 ::: Info -- Average speed: 101.45% (2 seconds)
2015/01/04 00:51:21.185 ::: Info -- Exit code :0
2015/01/04 00:51:21.195 ::: Debug -- WorkDir: C:\Windows\System32\
2015/01/04 00:51:21.195 ::: Debug -- Running: C:\Windows\System32\
2015/01/04 00:51:21.195 ::: Debug -- Exe    : taskkill.exe
2015/01/04 00:51:21.205 ::: Debug -- ARGS   : /T /F /FI "IMAGENAME eq QBW.Magic.LED*"
2015/01/04 00:51:21.205 ::: Debug -- Wait   : True
2015/01/04 00:51:21.375 ::: Info -- SUCCESS: The process with PID 67372 (child process of PID 114532) has been terminated.
2015/01/04 00:51:21.385 ::: Info -- Exit code :0
2015/01/04 00:51:21.385 ::: Debug -- WorkDir: C:\Users\davidq\Documents\GitHub\arcade\QBWmagicLED\QBW_Magic_LED\bin\Release\
2015/01/04 00:51:21.395 ::: Debug -- Running: C:\Users\davidq\Documents\GitHub\arcade\QBWmagicLED\QBW_Magic_LED\bin\Release\
2015/01/04 00:51:21.395 ::: Debug -- Exe    : QBW.Magic.LED.exe
2015/01/04 00:51:21.395 ::: Debug -- ARGS   : default.txt
2015/01/04 00:51:21.395 ::: Debug -- Wait   : False
2015/01/04 00:51:21.425 ::: Debug -- WorkDir: C:\Windows\System32\
2015/01/04 00:51:21.425 ::: Debug -- Running: C:\Windows\System32\
2015/01/04 00:51:21.435 ::: Debug -- Exe    : taskkill.exe
2015/01/04 00:51:21.435 ::: Debug -- ARGS   : /T /F /FI "IMAGENAME eq MameButtons*"
2015/01/04 00:51:21.435 ::: Debug -- Wait   : True
2015/01/04 00:51:21.635 ::: Info -- SUCCESS: The process with PID 125440 (child process of PID 114532) has been terminated.
2015/01/04 00:51:21.645 ::: Info -- Exit code :0
2015/01/04 00:51:21.645 ::: Debug -- Ending
2015/01/04 00:52:19.292 ::: Info -- ===========================================================
2015/01/04 00:52:19.322 ::: Info -- ===========================================================
2015/01/04 00:52:19.332 ::: Info -- ===========================================================
2015/01/04 00:52:19.332 ::: Debug -- Starting
2015/01/04 00:52:19.342 ::: Debug -- WorkDir: C:\Windows\System32\
2015/01/04 00:52:19.352 ::: Debug -- Running: C:\Windows\System32\
2015/01/04 00:52:19.352 ::: Debug -- Exe    : taskkill.exe
2015/01/04 00:52:19.352 ::: Debug -- ARGS   : /T /F /FI "IMAGENAME eq QBW.Magic.LED*"
2015/01/04 00:52:19.362 ::: Debug -- Wait   : True
2015/01/04 00:52:19.532 ::: Info -- SUCCESS: The process with PID 138840 (child process of PID 114532) has been terminated.
2015/01/04 00:52:19.532 ::: Info -- Exit code :0
2015/01/04 00:52:19.542 ::: Debug -- WorkDir: C:\Users\davidq\Documents\GitHub\arcade\QBWmagicLED\QBW_Magic_LED\bin\Release\
2015/01/04 00:52:19.542 ::: Debug -- Running: C:\Users\davidq\Documents\GitHub\arcade\QBWmagicLED\QBW_Magic_LED\bin\Release\
2015/01/04 00:52:19.542 ::: Debug -- Exe    : QBW.Magic.LED.exe
2015/01/04 00:52:19.552 ::: Debug -- ARGS   : dkong.txt
2015/01/04 00:52:19.552 ::: Debug -- Wait   : False
2015/01/04 00:52:19.572 ::: Debug -- WorkDir: C:\Windows\System32\
2015/01/04 00:52:19.582 ::: Debug -- Running: C:\Windows\System32\
2015/01/04 00:52:19.582 ::: Debug -- Exe    : taskkill.exe
2015/01/04 00:52:19.592 ::: Debug -- ARGS   : /T /F /FI "IMAGENAME eq MameButtons*"
2015/01/04 00:52:19.592 ::: Debug -- Wait   : True
2015/01/04 00:52:19.782 ::: Info -- INFO: No tasks running with the specified criteria.
2015/01/04 00:52:19.782 ::: Info -- Exit code :0
2015/01/04 00:52:19.792 ::: Debug -- WorkDir: C:\Users\davidq\Documents\GitHub\arcade\mameButtons\MameButtons\bin\Release\
2015/01/04 00:52:19.792 ::: Debug -- Running: C:\Users\davidq\Documents\GitHub\arcade\mameButtons\MameButtons\bin\Release\
2015/01/04 00:52:19.792 ::: Debug -- Exe    : MameButtons.exe
2015/01/04 00:52:19.802 ::: Debug -- ARGS   : dkong
2015/01/04 00:52:19.802 ::: Debug -- Wait   : False
2015/01/04 00:52:21.332 ::: Info -- -----------------------------------------------------------
2015/01/04 00:52:21.342 ::: Info -- MAME: C:\MAME\151b\racermame.exe dkong -joystick -nowindow -max
2015/01/04 00:52:21.342 ::: Debug -- WorkDir: C:\MAME\151b\
2015/01/04 00:52:21.352 ::: Debug -- Running: C:\MAME\151b\
2015/01/04 00:52:21.362 ::: Debug -- Exe    : racermame.exe
2015/01/04 00:52:21.362 ::: Debug -- ARGS   : dkong -joystick -nowindow -max
2015/01/04 00:52:21.362 ::: Debug -- Wait   : True
2015/01/04 00:53:03.937 ::: Info -- Average speed: 100.07% (40 seconds)
2015/01/04 00:53:03.947 ::: Info -- Exit code :0
2015/01/04 00:53:03.957 ::: Debug -- WorkDir: C:\Windows\System32\
2015/01/04 00:53:03.957 ::: Debug -- Running: C:\Windows\System32\
2015/01/04 00:53:03.957 ::: Debug -- Exe    : taskkill.exe
2015/01/04 00:53:03.967 ::: Debug -- ARGS   : /T /F /FI "IMAGENAME eq QBW.Magic.LED*"
2015/01/04 00:53:03.967 ::: Debug -- Wait   : True
2015/01/04 00:53:04.137 ::: Info -- SUCCESS: The process with PID 21584 (child process of PID 69420) has been terminated.
2015/01/04 00:53:04.147 ::: Info -- Exit code :0
2015/01/04 00:53:04.147 ::: Debug -- WorkDir: C:\Users\davidq\Documents\GitHub\arcade\QBWmagicLED\QBW_Magic_LED\bin\Release\
2015/01/04 00:53:04.147 ::: Debug -- Running: C:\Users\davidq\Documents\GitHub\arcade\QBWmagicLED\QBW_Magic_LED\bin\Release\
2015/01/04 00:53:04.157 ::: Debug -- Exe    : QBW.Magic.LED.exe
2015/01/04 00:53:04.157 ::: Debug -- ARGS   : default.txt
2015/01/04 00:53:04.157 ::: Debug -- Wait   : False
2015/01/04 00:53:04.177 ::: Debug -- WorkDir: C:\Windows\System32\
2015/01/04 00:53:04.187 ::: Debug -- Running: C:\Windows\System32\
2015/01/04 00:53:04.187 ::: Debug -- Exe    : taskkill.exe
2015/01/04 00:53:04.187 ::: Debug -- ARGS   : /T /F /FI "IMAGENAME eq MameButtons*"
2015/01/04 00:53:04.197 ::: Debug -- Wait   : True
2015/01/04 00:53:04.397 ::: Info -- SUCCESS: The process with PID 141644 (child process of PID 69420) has been terminated.
2015/01/04 00:53:04.397 ::: Info -- Exit code :0
2015/01/04 00:53:04.407 ::: Debug -- Ending
2015/01/04 00:53:06.527 ::: Info -- ===========================================================
2015/01/04 00:53:06.537 ::: Info -- ===========================================================
2015/01/04 00:53:06.547 ::: Info -- ===========================================================
2015/01/04 00:53:06.547 ::: Debug -- Starting
2015/01/04 00:53:06.557 ::: Debug -- WorkDir: C:\Windows\System32\
2015/01/04 00:53:06.557 ::: Debug -- Running: C:\Windows\System32\
2015/01/04 00:53:06.557 ::: Debug -- Exe    : taskkill.exe
2015/01/04 00:53:06.567 ::: Debug -- ARGS   : /T /F /FI "IMAGENAME eq QBW.Magic.LED*"
2015/01/04 00:53:06.567 ::: Debug -- Wait   : True
2015/01/04 00:53:06.747 ::: Info -- SUCCESS: The process with PID 198076 (child process of PID 69420) has been terminated.
2015/01/04 00:53:06.757 ::: Info -- Exit code :0
2015/01/04 00:53:06.757 ::: Debug -- WorkDir: C:\Users\davidq\Documents\GitHub\arcade\QBWmagicLED\QBW_Magic_LED\bin\Release\
2015/01/04 00:53:06.757 ::: Debug -- Running: C:\Users\davidq\Documents\GitHub\arcade\QBWmagicLED\QBW_Magic_LED\bin\Release\
2015/01/04 00:53:06.767 ::: Debug -- Exe    : QBW.Magic.LED.exe
2015/01/04 00:53:06.767 ::: Debug -- ARGS   : qbert.txt
2015/01/04 00:53:06.767 ::: Debug -- Wait   : False
2015/01/04 00:53:06.787 ::: Debug -- WorkDir: C:\Windows\System32\
2015/01/04 00:53:06.797 ::: Debug -- Running: C:\Windows\System32\
2015/01/04 00:53:06.797 ::: Debug -- Exe    : taskkill.exe
2015/01/04 00:53:06.797 ::: Debug -- ARGS   : /T /F /FI "IMAGENAME eq MameButtons*"
2015/01/04 00:53:06.807 ::: Debug -- Wait   : True
2015/01/04 00:53:06.987 ::: Info -- INFO: No tasks running with the specified criteria.
2015/01/04 00:53:06.997 ::: Info -- Exit code :0
2015/01/04 00:53:06.997 ::: Debug -- WorkDir: C:\Users\davidq\Documents\GitHub\arcade\mameButtons\MameButtons\bin\Release\
2015/01/04 00:53:07.007 ::: Debug -- Running: C:\Users\davidq\Documents\GitHub\arcade\mameButtons\MameButtons\bin\Release\
2015/01/04 00:53:07.007 ::: Debug -- Exe    : MameButtons.exe
2015/01/04 00:53:07.007 ::: Debug -- ARGS   : qbert
2015/01/04 00:53:07.017 ::: Debug -- Wait   : False
2015/01/04 00:53:07.037 ::: Debug -- Running J2k
2015/01/04 00:53:07.047 ::: Debug -- WorkDir: C:\HyperSpin\J2K_A_Joystick_to_Keyboard_mapper_1.1_win32-MK2k\J2K\
2015/01/04 00:53:07.047 ::: Debug -- Running: C:\HyperSpin\J2K_A_Joystick_to_Keyboard_mapper_1.1_win32-MK2k\J2K\
2015/01/04 00:53:07.047 ::: Debug -- Exe    : J2K.exe
2015/01/04 00:53:07.057 ::: Debug -- ARGS   : qbert
2015/01/04 00:53:07.057 ::: Debug -- Wait   : False
2015/01/04 00:53:09.087 ::: Info -- -----------------------------------------------------------
2015/01/04 00:53:09.087 ::: Info -- MAME: C:\MAME\151b\racermame.exe qbert -joystick -nowindow -max
2015/01/04 00:53:09.087 ::: Debug -- WorkDir: C:\MAME\151b\
2015/01/04 00:53:09.097 ::: Debug -- Running: C:\MAME\151b\
2015/01/04 00:53:09.097 ::: Debug -- Exe    : racermame.exe
2015/01/04 00:53:09.097 ::: Debug -- ARGS   : qbert -joystick -nowindow -max
2015/01/04 00:53:09.107 ::: Debug -- Wait   : True
2015/01/04 00:53:10.568 ::: Error -- Sample 'knocker' NOT FOUND
2015/01/04 00:53:10.572 ::: Error -- Sample 'fx_17a' NOT FOUND
2015/01/04 00:53:10.576 ::: Error -- Sample 'fx_17b' NOT FOUND
2015/01/04 00:53:10.580 ::: Error -- Sample 'fx_17c' NOT FOUND
2015/01/04 00:53:10.583 ::: Error -- Sample 'fx_17d' NOT FOUND
2015/01/04 00:53:10.587 ::: Error -- Sample 'fx_17e' NOT FOUND
2015/01/04 00:53:10.591 ::: Error -- Sample 'fx_17f' NOT FOUND
2015/01/04 00:53:10.595 ::: Error -- Sample 'fx_17g' NOT FOUND
2015/01/04 00:53:10.598 ::: Error -- Sample 'fx_17h' NOT FOUND
2015/01/04 00:53:10.602 ::: Error -- Sample 'fx_18a' NOT FOUND
2015/01/04 00:53:10.606 ::: Error -- Sample 'fx_18b' NOT FOUND
2015/01/04 00:53:10.610 ::: Error -- Sample 'fx_18c' NOT FOUND
2015/01/04 00:53:10.614 ::: Error -- Sample 'fx_18d' NOT FOUND
2015/01/04 00:53:10.618 ::: Error -- Sample 'fx_18e' NOT FOUND
2015/01/04 00:53:10.622 ::: Error -- Sample 'fx_18f' NOT FOUND
2015/01/04 00:53:10.626 ::: Error -- Sample 'fx_18g' NOT FOUND
2015/01/04 00:53:10.630 ::: Error -- Sample 'fx_18h' NOT FOUND
2015/01/04 00:53:10.634 ::: Error -- Sample 'fx_19a' NOT FOUND
2015/01/04 00:53:10.638 ::: Error -- Sample 'fx_19b' NOT FOUND
2015/01/04 00:53:10.641 ::: Error -- Sample 'fx_19c' NOT FOUND
2015/01/04 00:53:10.645 ::: Error -- Sample 'fx_19d' NOT FOUND
2015/01/04 00:53:10.649 ::: Error -- Sample 'fx_19e' NOT FOUND
2015/01/04 00:53:10.653 ::: Error -- Sample 'fx_19f' NOT FOUND
2015/01/04 00:53:10.657 ::: Error -- Sample 'fx_19g' NOT FOUND
2015/01/04 00:53:10.660 ::: Error -- Sample 'fx_19h' NOT FOUND
2015/01/04 00:53:10.664 ::: Error -- Sample 'fx_20a' NOT FOUND
2015/01/04 00:53:10.668 ::: Error -- Sample 'fx_20b' NOT FOUND
2015/01/04 00:53:10.672 ::: Error -- Sample 'fx_20c' NOT FOUND
2015/01/04 00:53:10.677 ::: Error -- Sample 'fx_20d' NOT FOUND
2015/01/04 00:53:10.681 ::: Error -- Sample 'fx_20e' NOT FOUND
2015/01/04 00:53:10.686 ::: Error -- Sample 'fx_20f' NOT FOUND
2015/01/04 00:53:10.690 ::: Error -- Sample 'fx_20g' NOT FOUND
2015/01/04 00:53:10.694 ::: Error -- Sample 'fx_20h' NOT FOUND
2015/01/04 00:53:10.697 ::: Error -- Sample 'fx_21a' NOT FOUND
2015/01/04 00:53:10.701 ::: Error -- Sample 'fx_21b' NOT FOUND
2015/01/04 00:53:10.705 ::: Error -- Sample 'fx_21c' NOT FOUND
2015/01/04 00:53:10.709 ::: Error -- Sample 'fx_21d' NOT FOUND
2015/01/04 00:53:10.713 ::: Error -- Sample 'fx_21e' NOT FOUND
2015/01/04 00:53:10.716 ::: Error -- Sample 'fx_21f' NOT FOUND
2015/01/04 00:53:10.720 ::: Error -- Sample 'fx_21g' NOT FOUND
2015/01/04 00:53:10.724 ::: Error -- Sample 'fx_21h' NOT FOUND
2015/01/04 00:53:10.728 ::: Error -- Sample 'fx_22' NOT FOUND
2015/01/04 00:53:10.732 ::: Error -- Sample 'fx_23' NOT FOUND
2015/01/04 00:53:10.736 ::: Error -- Sample 'fx_28' NOT FOUND
2015/01/04 00:53:11.123 ::: Error -- Sample 'fx_36' NOT FOUND
2015/01/04 00:53:11.127 ::: Error -- -----------------------------------------------------
2015/01/04 00:53:11.131 ::: Error -- Exception at EIP=01559B02 (not found): ACCESS VIOLATION
2015/01/04 00:53:11.135 ::: Error -- While attempting to read memory at 0BA31B24
2015/01/04 00:53:11.138 ::: Error -- -----------------------------------------------------
2015/01/04 00:53:11.142 ::: Error -- EAX=000906A9 EBX=00000000 ECX=0CA00568 EDX=0B7F0080
2015/01/04 00:53:11.192 ::: Error -- ESI=0AB4F538 EDI=00000000 EBP=0883FB14 ESP=0883F65C
2015/01/04 00:53:11.196 ::: Error -- -----------------------------------------------------
2015/01/04 00:53:11.201 ::: Error -- Stack crawl:
2015/01/04 00:53:11.201 ::: Error --   0883FB14: 01559B02 (not found)
2015/01/04 00:53:11.211 ::: Error --   0883FB44: 0152E025 (not found)
2015/01/04 00:53:11.211 ::: Error --   0883FB6C: 0153141F (not found)
2015/01/04 00:53:11.221 ::: Error --   0883FC00: 75A32A72 (GetKeyState+0x0153)
2015/01/04 00:53:11.221 ::: Error --   0883FC44: 75A26D3A (GetThreadDesktop+0x00d7)
2015/01/04 00:53:11.221 ::: Error --   0883FC78: 75A26CE9 (GetThreadDesktop+0x0086)
2015/01/04 00:53:11.231 ::: Error --   0883FCB0: 75A30D27 (GetClientRect+0x00c5)
2015/01/04 00:53:11.231 ::: Error --   0883FCD0: 75A30D4D (CallWindowProcW+0x001b)
2015/01/04 00:53:11.241 ::: Error --   0883FCEC: 735764B2 (DllUnregisterServer+0x0188)
2015/01/04 00:53:11.241 ::: Error --   0883FD20: 735767D7 (DllUnregisterServer+0x04ad)
2015/01/04 00:53:11.241 ::: Error --   0883FD44: 73576846 (DllUnregisterServer+0x051c)
2015/01/04 00:53:11.251 ::: Error --   0883FD68: 7356F42C (DirectInputCreateEx+0x3b7f)
2015/01/04 00:53:11.251 ::: Error --   0883FD9C: 735767D7 (DllUnregisterServer+0x04ad)
2015/01/04 00:53:11.261 ::: Error --   0883FDD4: 735768B6 (DllUnregisterServer+0x058c)
2015/01/04 00:53:11.261 ::: Error --   0883FE00: 75A262FA (gapfnScSendMessage+0x0332)
2015/01/04 00:53:11.271 ::: Error --   0883FE78: 75A26D3A (GetThreadDesktop+0x00d7)
2015/01/04 00:53:11.271 ::: Error --   0883FED8: 75A277C4 (CharPrevW+0x0138)
2015/01/04 00:53:11.271 ::: Error --   0883FEE8: 75A2788A (DispatchMessageW+0x000f)
2015/01/04 00:53:11.281 ::: Error --   0883FF08: 0152F2F9 (not found)
2015/01/04 00:53:11.281 ::: Error --   00000000: 750698DA (free+0x0046)
2015/01/04 00:53:11.291 ::: Info -- Exit code :-1073741819
2015/01/04 00:53:11.291 ::: Debug -- Killing J2k
2015/01/04 00:53:11.301 ::: Debug -- WorkDir: C:\Windows\System32\
2015/01/04 00:53:11.301 ::: Debug -- Running: C:\Windows\System32\
2015/01/04 00:53:11.301 ::: Debug -- Exe    : taskkill.exe
2015/01/04 00:53:11.311 ::: Debug -- ARGS   : /T /F /FI "IMAGENAME eq J2K.*"
2015/01/04 00:53:11.311 ::: Debug -- Wait   : True
2015/01/04 00:53:11.511 ::: Info -- SUCCESS: The process with PID 627280 (child process of PID 241576) has been terminated.
2015/01/04 00:53:11.521 ::: Info -- Exit code :0
2015/01/04 00:53:11.521 ::: Debug -- WorkDir: C:\Windows\System32\
2015/01/04 00:53:11.531 ::: Debug -- Running: C:\Windows\System32\
2015/01/04 00:53:11.531 ::: Debug -- Exe    : taskkill.exe
2015/01/04 00:53:11.531 ::: Debug -- ARGS   : /T /F /FI "IMAGENAME eq QBW.Magic.LED*"
2015/01/04 00:53:11.541 ::: Debug -- Wait   : True
2015/01/04 00:53:11.701 ::: Info -- SUCCESS: The process with PID 156516 (child process of PID 241576) has been terminated.
2015/01/04 00:53:11.711 ::: Info -- Exit code :0
2015/01/04 00:53:11.711 ::: Debug -- WorkDir: C:\Users\davidq\Documents\GitHub\arcade\QBWmagicLED\QBW_Magic_LED\bin\Release\
2015/01/04 00:53:11.721 ::: Debug -- Running: C:\Users\davidq\Documents\GitHub\arcade\QBWmagicLED\QBW_Magic_LED\bin\Release\
2015/01/04 00:53:11.721 ::: Debug -- Exe    : QBW.Magic.LED.exe
2015/01/04 00:53:11.721 ::: Debug -- ARGS   : default.txt
2015/01/04 00:53:11.731 ::: Debug -- Wait   : False
2015/01/04 00:53:11.751 ::: Debug -- WorkDir: C:\Windows\System32\
2015/01/04 00:53:11.751 ::: Debug -- Running: C:\Windows\System32\
2015/01/04 00:53:11.761 ::: Debug -- Exe    : taskkill.exe
2015/01/04 00:53:11.761 ::: Debug -- ARGS   : /T /F /FI "IMAGENAME eq MameButtons*"
2015/01/04 00:53:11.761 ::: Debug -- Wait   : True
2015/01/04 00:53:11.951 ::: Info -- SUCCESS: The process with PID 248404 (child process of PID 241576) has been terminated.
2015/01/04 00:53:11.961 ::: Info -- Exit code :0
2015/01/04 00:53:11.971 ::: Debug -- Ending
2015/01/04 00:54:43.969 ::: Info -- ===========================================================
2015/01/04 00:54:43.989 ::: Info -- ===========================================================
2015/01/04 00:54:43.989 ::: Info -- ===========================================================
2015/01/04 00:54:43.999 ::: Debug -- Starting
2015/01/04 00:54:43.999 ::: Debug -- WorkDir: C:\Windows\System32\
2015/01/04 00:54:44.009 ::: Debug -- Running: C:\Windows\System32\
2015/01/04 00:54:44.009 ::: Debug -- Exe    : taskkill.exe
2015/01/04 00:54:44.019 ::: Debug -- ARGS   : /T /F /FI "IMAGENAME eq QBW.Magic.LED*"
2015/01/04 00:54:44.019 ::: Debug -- Wait   : True
2015/01/04 00:54:44.229 ::: Info -- SUCCESS: The process with PID 52620 (child process of PID 241576) has been terminated.
2015/01/04 00:54:44.239 ::: Info -- Exit code :0
2015/01/04 00:54:44.239 ::: Debug -- WorkDir: C:\Users\davidq\Documents\GitHub\arcade\QBWmagicLED\QBW_Magic_LED\bin\Release\
2015/01/04 00:54:44.249 ::: Debug -- Running: C:\Users\davidq\Documents\GitHub\arcade\QBWmagicLED\QBW_Magic_LED\bin\Release\
2015/01/04 00:54:44.249 ::: Debug -- Exe    : QBW.Magic.LED.exe
2015/01/04 00:54:44.249 ::: Debug -- ARGS   : dkong.txt
2015/01/04 00:54:44.259 ::: Debug -- Wait   : False
2015/01/04 00:54:44.289 ::: Debug -- WorkDir: C:\Windows\System32\
2015/01/04 00:54:44.289 ::: Debug -- Running: C:\Windows\System32\
2015/01/04 00:54:44.299 ::: Debug -- Exe    : taskkill.exe
2015/01/04 00:54:44.299 ::: Debug -- ARGS   : /T /F /FI "IMAGENAME eq MameButtons*"
2015/01/04 00:54:44.299 ::: Debug -- Wait   : True
2015/01/04 00:54:44.499 ::: Info -- INFO: No tasks running with the specified criteria.
2015/01/04 00:54:44.509 ::: Info -- Exit code :0
2015/01/04 00:54:44.509 ::: Debug -- WorkDir: C:\Users\davidq\Documents\GitHub\arcade\mameButtons\MameButtons\bin\Release\
2015/01/04 00:54:44.519 ::: Debug -- Running: C:\Users\davidq\Documents\GitHub\arcade\mameButtons\MameButtons\bin\Release\
2015/01/04 00:54:44.519 ::: Debug -- Exe    : MameButtons.exe
2015/01/04 00:54:44.529 ::: Debug -- ARGS   : dkong
2015/01/04 00:54:44.529 ::: Debug -- Wait   : False
2015/01/04 00:54:44.569 ::: Error -- Multi ROM found::
2015/01/04 00:54:44.569 ::: Error -- ---> C:\MAME\151b
2015/01/04 00:54:44.579 ::: Error -- ---> C:\MAME\145b\dkong.zip
2015/01/04 00:54:44.579 ::: Info -- -----------------------------------------------------------
2015/01/04 00:54:44.589 ::: Info -- MAME: C:\MAME\145b\mame64.exe dkong -joystick -nowindow -max
2015/01/04 00:54:44.589 ::: Debug -- WorkDir: C:\MAME\145b\
2015/01/04 00:54:44.589 ::: Debug -- Running: C:\MAME\145b\
2015/01/04 00:54:44.599 ::: Debug -- Exe    : mame64.exe
2015/01/04 00:54:44.599 ::: Debug -- ARGS   : dkong -joystick -nowindow -max
2015/01/04 00:54:44.609 ::: Debug -- Wait   : True
2015/01/04 00:54:47.772 ::: Error -- -----------------------------------------------------
2015/01/04 00:54:47.777 ::: Error -- Exception at EIP=00000000010710C2 (not found): ACCESS VIOLATION
2015/01/04 00:54:47.780 ::: Error -- While attempting to read memory at 0000000410D9F380
2015/01/04 00:54:47.780 ::: Error -- -----------------------------------------------------
2015/01/04 00:54:47.790 ::: Error -- RAX=0000000010DA0080 RBX=0000000000000000 RCX=00000000FFFFFCC0 RDX=0000000012120588
2015/01/04 00:54:47.800 ::: Error -- RSI=000000000F3F11C0 RDI=0000000000000000 RBP=0000000000000000 RSP=000000000D34F360
2015/01/04 00:54:47.800 ::: Error --  R8=0000000000000000  R9=00000000FFFEB29F R10=000000001212058C R11=0000000000008000
2015/01/04 00:54:47.810 ::: Error -- R12=0000000000000000 R13=00000000FFFEFFB6 R14=000000000000002D R15=000000000D34F4B0
2015/01/04 00:54:47.810 ::: Error -- -----------------------------------------------------
2015/01/04 00:54:47.820 ::: Error -- Stack crawl:
2015/01/04 00:54:47.820 ::: Error --   000000000D34F3D0: 00000000010710C2 (not found)
2015/01/04 00:54:47.830 ::: Error --   000000000D34F5C0: 0000000001072470 (not found)
2015/01/04 00:54:47.830 ::: Error --   000000000D34F8E0: 00000000010750AE (not found)
2015/01/04 00:54:47.830 ::: Error --   000000000D34F930: 0000000001049238 (not found)
2015/01/04 00:54:47.840 ::: Error --   000000000D34FA20: 000000000104C264 (not found)
2015/01/04 00:54:47.840 ::: Error --   000000000D34FAE0: 0000000076B79BD1 (TranslateMessageEx+0x02a1)
2015/01/04 00:54:47.850 ::: Error --   000000000D34FB30: 0000000076B73BFC (CallWindowProcW+0x009c)
2015/01/04 00:54:47.850 ::: Error --   000000000D34FB70: 0000000076B73B78 (CallWindowProcW+0x0018)
2015/01/04 00:54:47.860 ::: Error --   000000000D34FBB0: 000007FEF100B065 (DllUnregisterServer+0x0175)
2015/01/04 00:54:47.860 ::: Error --   000000000D34FC10: 000007FEF100B96F (DllUnregisterServer+0x0a7f)
2015/01/04 00:54:47.870 ::: Error --   000000000D34FC60: 000007FEF100B6DC (DllUnregisterServer+0x07ec)
2015/01/04 00:54:47.870 ::: Error --   000000000D34FCC0: 000007FEF100B96F (DllUnregisterServer+0x0a7f)
2015/01/04 00:54:47.880 ::: Error --   000000000D34FD20: 000007FEF100B7A1 (DllUnregisterServer+0x08b1)
2015/01/04 00:54:47.880 ::: Error --   000000000D34FDE0: 0000000076B79BD1 (TranslateMessageEx+0x02a1)
2015/01/04 00:54:47.880 ::: Error --   000000000D34FE60: 0000000076B798DA (TranslateMessage+0x01ea)
2015/01/04 00:54:47.890 ::: Error --   000000000D34FEF0: 000000000104A2FE (not found)
2015/01/04 00:54:47.890 ::: Error --   000000000D34FF20: 000007FEFEB4415F (srand+0x0093)
2015/01/04 00:54:47.900 ::: Error --   000000000D34FF50: 000007FEFEB46EBD (ftime64_s+0x01dd)
2015/01/04 00:54:47.900 ::: Error --   000000000D34FF80: 0000000076C759ED (BaseThreadInitThunk+0x000d)
2015/01/04 00:54:47.900 ::: Error --   000000000D34FFD0: 0000000076DAC541 (RtlUserThreadStart+0x0021)
2015/01/04 00:54:47.910 ::: Info -- Exit code :-1073741819
2015/01/04 00:54:47.910 ::: Debug -- WorkDir: C:\Windows\System32\
2015/01/04 00:54:47.920 ::: Debug -- Running: C:\Windows\System32\
2015/01/04 00:54:47.920 ::: Debug -- Exe    : taskkill.exe
2015/01/04 00:54:47.920 ::: Debug -- ARGS   : /T /F /FI "IMAGENAME eq QBW.Magic.LED*"
2015/01/04 00:54:47.930 ::: Debug -- Wait   : True
2015/01/04 00:54:48.110 ::: Info -- SUCCESS: The process with PID 96424 (child process of PID 285848) has been terminated.
2015/01/04 00:54:48.120 ::: Info -- Exit code :0
2015/01/04 00:54:48.120 ::: Debug -- WorkDir: C:\Users\davidq\Documents\GitHub\arcade\QBWmagicLED\QBW_Magic_LED\bin\Release\
2015/01/04 00:54:48.120 ::: Debug -- Running: C:\Users\davidq\Documents\GitHub\arcade\QBWmagicLED\QBW_Magic_LED\bin\Release\
2015/01/04 00:54:48.130 ::: Debug -- Exe    : QBW.Magic.LED.exe
2015/01/04 00:54:48.130 ::: Debug -- ARGS   : default.txt
2015/01/04 00:54:48.140 ::: Debug -- Wait   : False
2015/01/04 00:54:48.170 ::: Debug -- WorkDir: C:\Windows\System32\
2015/01/04 00:54:48.170 ::: Debug -- Running: C:\Windows\System32\
2015/01/04 00:54:48.180 ::: Debug -- Exe    : taskkill.exe
2015/01/04 00:54:48.180 ::: Debug -- ARGS   : /T /F /FI "IMAGENAME eq MameButtons*"
2015/01/04 00:54:48.190 ::: Debug -- Wait   : True
2015/01/04 00:54:48.390 ::: Info -- SUCCESS: The process with PID 115604 (child process of PID 285848) has been terminated.
2015/01/04 00:54:48.400 ::: Info -- Exit code :0
2015/01/04 00:54:48.410 ::: Debug -- Ending
2015/01/04 00:54:56.330 ::: Info -- ===========================================================
2015/01/04 00:54:56.350 ::: Info -- ===========================================================
2015/01/04 00:54:56.350 ::: Info -- ===========================================================
2015/01/04 00:54:56.360 ::: Debug -- Starting
2015/01/04 00:54:56.360 ::: Debug -- WorkDir: C:\Windows\System32\
2015/01/04 00:54:56.370 ::: Debug -- Running: C:\Windows\System32\
2015/01/04 00:54:56.370 ::: Debug -- Exe    : taskkill.exe
2015/01/04 00:54:56.380 ::: Debug -- ARGS   : /T /F /FI "IMAGENAME eq QBW.Magic.LED*"
2015/01/04 00:54:56.380 ::: Debug -- Wait   : True
2015/01/04 00:54:56.560 ::: Info -- SUCCESS: The process with PID 18496 (child process of PID 285848) has been terminated.
2015/01/04 00:54:56.570 ::: Info -- Exit code :0
2015/01/04 00:54:56.570 ::: Debug -- WorkDir: C:\Users\davidq\Documents\GitHub\arcade\QBWmagicLED\QBW_Magic_LED\bin\Release\
2015/01/04 00:54:56.580 ::: Debug -- Running: C:\Users\davidq\Documents\GitHub\arcade\QBWmagicLED\QBW_Magic_LED\bin\Release\
2015/01/04 00:54:56.580 ::: Debug -- Exe    : QBW.Magic.LED.exe
2015/01/04 00:54:56.590 ::: Debug -- ARGS   : qbert.txt
2015/01/04 00:54:56.590 ::: Debug -- Wait   : False
2015/01/04 00:54:56.620 ::: Debug -- WorkDir: C:\Windows\System32\
2015/01/04 00:54:56.630 ::: Debug -- Running: C:\Windows\System32\
2015/01/04 00:54:56.630 ::: Debug -- Exe    : taskkill.exe
2015/01/04 00:54:56.640 ::: Debug -- ARGS   : /T /F /FI "IMAGENAME eq MameButtons*"
2015/01/04 00:54:56.640 ::: Debug -- Wait   : True
2015/01/04 00:54:56.830 ::: Info -- INFO: No tasks running with the specified criteria.
2015/01/04 00:54:56.830 ::: Info -- Exit code :0
2015/01/04 00:54:56.840 ::: Debug -- WorkDir: C:\Users\davidq\Documents\GitHub\arcade\mameButtons\MameButtons\bin\Release\
2015/01/04 00:54:56.840 ::: Debug -- Running: C:\Users\davidq\Documents\GitHub\arcade\mameButtons\MameButtons\bin\Release\
2015/01/04 00:54:56.840 ::: Debug -- Exe    : MameButtons.exe
2015/01/04 00:54:56.850 ::: Debug -- ARGS   : qbert
2015/01/04 00:54:56.850 ::: Debug -- Wait   : False
2015/01/04 00:54:56.870 ::: Error -- Multi ROM found::
2015/01/04 00:54:56.880 ::: Error -- ---> C:\MAME\151b
2015/01/04 00:54:56.880 ::: Error -- ---> C:\MAME\145b\qbert.zip
2015/01/04 00:54:56.890 ::: Debug -- Running J2k
2015/01/04 00:54:56.890 ::: Debug -- WorkDir: C:\HyperSpin\J2K_A_Joystick_to_Keyboard_mapper_1.1_win32-MK2k\J2K\
2015/01/04 00:54:56.890 ::: Debug -- Running: C:\HyperSpin\J2K_A_Joystick_to_Keyboard_mapper_1.1_win32-MK2k\J2K\
2015/01/04 00:54:56.900 ::: Debug -- Exe    : J2K.exe
2015/01/04 00:54:56.900 ::: Debug -- ARGS   : qbert
2015/01/04 00:54:56.910 ::: Debug -- Wait   : False
2015/01/04 00:54:58.930 ::: Info -- -----------------------------------------------------------
2015/01/04 00:54:58.930 ::: Info -- MAME: C:\MAME\145b\mame64.exe qbert -joystick -nowindow -max
2015/01/04 00:54:58.930 ::: Debug -- WorkDir: C:\MAME\145b\
2015/01/04 00:54:58.940 ::: Debug -- Running: C:\MAME\145b\
2015/01/04 00:54:58.940 ::: Debug -- Exe    : mame64.exe
2015/01/04 00:54:58.940 ::: Debug -- ARGS   : qbert -joystick -nowindow -max
2015/01/04 00:54:58.950 ::: Debug -- Wait   : True
2015/01/04 00:55:00.618 ::: Error -- sample 'fx_17a' NOT FOUND
2015/01/04 00:55:00.624 ::: Error -- sample 'fx_17b' NOT FOUND
2015/01/04 00:55:00.625 ::: Error -- sample 'fx_17c' NOT FOUND
2015/01/04 00:55:00.635 ::: Error -- sample 'fx_17d' NOT FOUND
2015/01/04 00:55:00.635 ::: Error -- sample 'fx_17e' NOT FOUND
2015/01/04 00:55:00.635 ::: Error -- sample 'fx_17f' NOT FOUND
2015/01/04 00:55:00.645 ::: Error -- sample 'fx_17g' NOT FOUND
2015/01/04 00:55:00.645 ::: Error -- sample 'fx_17h' NOT FOUND
2015/01/04 00:55:00.655 ::: Error -- sample 'fx_18a' NOT FOUND
2015/01/04 00:55:00.655 ::: Error -- sample 'fx_18b' NOT FOUND
2015/01/04 00:55:00.665 ::: Error -- sample 'fx_18c' NOT FOUND
2015/01/04 00:55:00.665 ::: Error -- sample 'fx_18d' NOT FOUND
2015/01/04 00:55:00.675 ::: Error -- sample 'fx_18e' NOT FOUND
2015/01/04 00:55:00.675 ::: Error -- sample 'fx_18f' NOT FOUND
2015/01/04 00:55:00.685 ::: Error -- sample 'fx_18g' NOT FOUND
2015/01/04 00:55:00.685 ::: Error -- sample 'fx_18h' NOT FOUND
2015/01/04 00:55:00.695 ::: Error -- sample 'fx_19a' NOT FOUND
2015/01/04 00:55:00.695 ::: Error -- sample 'fx_19b' NOT FOUND
2015/01/04 00:55:00.705 ::: Error -- sample 'fx_19c' NOT FOUND
2015/01/04 00:55:00.705 ::: Error -- sample 'fx_19d' NOT FOUND
2015/01/04 00:55:00.715 ::: Error -- sample 'fx_19e' NOT FOUND
2015/01/04 00:55:00.715 ::: Error -- sample 'fx_19f' NOT FOUND
2015/01/04 00:55:00.725 ::: Error -- sample 'fx_19g' NOT FOUND
2015/01/04 00:55:00.725 ::: Error -- sample 'fx_19h' NOT FOUND
2015/01/04 00:55:00.735 ::: Error -- sample 'fx_20a' NOT FOUND
2015/01/04 00:55:00.735 ::: Error -- sample 'fx_20b' NOT FOUND
2015/01/04 00:55:00.745 ::: Error -- sample 'fx_20c' NOT FOUND
2015/01/04 00:55:00.745 ::: Error -- sample 'fx_20d' NOT FOUND
2015/01/04 00:55:00.745 ::: Error -- sample 'fx_20e' NOT FOUND
2015/01/04 00:55:00.755 ::: Error -- sample 'fx_20f' NOT FOUND
2015/01/04 00:55:00.755 ::: Error -- sample 'fx_20g' NOT FOUND
2015/01/04 00:55:00.765 ::: Error -- sample 'fx_20h' NOT FOUND
2015/01/04 00:55:00.765 ::: Error -- sample 'fx_21a' NOT FOUND
2015/01/04 00:55:00.775 ::: Error -- sample 'fx_21b' NOT FOUND
2015/01/04 00:55:00.775 ::: Error -- sample 'fx_21c' NOT FOUND
2015/01/04 00:55:00.775 ::: Error -- sample 'fx_21d' NOT FOUND
2015/01/04 00:55:00.785 ::: Error -- sample 'fx_21e' NOT FOUND
2015/01/04 00:55:00.785 ::: Error -- sample 'fx_21f' NOT FOUND
2015/01/04 00:55:00.795 ::: Error -- sample 'fx_21g' NOT FOUND
2015/01/04 00:55:00.795 ::: Error -- sample 'fx_21h' NOT FOUND
2015/01/04 00:55:00.805 ::: Error -- sample 'fx_22' NOT FOUND
2015/01/04 00:55:00.805 ::: Error -- sample 'fx_23' NOT FOUND
2015/01/04 00:55:00.805 ::: Error -- sample 'fx_28' NOT FOUND
2015/01/04 00:55:00.815 ::: Error -- sample 'fx_36' NOT FOUND
2015/01/04 00:55:00.815 ::: Error -- sample 'knocker' NOT FOUND
2015/01/04 00:55:00.825 ::: Error -- -----------------------------------------------------
2015/01/04 00:55:00.825 ::: Error -- Exception at EIP=00000000010710C2 (not found): ACCESS VIOLATION
2015/01/04 00:55:00.825 ::: Error -- While attempting to read memory at 0000000010931B24
2015/01/04 00:55:00.835 ::: Error -- -----------------------------------------------------
2015/01/04 00:55:00.835 ::: Error -- RAX=00000000106F0080 RBX=0000000000000000 RCX=00000000000906A9 RDX=0000000011900588
2015/01/04 00:55:00.845 ::: Error -- RSI=000000000F3C6A90 RDI=0000000000000000 RBP=0000000000000000 RSP=000000000D41F360
2015/01/04 00:55:00.845 ::: Error --  R8=0000000000000000  R9=0000000002C74D61 R10=000000001190058C R11=0000000003298000
2015/01/04 00:55:00.845 ::: Error -- R12=0000000000000000 R13=000000000001004A R14=000000000000002D R15=000000000D41F4B0
2015/01/04 00:55:00.855 ::: Error -- -----------------------------------------------------
2015/01/04 00:55:00.855 ::: Error -- Stack crawl:
2015/01/04 00:55:00.865 ::: Error --   000000000D41F3D0: 00000000010710C2 (not found)
2015/01/04 00:55:00.865 ::: Error --   000000000D41F5C0: 0000000001072470 (not found)
2015/01/04 00:55:00.865 ::: Error --   000000000D41F8E0: 00000000010750AE (not found)
2015/01/04 00:55:00.875 ::: Error --   000000000D41F930: 0000000001049238 (not found)
2015/01/04 00:55:00.875 ::: Error --   000000000D41FA20: 000000000104C264 (not found)
2015/01/04 00:55:00.875 ::: Error --   000000000D41FAE0: 0000000076B79BD1 (TranslateMessageEx+0x02a1)
2015/01/04 00:55:00.885 ::: Error --   000000000D41FB30: 0000000076B73BFC (CallWindowProcW+0x009c)
2015/01/04 00:55:00.885 ::: Error --   000000000D41FB70: 0000000076B73B78 (CallWindowProcW+0x0018)
2015/01/04 00:55:00.895 ::: Error --   000000000D41FBB0: 000007FEF1C9B065 (DllUnregisterServer+0x0175)
2015/01/04 00:55:00.895 ::: Error --   000000000D41FC10: 000007FEF1C9B96F (DllUnregisterServer+0x0a7f)
2015/01/04 00:55:00.895 ::: Error --   000000000D41FC60: 000007FEF1C9B6DC (DllUnregisterServer+0x07ec)
2015/01/04 00:55:00.905 ::: Error --   000000000D41FCC0: 000007FEF1C9B96F (DllUnregisterServer+0x0a7f)
2015/01/04 00:55:00.905 ::: Error --   000000000D41FD20: 000007FEF1C9B7A1 (DllUnregisterServer+0x08b1)
2015/01/04 00:55:00.905 ::: Error --   000000000D41FDE0: 0000000076B79BD1 (TranslateMessageEx+0x02a1)
2015/01/04 00:55:00.915 ::: Error --   000000000D41FE60: 0000000076B798DA (TranslateMessage+0x01ea)
2015/01/04 00:55:00.915 ::: Error --   000000000D41FEF0: 000000000104A2FE (not found)
2015/01/04 00:55:00.925 ::: Error --   000000000D41FF20: 000007FEFEB4415F (srand+0x0093)
2015/01/04 00:55:00.925 ::: Error --   000000000D41FF50: 000007FEFEB46EBD (ftime64_s+0x01dd)
2015/01/04 00:55:00.925 ::: Error --   000000000D41FF80: 0000000076C759ED (BaseThreadInitThunk+0x000d)
2015/01/04 00:55:00.935 ::: Error --   000000000D41FFD0: 0000000076DAC541 (RtlUserThreadStart+0x0021)
2015/01/04 00:55:00.935 ::: Info -- Exit code :-1073741819
2015/01/04 00:55:00.945 ::: Debug -- Killing J2k
2015/01/04 00:55:00.945 ::: Debug -- WorkDir: C:\Windows\System32\
2015/01/04 00:55:00.955 ::: Debug -- Running: C:\Windows\System32\
2015/01/04 00:55:00.955 ::: Debug -- Exe    : taskkill.exe
2015/01/04 00:55:00.955 ::: Debug -- ARGS   : /T /F /FI "IMAGENAME eq J2K.*"
2015/01/04 00:55:00.965 ::: Debug -- Wait   : True
2015/01/04 00:55:01.155 ::: Info -- SUCCESS: The process with PID 148180 (child process of PID 159772) has been terminated.
2015/01/04 00:55:01.165 ::: Info -- Exit code :0
2015/01/04 00:55:01.175 ::: Debug -- WorkDir: C:\Windows\System32\
2015/01/04 00:55:01.175 ::: Debug -- Running: C:\Windows\System32\
2015/01/04 00:55:01.175 ::: Debug -- Exe    : taskkill.exe
2015/01/04 00:55:01.185 ::: Debug -- ARGS   : /T /F /FI "IMAGENAME eq QBW.Magic.LED*"
2015/01/04 00:55:01.185 ::: Debug -- Wait   : True
2015/01/04 00:55:01.355 ::: Info -- SUCCESS: The process with PID 133640 (child process of PID 159772) has been terminated.
2015/01/04 00:55:01.365 ::: Info -- Exit code :0
2015/01/04 00:55:01.365 ::: Debug -- WorkDir: C:\Users\davidq\Documents\GitHub\arcade\QBWmagicLED\QBW_Magic_LED\bin\Release\
2015/01/04 00:55:01.375 ::: Debug -- Running: C:\Users\davidq\Documents\GitHub\arcade\QBWmagicLED\QBW_Magic_LED\bin\Release\
2015/01/04 00:55:01.375 ::: Debug -- Exe    : QBW.Magic.LED.exe
2015/01/04 00:55:01.375 ::: Debug -- ARGS   : default.txt
2015/01/04 00:55:01.375 ::: Debug -- Wait   : False
2015/01/04 00:55:01.405 ::: Debug -- WorkDir: C:\Windows\System32\
2015/01/04 00:55:01.405 ::: Debug -- Running: C:\Windows\System32\
2015/01/04 00:55:01.405 ::: Debug -- Exe    : taskkill.exe
2015/01/04 00:55:01.415 ::: Debug -- ARGS   : /T /F /FI "IMAGENAME eq MameButtons*"
2015/01/04 00:55:01.415 ::: Debug -- Wait   : True
2015/01/04 00:55:01.605 ::: Info -- SUCCESS: The process with PID 157552 (child process of PID 159772) has been terminated.
2015/01/04 00:55:01.615 ::: Info -- Exit code :0
2015/01/04 00:55:01.615 ::: Debug -- Ending
2015/01/04 00:55:23.639 ::: Info -- ===========================================================
2015/01/04 00:55:23.659 ::: Info -- ===========================================================
2015/01/04 00:55:23.659 ::: Info -- ===========================================================
2015/01/04 00:55:23.659 ::: Debug -- Starting
2015/01/04 00:55:23.669 ::: Debug -- WorkDir: C:\Windows\System32\
2015/01/04 00:55:23.679 ::: Debug -- Running: C:\Windows\System32\
2015/01/04 00:55:23.679 ::: Debug -- Exe    : taskkill.exe
2015/01/04 00:55:23.689 ::: Debug -- ARGS   : /T /F /FI "IMAGENAME eq QBW.Magic.LED*"
2015/01/04 00:55:23.689 ::: Debug -- Wait   : True
2015/01/04 00:55:23.859 ::: Info -- SUCCESS: The process with PID 163264 (child process of PID 159772) has been terminated.
2015/01/04 00:55:23.859 ::: Info -- Exit code :0
2015/01/04 00:55:23.869 ::: Debug -- WorkDir: C:\Users\davidq\Documents\GitHub\arcade\QBWmagicLED\QBW_Magic_LED\bin\Release\
2015/01/04 00:55:23.869 ::: Debug -- Running: C:\Users\davidq\Documents\GitHub\arcade\QBWmagicLED\QBW_Magic_LED\bin\Release\
2015/01/04 00:55:23.879 ::: Debug -- Exe    : QBW.Magic.LED.exe
2015/01/04 00:55:23.879 ::: Debug -- ARGS   : qbert.txt
2015/01/04 00:55:23.879 ::: Debug -- Wait   : False
2015/01/04 00:55:23.899 ::: Debug -- WorkDir: C:\Windows\System32\
2015/01/04 00:55:23.909 ::: Debug -- Running: C:\Windows\System32\
2015/01/04 00:55:23.909 ::: Debug -- Exe    : taskkill.exe
2015/01/04 00:55:23.919 ::: Debug -- ARGS   : /T /F /FI "IMAGENAME eq MameButtons*"
2015/01/04 00:55:23.919 ::: Debug -- Wait   : True
2015/01/04 00:55:24.119 ::: Info -- INFO: No tasks running with the specified criteria.
2015/01/04 00:55:24.119 ::: Info -- Exit code :0
2015/01/04 00:55:24.129 ::: Debug -- WorkDir: C:\Users\davidq\Documents\GitHub\arcade\mameButtons\MameButtons\bin\Release\
2015/01/04 00:55:24.129 ::: Debug -- Running: C:\Users\davidq\Documents\GitHub\arcade\mameButtons\MameButtons\bin\Release\
2015/01/04 00:55:24.129 ::: Debug -- Exe    : MameButtons.exe
2015/01/04 00:55:24.139 ::: Debug -- ARGS   : qbert
2015/01/04 00:55:24.139 ::: Debug -- Wait   : False
2015/01/04 00:55:24.169 ::: Error -- Multi ROM found::
2015/01/04 00:55:24.169 ::: Error -- ---> C:\MAME\151b
2015/01/04 00:55:24.179 ::: Error -- ---> C:\MAME\145b\qbert.zip
2015/01/04 00:55:24.179 ::: Debug -- Running J2k
2015/01/04 00:55:24.179 ::: Debug -- WorkDir: C:\HyperSpin\J2K_A_Joystick_to_Keyboard_mapper_1.1_win32-MK2k\J2K\
2015/01/04 00:55:24.189 ::: Debug -- Running: C:\HyperSpin\J2K_A_Joystick_to_Keyboard_mapper_1.1_win32-MK2k\J2K\
2015/01/04 00:55:24.189 ::: Debug -- Exe    : J2K.exe
2015/01/04 00:55:24.199 ::: Debug -- ARGS   : qbert
2015/01/04 00:55:24.199 ::: Debug -- Wait   : False
2015/01/04 00:55:26.219 ::: Info -- -----------------------------------------------------------
2015/01/04 00:55:26.219 ::: Info -- MAME: C:\MAME\145b\mame64.exe qbert -joystick -nowindow -max
2015/01/04 00:55:26.219 ::: Debug -- WorkDir: C:\MAME\145b\
2015/01/04 00:55:26.229 ::: Debug -- Running: C:\MAME\145b\
2015/01/04 00:55:26.229 ::: Debug -- Exe    : mame64.exe
2015/01/04 00:55:26.239 ::: Debug -- ARGS   : qbert -joystick -nowindow -max
2015/01/04 00:55:26.239 ::: Debug -- Wait   : True
2015/01/04 00:57:21.466 ::: Info -- Average speed: 99.66% (112 seconds)
2015/01/04 00:57:21.466 ::: Error -- sample 'fx_17a' NOT FOUND
2015/01/04 00:57:21.476 ::: Error -- sample 'fx_17b' NOT FOUND
2015/01/04 00:57:21.476 ::: Error -- sample 'fx_17c' NOT FOUND
2015/01/04 00:57:21.486 ::: Error -- sample 'fx_17d' NOT FOUND
2015/01/04 00:57:21.486 ::: Error -- sample 'fx_17e' NOT FOUND
2015/01/04 00:57:21.496 ::: Error -- sample 'fx_17f' NOT FOUND
2015/01/04 00:57:21.496 ::: Error -- sample 'fx_17g' NOT FOUND
2015/01/04 00:57:21.506 ::: Error -- sample 'fx_17h' NOT FOUND
2015/01/04 00:57:21.506 ::: Error -- sample 'fx_18a' NOT FOUND
2015/01/04 00:57:21.506 ::: Error -- sample 'fx_18b' NOT FOUND
2015/01/04 00:57:21.516 ::: Error -- sample 'fx_18c' NOT FOUND
2015/01/04 00:57:21.516 ::: Error -- sample 'fx_18d' NOT FOUND
2015/01/04 00:57:21.526 ::: Error -- sample 'fx_18e' NOT FOUND
2015/01/04 00:57:21.526 ::: Error -- sample 'fx_18f' NOT FOUND
2015/01/04 00:57:21.526 ::: Error -- sample 'fx_18g' NOT FOUND
2015/01/04 00:57:21.536 ::: Error -- sample 'fx_18h' NOT FOUND
2015/01/04 00:57:21.536 ::: Error -- sample 'fx_19a' NOT FOUND
2015/01/04 00:57:21.546 ::: Error -- sample 'fx_19b' NOT FOUND
2015/01/04 00:57:21.546 ::: Error -- sample 'fx_19c' NOT FOUND
2015/01/04 00:57:21.546 ::: Error -- sample 'fx_19d' NOT FOUND
2015/01/04 00:57:21.556 ::: Error -- sample 'fx_19e' NOT FOUND
2015/01/04 00:57:21.556 ::: Error -- sample 'fx_19f' NOT FOUND
2015/01/04 00:57:21.566 ::: Error -- sample 'fx_19g' NOT FOUND
2015/01/04 00:57:21.566 ::: Error -- sample 'fx_19h' NOT FOUND
2015/01/04 00:57:21.566 ::: Error -- sample 'fx_20a' NOT FOUND
2015/01/04 00:57:21.576 ::: Error -- sample 'fx_20b' NOT FOUND
2015/01/04 00:57:21.576 ::: Error -- sample 'fx_20c' NOT FOUND
2015/01/04 00:57:21.586 ::: Error -- sample 'fx_20d' NOT FOUND
2015/01/04 00:57:21.586 ::: Error -- sample 'fx_20e' NOT FOUND
2015/01/04 00:57:21.586 ::: Error -- sample 'fx_20f' NOT FOUND
2015/01/04 00:57:21.596 ::: Error -- sample 'fx_20g' NOT FOUND
2015/01/04 00:57:21.596 ::: Error -- sample 'fx_20h' NOT FOUND
2015/01/04 00:57:21.596 ::: Error -- sample 'fx_21a' NOT FOUND
2015/01/04 00:57:21.606 ::: Error -- sample 'fx_21b' NOT FOUND
2015/01/04 00:57:21.606 ::: Error -- sample 'fx_21c' NOT FOUND
2015/01/04 00:57:21.616 ::: Error -- sample 'fx_21d' NOT FOUND
2015/01/04 00:57:21.616 ::: Error -- sample 'fx_21e' NOT FOUND
2015/01/04 00:57:21.616 ::: Error -- sample 'fx_21f' NOT FOUND
2015/01/04 00:57:21.626 ::: Error -- sample 'fx_21g' NOT FOUND
2015/01/04 00:57:21.626 ::: Error -- sample 'fx_21h' NOT FOUND
2015/01/04 00:57:21.626 ::: Error -- sample 'fx_22' NOT FOUND
2015/01/04 00:57:21.636 ::: Error -- sample 'fx_23' NOT FOUND
2015/01/04 00:57:21.636 ::: Error -- sample 'fx_28' NOT FOUND
2015/01/04 00:57:21.646 ::: Error -- sample 'fx_36' NOT FOUND
2015/01/04 00:57:21.646 ::: Error -- sample 'knocker' NOT FOUND
2015/01/04 00:57:21.646 ::: Info -- Exit code :0
2015/01/04 00:57:21.656 ::: Debug -- Killing J2k
2015/01/04 00:57:21.656 ::: Debug -- WorkDir: C:\Windows\System32\
2015/01/04 00:57:21.666 ::: Debug -- Running: C:\Windows\System32\
2015/01/04 00:57:21.666 ::: Debug -- Exe    : taskkill.exe
2015/01/04 00:57:21.666 ::: Debug -- ARGS   : /T /F /FI "IMAGENAME eq J2K.*"
2015/01/04 00:57:21.676 ::: Debug -- Wait   : True
2015/01/04 00:57:21.896 ::: Info -- SUCCESS: The process with PID 172808 (child process of PID 204020) has been terminated.
2015/01/04 00:57:21.906 ::: Info -- Exit code :0
2015/01/04 00:57:21.906 ::: Debug -- WorkDir: C:\Windows\System32\
2015/01/04 00:57:21.916 ::: Debug -- Running: C:\Windows\System32\
2015/01/04 00:57:21.916 ::: Debug -- Exe    : taskkill.exe
2015/01/04 00:57:21.916 ::: Debug -- ARGS   : /T /F /FI "IMAGENAME eq QBW.Magic.LED*"
2015/01/04 00:57:21.926 ::: Debug -- Wait   : True
2015/01/04 00:57:22.086 ::: Info -- SUCCESS: The process with PID 131792 (child process of PID 204020) has been terminated.
2015/01/04 00:57:22.096 ::: Info -- Exit code :0
2015/01/04 00:57:22.096 ::: Debug -- WorkDir: C:\Users\davidq\Documents\GitHub\arcade\QBWmagicLED\QBW_Magic_LED\bin\Release\
2015/01/04 00:57:22.106 ::: Debug -- Running: C:\Users\davidq\Documents\GitHub\arcade\QBWmagicLED\QBW_Magic_LED\bin\Release\
2015/01/04 00:57:22.106 ::: Debug -- Exe    : QBW.Magic.LED.exe
2015/01/04 00:57:22.106 ::: Debug -- ARGS   : default.txt
2015/01/04 00:57:22.116 ::: Debug -- Wait   : False
2015/01/04 00:57:22.136 ::: Debug -- WorkDir: C:\Windows\System32\
2015/01/04 00:57:22.146 ::: Debug -- Running: C:\Windows\System32\
2015/01/04 00:57:22.146 ::: Debug -- Exe    : taskkill.exe
2015/01/04 00:57:22.156 ::: Debug -- ARGS   : /T /F /FI "IMAGENAME eq MameButtons*"
2015/01/04 00:57:22.156 ::: Debug -- Wait   : True
2015/01/04 00:57:22.346 ::: Info -- SUCCESS: The process with PID 90528 (child process of PID 204020) has been terminated.
2015/01/04 00:57:22.346 ::: Info -- Exit code :0
2015/01/04 00:57:22.356 ::: Debug -- Ending
2015/01/04 00:57:26.598 ::: Info -- ===========================================================
2015/01/04 00:57:26.618 ::: Info -- ===========================================================
2015/01/04 00:57:26.628 ::: Info -- ===========================================================
2015/01/04 00:57:26.628 ::: Debug -- Starting
2015/01/04 00:57:26.638 ::: Debug -- WorkDir: C:\Windows\System32\
2015/01/04 00:57:26.638 ::: Debug -- Running: C:\Windows\System32\
2015/01/04 00:57:26.648 ::: Debug -- Exe    : taskkill.exe
2015/01/04 00:57:26.648 ::: Debug -- ARGS   : /T /F /FI "IMAGENAME eq QBW.Magic.LED*"
2015/01/04 00:57:26.648 ::: Debug -- Wait   : True
2015/01/04 00:57:26.808 ::: Info -- SUCCESS: The process with PID 177760 (child process of PID 204020) has been terminated.
2015/01/04 00:57:26.808 ::: Info -- Exit code :0
2015/01/04 00:57:26.818 ::: Debug -- WorkDir: C:\Users\davidq\Documents\GitHub\arcade\QBWmagicLED\QBW_Magic_LED\bin\Release\
2015/01/04 00:57:26.818 ::: Debug -- Running: C:\Users\davidq\Documents\GitHub\arcade\QBWmagicLED\QBW_Magic_LED\bin\Release\
2015/01/04 00:57:26.818 ::: Debug -- Exe    : QBW.Magic.LED.exe
2015/01/04 00:57:26.828 ::: Debug -- ARGS   : dkong.txt
2015/01/04 00:57:26.828 ::: Debug -- Wait   : False
2015/01/04 00:57:26.848 ::: Debug -- WorkDir: C:\Windows\System32\
2015/01/04 00:57:26.858 ::: Debug -- Running: C:\Windows\System32\
2015/01/04 00:57:26.858 ::: Debug -- Exe    : taskkill.exe
2015/01/04 00:57:26.858 ::: Debug -- ARGS   : /T /F /FI "IMAGENAME eq MameButtons*"
2015/01/04 00:57:26.868 ::: Debug -- Wait   : True
2015/01/04 00:57:27.048 ::: Info -- INFO: No tasks running with the specified criteria.
2015/01/04 00:57:27.058 ::: Info -- Exit code :0
2015/01/04 00:57:27.058 ::: Debug -- WorkDir: C:\Users\davidq\Documents\GitHub\arcade\mameButtons\MameButtons\bin\Release\
2015/01/04 00:57:27.068 ::: Debug -- Running: C:\Users\davidq\Documents\GitHub\arcade\mameButtons\MameButtons\bin\Release\
2015/01/04 00:57:27.068 ::: Debug -- Exe    : MameButtons.exe
2015/01/04 00:57:27.068 ::: Debug -- ARGS   : dkong
2015/01/04 00:57:27.078 ::: Debug -- Wait   : False
2015/01/04 00:57:27.108 ::: Error -- Multi ROM found::
2015/01/04 00:57:27.118 ::: Error -- ---> C:\MAME\151b
2015/01/04 00:57:27.118 ::: Error -- ---> C:\MAME\145b\dkong.zip
2015/01/04 00:57:27.128 ::: Info -- -----------------------------------------------------------
2015/01/04 00:57:27.128 ::: Info -- MAME: C:\MAME\145b\mame64.exe dkong -joystick -nowindow -max
2015/01/04 00:57:27.128 ::: Debug -- WorkDir: C:\MAME\145b\
2015/01/04 00:57:27.138 ::: Debug -- Running: C:\MAME\145b\
2015/01/04 00:57:27.138 ::: Debug -- Exe    : mame64.exe
2015/01/04 00:57:27.138 ::: Debug -- ARGS   : dkong -joystick -nowindow -max
2015/01/04 00:57:27.148 ::: Debug -- Wait   : True
2015/01/04 00:57:32.158 ::: Info -- Average speed: 100.00% (3 seconds)
2015/01/04 00:57:32.168 ::: Info -- Exit code :0
2015/01/04 00:57:32.168 ::: Debug -- WorkDir: C:\Windows\System32\
2015/01/04 00:57:32.178 ::: Debug -- Running: C:\Windows\System32\
2015/01/04 00:57:32.178 ::: Debug -- Exe    : taskkill.exe
2015/01/04 00:57:32.178 ::: Debug -- ARGS   : /T /F /FI "IMAGENAME eq QBW.Magic.LED*"
2015/01/04 00:57:32.188 ::: Debug -- Wait   : True
2015/01/04 00:57:32.368 ::: Info -- SUCCESS: The process with PID 189448 (child process of PID 162636) has been terminated.
2015/01/04 00:57:32.378 ::: Info -- Exit code :0
2015/01/04 00:57:32.378 ::: Debug -- WorkDir: C:\Users\davidq\Documents\GitHub\arcade\QBWmagicLED\QBW_Magic_LED\bin\Release\
2015/01/04 00:57:32.378 ::: Debug -- Running: C:\Users\davidq\Documents\GitHub\arcade\QBWmagicLED\QBW_Magic_LED\bin\Release\
2015/01/04 00:57:32.388 ::: Debug -- Exe    : QBW.Magic.LED.exe
2015/01/04 00:57:32.388 ::: Debug -- ARGS   : default.txt
2015/01/04 00:57:32.398 ::: Debug -- Wait   : False
2015/01/04 00:57:32.418 ::: Debug -- WorkDir: C:\Windows\System32\
2015/01/04 00:57:32.428 ::: Debug -- Running: C:\Windows\System32\
2015/01/04 00:57:32.428 ::: Debug -- Exe    : taskkill.exe
2015/01/04 00:57:32.428 ::: Debug -- ARGS   : /T /F /FI "IMAGENAME eq MameButtons*"
2015/01/04 00:57:32.438 ::: Debug -- Wait   : True
2015/01/04 00:57:32.638 ::: Info -- SUCCESS: The process with PID 189648 (child process of PID 162636) has been terminated.
2015/01/04 00:57:32.648 ::: Info -- Exit code :0
2015/01/04 00:57:32.658 ::: Debug -- Ending
2015/01/04 00:57:34.978 ::: Info -- ===========================================================
2015/01/04 00:57:34.998 ::: Info -- ===========================================================
2015/01/04 00:57:34.998 ::: Info -- ===========================================================
2015/01/04 00:57:35.008 ::: Debug -- Starting
2015/01/04 00:57:35.008 ::: Debug -- WorkDir: C:\Windows\System32\
2015/01/04 00:57:35.018 ::: Debug -- Running: C:\Windows\System32\
2015/01/04 00:57:35.018 ::: Debug -- Exe    : taskkill.exe
2015/01/04 00:57:35.028 ::: Debug -- ARGS   : /T /F /FI "IMAGENAME eq QBW.Magic.LED*"
2015/01/04 00:57:35.028 ::: Debug -- Wait   : True
2015/01/04 00:57:35.208 ::: Info -- SUCCESS: The process with PID 164908 (child process of PID 162636) has been terminated.
2015/01/04 00:57:35.218 ::: Info -- Exit code :0
2015/01/04 00:57:35.218 ::: Debug -- WorkDir: C:\Users\davidq\Documents\GitHub\arcade\QBWmagicLED\QBW_Magic_LED\bin\Release\
2015/01/04 00:57:35.228 ::: Debug -- Running: C:\Users\davidq\Documents\GitHub\arcade\QBWmagicLED\QBW_Magic_LED\bin\Release\
2015/01/04 00:57:35.228 ::: Debug -- Exe    : QBW.Magic.LED.exe
2015/01/04 00:57:35.238 ::: Debug -- ARGS   : qbert.txt
2015/01/04 00:57:35.238 ::: Debug -- Wait   : False
2015/01/04 00:57:35.268 ::: Debug -- WorkDir: C:\Windows\System32\
2015/01/04 00:57:35.268 ::: Debug -- Running: C:\Windows\System32\
2015/01/04 00:57:35.268 ::: Debug -- Exe    : taskkill.exe
2015/01/04 00:57:35.278 ::: Debug -- ARGS   : /T /F /FI "IMAGENAME eq MameButtons*"
2015/01/04 00:57:35.278 ::: Debug -- Wait   : True
2015/01/04 00:57:35.468 ::: Info -- INFO: No tasks running with the specified criteria.
2015/01/04 00:57:35.478 ::: Info -- Exit code :0
2015/01/04 00:57:35.478 ::: Debug -- WorkDir: C:\Users\davidq\Documents\GitHub\arcade\mameButtons\MameButtons\bin\Release\
2015/01/04 00:57:35.488 ::: Debug -- Running: C:\Users\davidq\Documents\GitHub\arcade\mameButtons\MameButtons\bin\Release\
2015/01/04 00:57:35.488 ::: Debug -- Exe    : MameButtons.exe
2015/01/04 00:57:35.498 ::: Debug -- ARGS   : qbert
2015/01/04 00:57:35.498 ::: Debug -- Wait   : False
2015/01/04 00:57:35.528 ::: Error -- Multi ROM found::
2015/01/04 00:57:35.528 ::: Error -- ---> C:\MAME\151b
2015/01/04 00:57:35.528 ::: Error -- ---> C:\MAME\145b\qbert.zip
2015/01/04 00:57:35.538 ::: Debug -- Running J2k
2015/01/04 00:57:35.538 ::: Debug -- WorkDir: C:\HyperSpin\J2K_A_Joystick_to_Keyboard_mapper_1.1_win32-MK2k\J2K\
2015/01/04 00:57:35.548 ::: Debug -- Running: C:\HyperSpin\J2K_A_Joystick_to_Keyboard_mapper_1.1_win32-MK2k\J2K\
2015/01/04 00:57:35.548 ::: Debug -- Exe    : J2K.exe
2015/01/04 00:57:35.548 ::: Debug -- ARGS   : qbert
2015/01/04 00:57:35.558 ::: Debug -- Wait   : False
2015/01/04 00:57:37.588 ::: Info -- -----------------------------------------------------------
2015/01/04 00:57:37.588 ::: Info -- MAME: C:\MAME\145b\mame64.exe qbert -joystick -nowindow -max
2015/01/04 00:57:37.588 ::: Debug -- WorkDir: C:\MAME\145b\
2015/01/04 00:57:37.598 ::: Debug -- Running: C:\MAME\145b\
2015/01/04 00:57:37.598 ::: Debug -- Exe    : mame64.exe
2015/01/04 00:57:37.598 ::: Debug -- ARGS   : qbert -joystick -nowindow -max
2015/01/04 00:57:37.608 ::: Debug -- Wait   : True
2015/01/04 00:57:52.613 ::: Info -- Average speed: 99.55% (13 seconds)
2015/01/04 00:57:52.613 ::: Error -- sample 'fx_17a' NOT FOUND
2015/01/04 00:57:52.623 ::: Error -- sample 'fx_17b' NOT FOUND
2015/01/04 00:57:52.623 ::: Error -- sample 'fx_17c' NOT FOUND
2015/01/04 00:57:52.633 ::: Error -- sample 'fx_17d' NOT FOUND
2015/01/04 00:57:52.633 ::: Error -- sample 'fx_17e' NOT FOUND
2015/01/04 00:57:52.643 ::: Error -- sample 'fx_17f' NOT FOUND
2015/01/04 00:57:52.643 ::: Error -- sample 'fx_17g' NOT FOUND
2015/01/04 00:57:52.653 ::: Error -- sample 'fx_17h' NOT FOUND
2015/01/04 00:57:52.653 ::: Error -- sample 'fx_18a' NOT FOUND
2015/01/04 00:57:52.653 ::: Error -- sample 'fx_18b' NOT FOUND
2015/01/04 00:57:52.663 ::: Error -- sample 'fx_18c' NOT FOUND
2015/01/04 00:57:52.663 ::: Error -- sample 'fx_18d' NOT FOUND
2015/01/04 00:57:52.673 ::: Error -- sample 'fx_18e' NOT FOUND
2015/01/04 00:57:52.673 ::: Error -- sample 'fx_18f' NOT FOUND
2015/01/04 00:57:52.673 ::: Error -- sample 'fx_18g' NOT FOUND
2015/01/04 00:57:52.683 ::: Error -- sample 'fx_18h' NOT FOUND
2015/01/04 00:57:52.683 ::: Error -- sample 'fx_19a' NOT FOUND
2015/01/04 00:57:52.693 ::: Error -- sample 'fx_19b' NOT FOUND
2015/01/04 00:57:52.693 ::: Error -- sample 'fx_19c' NOT FOUND
2015/01/04 00:57:52.693 ::: Error -- sample 'fx_19d' NOT FOUND
2015/01/04 00:57:52.703 ::: Error -- sample 'fx_19e' NOT FOUND
2015/01/04 00:57:52.703 ::: Error -- sample 'fx_19f' NOT FOUND
2015/01/04 00:57:52.703 ::: Error -- sample 'fx_19g' NOT FOUND
2015/01/04 00:57:52.713 ::: Error -- sample 'fx_19h' NOT FOUND
2015/01/04 00:57:52.713 ::: Error -- sample 'fx_20a' NOT FOUND
2015/01/04 00:57:52.723 ::: Error -- sample 'fx_20b' NOT FOUND
2015/01/04 00:57:52.723 ::: Error -- sample 'fx_20c' NOT FOUND
2015/01/04 00:57:52.723 ::: Error -- sample 'fx_20d' NOT FOUND
2015/01/04 00:57:52.733 ::: Error -- sample 'fx_20e' NOT FOUND
2015/01/04 00:57:52.733 ::: Error -- sample 'fx_20f' NOT FOUND
2015/01/04 00:57:52.743 ::: Error -- sample 'fx_20g' NOT FOUND
2015/01/04 00:57:52.743 ::: Error -- sample 'fx_20h' NOT FOUND
2015/01/04 00:57:52.743 ::: Error -- sample 'fx_21a' NOT FOUND
2015/01/04 00:57:52.753 ::: Error -- sample 'fx_21b' NOT FOUND
2015/01/04 00:57:52.753 ::: Error -- sample 'fx_21c' NOT FOUND
2015/01/04 00:57:52.763 ::: Error -- sample 'fx_21d' NOT FOUND
2015/01/04 00:57:52.763 ::: Error -- sample 'fx_21e' NOT FOUND
2015/01/04 00:57:52.763 ::: Error -- sample 'fx_21f' NOT FOUND
2015/01/04 00:57:52.773 ::: Error -- sample 'fx_21g' NOT FOUND
2015/01/04 00:57:52.773 ::: Error -- sample 'fx_21h' NOT FOUND
2015/01/04 00:57:52.783 ::: Error -- sample 'fx_22' NOT FOUND
2015/01/04 00:57:52.783 ::: Error -- sample 'fx_23' NOT FOUND
2015/01/04 00:57:52.793 ::: Error -- sample 'fx_28' NOT FOUND
2015/01/04 00:57:52.793 ::: Error -- sample 'fx_36' NOT FOUND
2015/01/04 00:57:52.793 ::: Error -- sample 'knocker' NOT FOUND
2015/01/04 00:57:52.803 ::: Info -- Exit code :0
2015/01/04 00:57:52.803 ::: Debug -- Killing J2k
2015/01/04 00:57:52.803 ::: Debug -- WorkDir: C:\Windows\System32\
2015/01/04 00:57:52.813 ::: Debug -- Running: C:\Windows\System32\
2015/01/04 00:57:52.813 ::: Debug -- Exe    : taskkill.exe
2015/01/04 00:57:52.823 ::: Debug -- ARGS   : /T /F /FI "IMAGENAME eq J2K.*"
2015/01/04 00:57:52.823 ::: Debug -- Wait   : True
2015/01/04 00:57:53.013 ::: Info -- SUCCESS: The process with PID 159712 (child process of PID 187684) has been terminated.
2015/01/04 00:57:53.023 ::: Info -- Exit code :0
2015/01/04 00:57:53.033 ::: Debug -- WorkDir: C:\Windows\System32\
2015/01/04 00:57:53.033 ::: Debug -- Running: C:\Windows\System32\
2015/01/04 00:57:53.033 ::: Debug -- Exe    : taskkill.exe
2015/01/04 00:57:53.043 ::: Debug -- ARGS   : /T /F /FI "IMAGENAME eq QBW.Magic.LED*"
2015/01/04 00:57:53.043 ::: Debug -- Wait   : True
2015/01/04 00:57:53.213 ::: Info -- SUCCESS: The process with PID 196512 (child process of PID 187684) has been terminated.
2015/01/04 00:57:53.223 ::: Info -- Exit code :0
2015/01/04 00:57:53.223 ::: Debug -- WorkDir: C:\Users\davidq\Documents\GitHub\arcade\QBWmagicLED\QBW_Magic_LED\bin\Release\
2015/01/04 00:57:53.233 ::: Debug -- Running: C:\Users\davidq\Documents\GitHub\arcade\QBWmagicLED\QBW_Magic_LED\bin\Release\
2015/01/04 00:57:53.233 ::: Debug -- Exe    : QBW.Magic.LED.exe
2015/01/04 00:57:53.233 ::: Debug -- ARGS   : default.txt
2015/01/04 00:57:53.243 ::: Debug -- Wait   : False
2015/01/04 00:57:53.263 ::: Debug -- WorkDir: C:\Windows\System32\
2015/01/04 00:57:53.273 ::: Debug -- Running: C:\Windows\System32\
2015/01/04 00:57:53.273 ::: Debug -- Exe    : taskkill.exe
2015/01/04 00:57:53.273 ::: Debug -- ARGS   : /T /F /FI "IMAGENAME eq MameButtons*"
2015/01/04 00:57:53.283 ::: Debug -- Wait   : True
2015/01/04 00:57:53.463 ::: Info -- SUCCESS: The process with PID 71224 (child process of PID 187684) has been terminated.
2015/01/04 00:57:53.473 ::: Info -- Exit code :0
2015/01/04 00:57:53.473 ::: Debug -- Ending
