2014/12/28 20:00:13.041 ::: Info -- =========================================================
2014/12/28 20:00:14.021 ::: Info -- Arg[0]: pacman.txt
2014/12/28 20:00:14.031 ::: Info -- Runfile:::pacman.txt
2014/12/28 20:00:14.031 ::: Error -- SKIPPING --> File NOT found::: ./led/pacman.txt.
2014/12/28 20:02:29.308 ::: Info -- =========================================================
2014/12/28 20:02:30.018 ::: Info -- Arg[0]: pacman.txt
2014/12/28 20:02:30.028 ::: Info -- Runfile:::pacman.txt
2014/12/28 20:02:30.028 ::: Error -- SKIPPING --> File NOT found::: ./led/pacman.txt.
2014/12/28 20:02:34.428 ::: Info -- Runfile:::default.txt
2014/12/28 20:02:34.508 ::: Info -- Runfile:::dotcorrect.txt
2014/12/28 20:03:14.408 ::: Error -- Error on line: 10 CMD: C 10 20 30  

2014/12/28 20:03:14.478 ::: Info -- Runfile:::default.hyperspin.txt
2014/12/28 20:03:14.488 ::: Error -- SKIPPING --> File NOT found::: ./led/default.hyperspin.txt.
2014/12/28 20:03:14.608 ::: Info -- Runfile:::dotcorrect.txt
2014/12/28 20:03:49.409 ::: Info -- =========================================================
2014/12/28 20:03:50.189 ::: Info -- Arg[0]: pacman.txt
2014/12/28 20:03:50.199 ::: Info -- Runfile:::pacman.txt
2014/12/28 20:03:50.209 ::: Error -- SKIPPING --> File NOT found::: ./led/pacman.txt.
2014/12/28 20:03:53.109 ::: Info -- Runfile:::default.txt
2014/12/28 20:03:53.119 ::: Info -- Runfile:::dotcorrect.txt
2014/12/28 20:03:55.999 ::: Info -- Runfile:::default.hyperspin.txt
2014/12/28 20:03:56.009 ::: Error -- SKIPPING --> File NOT found::: ./led/default.hyperspin.txt.
2014/12/28 20:03:56.049 ::: Info -- Runfile:::dotcorrect.txt
2014/12/28 20:04:11.559 ::: Info -- Runfile:::default.led.txt
2014/12/28 20:04:14.849 ::: Info -- Runfile:::default.txt
2014/12/28 20:04:14.859 ::: Info -- Runfile:::dotcorrect.txt
2014/12/28 20:07:02.506 ::: Info -- Runfile:::default.hyperspin.txt
2014/12/28 20:07:02.516 ::: Error -- SKIPPING --> File NOT found::: ./led/default.hyperspin.txt.
2014/12/28 20:07:02.526 ::: Info -- Runfile:::dotcorrect.txt
2014/12/28 20:07:04.866 ::: Info -- Runfile:::default.led.txt
2014/12/28 20:07:08.446 ::: Info -- Runfile:::default.txt
2014/12/28 20:07:08.466 ::: Info -- Runfile:::dotcorrect.txt
2014/12/28 20:10:11.283 ::: Info -- =========================================================
2014/12/28 20:10:12.103 ::: Info -- Arg[0]: pacman.txt
2014/12/28 20:10:12.113 ::: Info -- Runfile:::pacman.txt
2014/12/28 20:10:12.113 ::: Error -- SKIPPING --> File NOT found::: ./led/pacman.txt.
2014/12/28 20:10:14.643 ::: Info -- Runfile:::default.txt
2014/12/28 20:10:14.663 ::: Info -- Runfile:::dotcorrect.txt
2014/12/28 20:10:38.893 ::: Info -- Runfile:::default.hyperspin.txt
2014/12/28 20:10:38.893 ::: Error -- SKIPPING --> File NOT found::: ./led/default.hyperspin.txt.
2014/12/28 20:10:38.933 ::: Info -- Runfile:::dotcorrect.txt
2014/12/28 20:10:40.673 ::: Info -- Runfile:::default.led.txt
2014/12/28 20:11:22.403 ::: Info -- Runfile:::default.txt
2014/12/28 20:11:22.413 ::: Info -- Runfile:::dotcorrect.txt
2014/12/28 20:11:22.423 ::: Info -- Runfile:::default.hyperspin.txt
2014/12/28 20:11:22.433 ::: Error -- SKIPPING --> File NOT found::: ./led/default.hyperspin.txt.
2014/12/28 20:11:22.443 ::: Info -- Runfile:::dotcorrect.txt
2014/12/28 20:11:22.463 ::: Info -- Runfile:::default.led.txt
2014/12/28 20:12:00.870 ::: Info -- =========================================================
2014/12/28 20:12:01.840 ::: Info -- Arg[0]: pacman.txt
2014/12/28 20:12:01.850 ::: Info -- Runfile:::pacman.txt
2014/12/28 20:12:01.860 ::: Error -- SKIPPING --> File NOT found::: ./led/pacman.txt.
2014/12/28 20:12:47.860 ::: Info -- Runfile:::dotcorrect.txt
2014/12/28 20:14:03.860 ::: Info -- Runfile:::dotcorrect_r.txt
2014/12/28 20:14:09.411 ::: Info -- Runfile:::dotcorrect_r.txt
2014/12/28 20:14:15.611 ::: Info -- Runfile:::dotcorrect_g.txt
2014/12/28 20:14:21.731 ::: Info -- Runfile:::dotcorrect_g.txt
2014/12/28 20:14:28.461 ::: Info -- Runfile:::dotcorrect_b.txt
2014/12/28 20:14:33.391 ::: Info -- Runfile:::dotcorrect_b.txt
2014/12/28 20:14:40.271 ::: Info -- Runfile:::dotcorrect_r.txt
2014/12/28 20:14:44.801 ::: Info -- Runfile:::dotcorrect_r.txt
2014/12/28 20:15:21.561 ::: Info -- Runfile:::dotcorrect_r.txt
2014/12/28 20:15:33.441 ::: Info -- Runfile:::dotcorrect_r.txt
2014/12/28 20:15:57.381 ::: Info -- Runfile:::dotcorrect_r.txt
2014/12/28 20:16:08.571 ::: Info -- Runfile:::dotcorrect_r.txt
2014/12/28 20:17:05.693 ::: Info -- =========================================================
2014/12/28 20:17:06.503 ::: Info -- Arg[0]: pacman.txt
2014/12/28 20:17:06.513 ::: Info -- Runfile:::pacman.txt
2014/12/28 20:17:06.513 ::: Error -- SKIPPING --> File NOT found::: ./led/pacman.txt.
2014/12/28 20:17:24.553 ::: Info -- Runfile:::dotcorrect_r.txt
2014/12/28 20:17:32.183 ::: Info -- Runfile:::dotcorrect_r.txt
2014/12/28 20:17:47.703 ::: Info -- Runfile:::dotcorrect_r.txt
2014/12/28 20:18:05.733 ::: Info -- Runfile:::dotcorrect_r.txt
2014/12/28 20:18:15.863 ::: Info -- Runfile:::dotcorrect_r.txt
2014/12/28 20:18:34.093 ::: Info -- Runfile:::dotcorrect_r.txt
2014/12/28 20:19:29.036 ::: Info -- =========================================================
2014/12/28 20:19:29.786 ::: Info -- Arg[0]: pacman.txt
2014/12/28 20:19:29.796 ::: Info -- Runfile:::pacman.txt
2014/12/28 20:19:29.806 ::: Error -- SKIPPING --> File NOT found::: ./led/pacman.txt.
2014/12/28 20:19:48.446 ::: Info -- Runfile:::dotcorrect_r.txt
2014/12/28 20:19:54.886 ::: Info -- Runfile:::dotcorrect_r.txt
2014/12/28 20:20:04.146 ::: Info -- Runfile:::dotcorrect_r.txt
2014/12/28 20:20:17.926 ::: Info -- Runfile:::dotcorrect_r.txt
2014/12/28 20:20:28.216 ::: Info -- Runfile:::dotcorrect_r.txt
2014/12/28 20:20:37.566 ::: Info -- Runfile:::dotcorrect_r.txt
2014/12/28 20:20:51.526 ::: Info -- Runfile:::dotcorrect_r.txt
2014/12/28 20:22:03.066 ::: Info -- =========================================================
2014/12/28 20:22:03.866 ::: Info -- Arg[0]: pacman.txt
2014/12/28 20:22:03.876 ::: Info -- Runfile:::pacman.txt
2014/12/28 20:22:03.876 ::: Error -- SKIPPING --> File NOT found::: ./led/pacman.txt.
2014/12/28 20:22:14.546 ::: Info -- Runfile:::dotcorrect_r.txt
2014/12/28 20:22:17.896 ::: Info -- Runfile:::dotcorrect_r.txt
2014/12/28 20:22:24.156 ::: Info -- Runfile:::dotcorrect_r.txt
2014/12/28 20:22:36.846 ::: Info -- Runfile:::dotcorrect_r.txt
2014/12/28 20:24:17.420 ::: Info -- =========================================================
2014/12/28 20:24:18.350 ::: Info -- Arg[0]: pacman.txt
2014/12/28 20:24:18.350 ::: Info -- Runfile:::pacman.txt
2014/12/28 20:24:18.360 ::: Error -- SKIPPING --> File NOT found::: ./led/pacman.txt.
2014/12/28 20:24:26.790 ::: Info -- Runfile:::dotcorrect_r.txt
2014/12/28 20:24:31.460 ::: Info -- Runfile:::dotcorrect_r.txt
2014/12/28 20:24:35.220 ::: Info -- Runfile:::dotcorrect_r.txt
2014/12/28 20:24:36.250 ::: Info -- Runfile:::dotcorrect_r.txt
2014/12/28 20:24:36.770 ::: Info -- Runfile:::dotcorrect_r.txt
2014/12/28 20:24:45.123 ::: Info -- Runfile:::dotcorrect_r.txt
2014/12/28 20:25:18.731 ::: Info -- Runfile:::dotcorrect_r.txt
2014/12/28 20:25:29.961 ::: Info -- Runfile:::dotcorrect_r.txt
2014/12/28 20:31:30.065 ::: Info -- =========================================================
2014/12/28 20:31:30.915 ::: Info -- Arg[0]: pacman.txt
2014/12/28 20:31:30.925 ::: Info -- Runfile:::pacman.txt
2014/12/28 20:31:30.935 ::: Error -- SKIPPING --> File NOT found::: ./led/pacman.txt.
2014/12/28 20:31:43.175 ::: Info -- Runfile:::dotcorrect.txt
2014/12/28 20:31:48.435 ::: Info -- Runfile:::default.txt
2014/12/28 20:31:48.465 ::: Info -- Runfile:::dotcorrect.txt
2014/12/28 20:31:48.485 ::: Info -- Runfile:::default.hyperspin.txt
2014/12/28 20:31:49.305 ::: Info -- Runfile:::dotcorrect.txt
2014/12/28 20:31:49.325 ::: Info -- Runfile:::default.led.txt
2014/12/28 20:32:06.785 ::: Info -- Runfile:::dotcorrect_r.txt
2014/12/28 20:32:10.865 ::: Info -- Runfile:::dotcorrect_g.txt
2014/12/28 20:32:16.675 ::: Info -- Runfile:::dotcorrect_b.txt
2014/12/28 20:32:22.585 ::: Info -- Runfile:::dotcorrect.txt
2014/12/28 20:33:12.345 ::: Info -- Runfile:::dotcorrect.txt
2014/12/28 20:33:20.685 ::: Info -- Runfile:::dotcorrect.txt
2014/12/28 20:33:30.865 ::: Info -- Runfile:::dotcorrect.txt
2014/12/28 20:33:37.315 ::: Info -- Runfile:::dotcorrect.txt
2014/12/28 20:33:44.125 ::: Info -- Runfile:::dotcorrect.txt
2014/12/28 20:33:51.745 ::: Info -- Runfile:::dotcorrect.txt
2014/12/28 20:34:12.875 ::: Info -- Runfile:::dotcorrect.txt
2014/12/28 20:34:22.635 ::: Info -- Runfile:::dotcorrect.txt
2014/12/28 20:34:35.505 ::: Info -- Runfile:::dotcorrect.txt
2014/12/28 20:34:39.835 ::: Info -- Runfile:::dotcorrect.txt
2014/12/28 20:34:48.485 ::: Info -- Runfile:::dotcorrect_r.txt
2014/12/28 20:35:21.465 ::: Info -- Runfile:::dotcorrect_g.txt
2014/12/28 20:35:28.045 ::: Info -- Runfile:::dotcorrect.txt
2014/12/28 20:35:47.236 ::: Info -- Runfile:::dotcorrect.txt
2014/12/28 20:35:58.326 ::: Info -- Runfile:::dotcorrect.txt
2014/12/28 20:36:14.776 ::: Info -- Runfile:::dotcorrect.txt
2014/12/28 20:36:36.856 ::: Info -- Runfile:::dotcorrect.txt
2014/12/28 20:37:04.966 ::: Info -- Runfile:::dotcorrect.txt
