2015/01/03 17:56:44.169 ::: Info -- ROM: desertgu
2015/01/03 17:56:44.216 ::: Debug -- P1_BUTTON1=Fire
2015/01/03 17:56:44.221 ::: Debug -- P1_LIGHTGUN_X=Left
2015/01/03 17:56:44.225 ::: Debug -- P1_LIGHTGUN_X_EXT=Right
2015/01/03 17:56:44.231 ::: Debug -- P1_LIGHTGUN_Y=Up
2015/01/03 17:56:44.236 ::: Debug -- P1_LIGHTGUN_Y_EXT=Down
2015/01/03 18:00:25.586 ::: Info -- ROM: desertgu
2015/01/03 18:00:25.657 ::: Debug -- P1_BUTTON1=Fire
2015/01/03 18:00:25.662 ::: Debug -- P1_LIGHTGUN_X=Left
2015/01/03 18:00:25.667 ::: Debug -- P1_LIGHTGUN_X_EXT=Right
2015/01/03 18:00:25.672 ::: Debug -- P1_LIGHTGUN_Y=Up
2015/01/03 18:00:25.676 ::: Debug -- P1_LIGHTGUN_Y_EXT=Down
2015/01/03 18:03:56.945 ::: Info -- ROM: cclimb
2015/01/03 18:03:56.979 ::: Debug -- P1_JOYSTICKLEFT_UP=Left Up
2015/01/03 18:03:56.992 ::: Debug -- P1_JOYSTICKLEFT_DOWN=Left Down
2015/01/03 18:03:56.997 ::: Debug -- P1_JOYSTICKLEFT_LEFT=Left Left
2015/01/03 18:03:57.001 ::: Debug -- P1_JOYSTICKLEFT_RIGHT=Left Right
2015/01/03 18:03:57.004 ::: Debug -- P1_JOYSTICKRIGHT_UP=Right Up
2015/01/03 18:03:57.008 ::: Debug -- P1_JOYSTICKRIGHT_DOWN=Right Down
2015/01/03 18:03:57.012 ::: Debug -- P1_JOYSTICKRIGHT_LEFT=Right Left
2015/01/03 18:03:57.015 ::: Debug -- P1_JOYSTICKRIGHT_RIGHT=Right Right
2015/01/03 18:04:11.530 ::: Info -- ROM: doom
2015/01/03 22:12:46.396 ::: Info -- ROM: gorf
2015/01/03 22:12:46.456 ::: Debug -- P1Controls=8-way Triggerstick+joy8way+P1_BUTTON1
2015/01/03 22:12:46.456 ::: Debug -- P1_BUTTON1=Fire
2015/01/03 22:12:46.466 ::: Debug -- P1_JOYSTICK_RIGHT=Right
2015/01/03 22:12:46.466 ::: Debug -- P1_JOYSTICK_LEFT=Left
2015/01/03 22:12:46.476 ::: Debug -- P1_JOYSTICK_DOWN=Down
2015/01/03 22:12:46.476 ::: Debug -- P1_JOYSTICK_UP=Up
2015/01/03 22:13:05.773 ::: Info -- ROM: gorf
2015/01/03 22:13:49.628 ::: Debug -- P1Controls=8-way Triggerstick+joy8way+P1_BUTTON1
2015/01/03 22:13:49.628 ::: Debug -- P1_BUTTON1=Fire
2015/01/03 22:13:49.638 ::: Debug -- P1_JOYSTICK_RIGHT=Right
2015/01/03 22:13:49.648 ::: Debug -- P1_JOYSTICK_LEFT=Left
2015/01/03 22:13:49.648 ::: Debug -- P1_JOYSTICK_DOWN=Down
2015/01/03 22:13:49.658 ::: Debug -- P1_JOYSTICK_UP=Up
2015/01/03 22:14:09.048 ::: Info -- ROM: gorf
2015/01/03 22:14:09.098 ::: Debug -- P1Controls=8-way Triggerstick+joy8way+P1_BUTTON1
2015/01/03 22:14:09.098 ::: Debug -- P1_BUTTON1=Fire
2015/01/03 22:14:09.108 ::: Debug -- P1_JOYSTICK_RIGHT=Right
2015/01/03 22:14:09.108 ::: Debug -- P1_JOYSTICK_LEFT=Left
2015/01/03 22:14:09.118 ::: Debug -- P1_JOYSTICK_DOWN=Down
2015/01/03 22:14:09.118 ::: Debug -- P1_JOYSTICK_UP=Up
2015/01/03 22:14:23.142 ::: Info -- ROM: dkong
2015/01/03 22:14:23.222 ::: Debug -- P1_BUTTON1=Jump
2015/01/03 22:14:23.232 ::: Debug -- P1_JOYSTICK_LEFT=Run Left
2015/01/03 22:14:23.242 ::: Debug -- P1_JOYSTICK_DOWN=Climb Down Ladder
2015/01/03 22:14:23.252 ::: Debug -- P1_JOYSTICK_UP=Climb Up Ladder
2015/01/03 22:14:23.252 ::: Debug -- P1_JOYSTICK_RIGHT=Run Right
