2015/12/13 10:52:37.057 ::: Info -- =========================================================
2015/12/13 10:52:37.193 ::: Debug -- USB Device #? is attached.

2015/12/13 10:52:37.345 ::: Debug -- USB Device #0 is attached.

2015/12/13 10:52:38.698 ::: Info -- 1942.txt  DICE
2015/12/13 10:52:38.704 ::: Info -- Runfile:::C:\Users\davidq\Documents\GitHub\arcade\QBWmagicLED\QBW_Magic_LED\bin\Debug\systems\DICE\default.txt
2015/12/13 10:52:38.767 ::: Debug -- Q-Berry LED #?
QBW v3.7.0
(C)2014 David Quesenberry - http:/
2015/12/13 10:52:38.779 ::: Debug -- Q-Berry LED #0
QBW v3.6.9
(C)2014 David Quesenberry - http:/
2015/12/13 10:52:38.808 ::: Debug -- /www.QBytesWorld.com
USB Device Initialised.
2015/12/13 10:52:38.819 ::: Debug -- /www.QBytesWorld.com
USB Device Initialised.
2015/12/13 10:52:38.822 ::: Info -- Runfile:::C:\Users\davidq\Documents\GitHub\arcade\QBWmagicLED\QBW_Magic_LED\bin\Debug\systems\DICE\default.p4.txt
2015/12/13 10:52:38.836 ::: Debug -- SubFile: default.in.game.txt
2015/12/13 10:52:38.838 ::: Info -- Runfile:::C:\Users\davidq\Documents\GitHub\arcade\QBWmagicLED\QBW_Magic_LED\bin\Debug\systems\DICE\default.in.game.txt
2015/12/13 10:52:39.508 ::: Info -- Runfile:::C:\Users\davidq\Documents\GitHub\arcade\QBWmagicLED\QBW_Magic_LED\bin\Debug\systems\DICE\default.p4.txt
2015/12/13 10:52:39.512 ::: Debug -- SubFile: default.in.game.txt
2015/12/13 10:52:39.514 ::: Info -- Runfile:::C:\Users\davidq\Documents\GitHub\arcade\QBWmagicLED\QBW_Magic_LED\bin\Debug\systems\DICE\default.in.game.txt
2015/12/13 10:52:40.211 ::: Info -- Runfile:::C:\Users\davidq\Documents\GitHub\arcade\QBWmagicLED\QBW_Magic_LED\bin\Debug\systems\DICE\default.p4.txt
2015/12/13 10:52:40.215 ::: Debug -- SubFile: default.in.game.txt
2015/12/13 10:52:40.216 ::: Info -- Runfile:::C:\Users\davidq\Documents\GitHub\arcade\QBWmagicLED\QBW_Magic_LED\bin\Debug\systems\DICE\default.in.game.txt
2015/12/13 10:52:40.847 ::: Info -- Runfile:::C:\Users\davidq\Documents\GitHub\arcade\QBWmagicLED\QBW_Magic_LED\bin\Debug\systems\DICE\default.p4.txt
2015/12/13 10:52:40.852 ::: Debug -- SubFile: default.in.game.txt
2015/12/13 10:52:40.854 ::: Info -- Runfile:::C:\Users\davidq\Documents\GitHub\arcade\QBWmagicLED\QBW_Magic_LED\bin\Debug\systems\DICE\default.in.game.txt
2015/12/13 10:52:41.506 ::: Info -- Runfile:::C:\Users\davidq\Documents\GitHub\arcade\QBWmagicLED\QBW_Magic_LED\bin\Debug\systems\DICE\default.p4.txt
2015/12/13 10:52:41.511 ::: Debug -- SubFile: default.in.game.txt
2015/12/13 10:52:41.513 ::: Info -- Runfile:::C:\Users\davidq\Documents\GitHub\arcade\QBWmagicLED\QBW_Magic_LED\bin\Debug\systems\DICE\default.in.game.txt
2015/12/13 10:52:42.227 ::: Info -- Runfile:::C:\Users\davidq\Documents\GitHub\arcade\QBWmagicLED\QBW_Magic_LED\bin\Debug\systems\DICE\default.p4.txt
2015/12/13 10:52:42.232 ::: Debug -- SubFile: default.in.game.txt
2015/12/13 10:52:42.234 ::: Info -- Runfile:::C:\Users\davidq\Documents\GitHub\arcade\QBWmagicLED\QBW_Magic_LED\bin\Debug\systems\DICE\default.in.game.txt
2015/12/13 10:52:42.896 ::: Info -- Runfile:::C:\Users\davidq\Documents\GitHub\arcade\QBWmagicLED\QBW_Magic_LED\bin\Debug\systems\DICE\default.p4.txt
2015/12/13 10:52:42.901 ::: Debug -- SubFile: default.in.game.txt
2015/12/13 10:52:42.903 ::: Info -- Runfile:::C:\Users\davidq\Documents\GitHub\arcade\QBWmagicLED\QBW_Magic_LED\bin\Debug\systems\DICE\default.in.game.txt
2015/12/13 10:52:43.573 ::: Info -- Runfile:::C:\Users\davidq\Documents\GitHub\arcade\QBWmagicLED\QBW_Magic_LED\bin\Debug\systems\DICE\default.p4.txt
2015/12/13 10:52:43.578 ::: Debug -- SubFile: default.in.game.txt
2015/12/13 10:52:43.580 ::: Info -- Runfile:::C:\Users\davidq\Documents\GitHub\arcade\QBWmagicLED\QBW_Magic_LED\bin\Debug\systems\DICE\default.in.game.txt
2015/12/13 10:52:44.279 ::: Info -- Runfile:::C:\Users\davidq\Documents\GitHub\arcade\QBWmagicLED\QBW_Magic_LED\bin\Debug\systems\DICE\default.p4.txt
2015/12/13 10:52:44.286 ::: Debug -- SubFile: default.in.game.txt
2015/12/13 10:52:44.288 ::: Info -- Runfile:::C:\Users\davidq\Documents\GitHub\arcade\QBWmagicLED\QBW_Magic_LED\bin\Debug\systems\DICE\default.in.game.txt
2015/12/13 10:52:44.983 ::: Info -- Runfile:::C:\Users\davidq\Documents\GitHub\arcade\QBWmagicLED\QBW_Magic_LED\bin\Debug\systems\DICE\default.p4.txt
2015/12/13 10:52:44.990 ::: Debug -- SubFile: default.in.game.txt
2015/12/13 10:52:44.992 ::: Info -- Runfile:::C:\Users\davidq\Documents\GitHub\arcade\QBWmagicLED\QBW_Magic_LED\bin\Debug\systems\DICE\default.in.game.txt
2015/12/13 10:52:45.636 ::: Info -- Runfile:::C:\Users\davidq\Documents\GitHub\arcade\QBWmagicLED\QBW_Magic_LED\bin\Debug\systems\DICE\default.p4.txt
2015/12/13 10:52:45.643 ::: Debug -- SubFile: default.in.game.txt
2015/12/13 10:52:45.644 ::: Info -- Runfile:::C:\Users\davidq\Documents\GitHub\arcade\QBWmagicLED\QBW_Magic_LED\bin\Debug\systems\DICE\default.in.game.txt
2015/12/13 10:52:46.347 ::: Info -- Runfile:::C:\Users\davidq\Documents\GitHub\arcade\QBWmagicLED\QBW_Magic_LED\bin\Debug\systems\DICE\default.p4.txt
2015/12/13 10:52:46.353 ::: Debug -- SubFile: default.in.game.txt
2015/12/13 10:52:46.355 ::: Info -- Runfile:::C:\Users\davidq\Documents\GitHub\arcade\QBWmagicLED\QBW_Magic_LED\bin\Debug\systems\DICE\default.in.game.txt
2015/12/13 10:52:47.094 ::: Info -- Runfile:::C:\Users\davidq\Documents\GitHub\arcade\QBWmagicLED\QBW_Magic_LED\bin\Debug\systems\DICE\default.p4.txt
2015/12/13 10:52:47.102 ::: Debug -- SubFile: default.in.game.txt
2015/12/13 10:52:47.103 ::: Info -- Runfile:::C:\Users\davidq\Documents\GitHub\arcade\QBWmagicLED\QBW_Magic_LED\bin\Debug\systems\DICE\default.in.game.txt
2015/12/13 10:52:47.807 ::: Info -- Runfile:::C:\Users\davidq\Documents\GitHub\arcade\QBWmagicLED\QBW_Magic_LED\bin\Debug\systems\DICE\default.p4.txt
2015/12/13 10:52:47.814 ::: Debug -- SubFile: default.in.game.txt
2015/12/13 10:52:47.816 ::: Info -- Runfile:::C:\Users\davidq\Documents\GitHub\arcade\QBWmagicLED\QBW_Magic_LED\bin\Debug\systems\DICE\default.in.game.txt
2015/12/13 10:52:48.528 ::: Info -- Runfile:::C:\Users\davidq\Documents\GitHub\arcade\QBWmagicLED\QBW_Magic_LED\bin\Debug\systems\DICE\default.p4.txt
2015/12/13 10:52:48.536 ::: Debug -- SubFile: default.in.game.txt
2015/12/13 10:52:48.538 ::: Info -- Runfile:::C:\Users\davidq\Documents\GitHub\arcade\QBWmagicLED\QBW_Magic_LED\bin\Debug\systems\DICE\default.in.game.txt
2015/12/13 10:52:49.235 ::: Info -- Runfile:::C:\Users\davidq\Documents\GitHub\arcade\QBWmagicLED\QBW_Magic_LED\bin\Debug\systems\DICE\default.p4.txt
2015/12/13 10:52:49.244 ::: Debug -- SubFile: default.in.game.txt
2015/12/13 10:52:49.245 ::: Info -- Runfile:::C:\Users\davidq\Documents\GitHub\arcade\QBWmagicLED\QBW_Magic_LED\bin\Debug\systems\DICE\default.in.game.txt
2015/12/13 10:52:49.958 ::: Info -- Runfile:::C:\Users\davidq\Documents\GitHub\arcade\QBWmagicLED\QBW_Magic_LED\bin\Debug\systems\DICE\default.p4.txt
2015/12/13 10:52:49.967 ::: Debug -- SubFile: default.in.game.txt
2015/12/13 10:52:49.969 ::: Info -- Runfile:::C:\Users\davidq\Documents\GitHub\arcade\QBWmagicLED\QBW_Magic_LED\bin\Debug\systems\DICE\default.in.game.txt
2015/12/13 10:52:50.647 ::: Info -- Runfile:::C:\Users\davidq\Documents\GitHub\arcade\QBWmagicLED\QBW_Magic_LED\bin\Debug\systems\DICE\default.p4.txt
2015/12/13 10:52:50.656 ::: Debug -- SubFile: default.in.game.txt
2015/12/13 10:52:50.657 ::: Info -- Runfile:::C:\Users\davidq\Documents\GitHub\arcade\QBWmagicLED\QBW_Magic_LED\bin\Debug\systems\DICE\default.in.game.txt
2015/12/13 10:52:51.310 ::: Info -- Runfile:::C:\Users\davidq\Documents\GitHub\arcade\QBWmagicLED\QBW_Magic_LED\bin\Debug\systems\DICE\default.p4.txt
2015/12/13 10:52:51.333 ::: Debug -- SubFile: default.in.game.txt
2015/12/13 10:52:51.335 ::: Info -- Runfile:::C:\Users\davidq\Documents\GitHub\arcade\QBWmagicLED\QBW_Magic_LED\bin\Debug\systems\DICE\default.in.game.txt
2015/12/13 10:52:52.024 ::: Info -- Runfile:::C:\Users\davidq\Documents\GitHub\arcade\QBWmagicLED\QBW_Magic_LED\bin\Debug\systems\DICE\default.p4.txt
2015/12/13 10:52:52.033 ::: Debug -- SubFile: default.in.game.txt
2015/12/13 10:52:52.034 ::: Info -- Runfile:::C:\Users\davidq\Documents\GitHub\arcade\QBWmagicLED\QBW_Magic_LED\bin\Debug\systems\DICE\default.in.game.txt
2015/12/13 10:52:52.742 ::: Info -- Runfile:::C:\Users\davidq\Documents\GitHub\arcade\QBWmagicLED\QBW_Magic_LED\bin\Debug\systems\DICE\default.p4.txt
2015/12/13 10:52:52.773 ::: Debug -- SubFile: default.in.game.txt
2015/12/13 10:52:52.775 ::: Info -- Runfile:::C:\Users\davidq\Documents\GitHub\arcade\QBWmagicLED\QBW_Magic_LED\bin\Debug\systems\DICE\default.in.game.txt
2015/12/13 10:52:53.452 ::: Info -- Runfile:::C:\Users\davidq\Documents\GitHub\arcade\QBWmagicLED\QBW_Magic_LED\bin\Debug\systems\DICE\default.p4.txt
2015/12/13 10:52:53.463 ::: Debug -- SubFile: default.in.game.txt
2015/12/13 10:52:53.464 ::: Info -- Runfile:::C:\Users\davidq\Documents\GitHub\arcade\QBWmagicLED\QBW_Magic_LED\bin\Debug\systems\DICE\default.in.game.txt
2015/12/13 10:52:54.091 ::: Info -- Runfile:::C:\Users\davidq\Documents\GitHub\arcade\QBWmagicLED\QBW_Magic_LED\bin\Debug\systems\DICE\default.p4.txt
2015/12/13 10:52:54.101 ::: Debug -- SubFile: default.in.game.txt
2015/12/13 10:52:54.103 ::: Info -- Runfile:::C:\Users\davidq\Documents\GitHub\arcade\QBWmagicLED\QBW_Magic_LED\bin\Debug\systems\DICE\default.in.game.txt
2015/12/13 10:52:54.803 ::: Info -- Runfile:::C:\Users\davidq\Documents\GitHub\arcade\QBWmagicLED\QBW_Magic_LED\bin\Debug\systems\DICE\default.p4.txt
2015/12/13 10:52:54.813 ::: Debug -- SubFile: default.in.game.txt
2015/12/13 10:52:54.814 ::: Info -- Runfile:::C:\Users\davidq\Documents\GitHub\arcade\QBWmagicLED\QBW_Magic_LED\bin\Debug\systems\DICE\default.in.game.txt
2015/12/13 10:52:55.456 ::: Info -- Runfile:::C:\Users\davidq\Documents\GitHub\arcade\QBWmagicLED\QBW_Magic_LED\bin\Debug\systems\DICE\default.p4.txt
2015/12/13 10:52:55.467 ::: Debug -- SubFile: default.in.game.txt
2015/12/13 10:52:55.468 ::: Info -- Runfile:::C:\Users\davidq\Documents\GitHub\arcade\QBWmagicLED\QBW_Magic_LED\bin\Debug\systems\DICE\default.in.game.txt
2015/12/13 10:52:56.119 ::: Info -- Runfile:::C:\Users\davidq\Documents\GitHub\arcade\QBWmagicLED\QBW_Magic_LED\bin\Debug\systems\DICE\default.p4.txt
2015/12/13 10:52:56.130 ::: Debug -- SubFile: default.in.game.txt
2015/12/13 10:52:56.132 ::: Info -- Runfile:::C:\Users\davidq\Documents\GitHub\arcade\QBWmagicLED\QBW_Magic_LED\bin\Debug\systems\DICE\default.in.game.txt
2015/12/13 10:53:12.866 ::: Info -- =========================================================
2015/12/13 10:53:12.987 ::: Debug -- USB Device #? is attached.

2015/12/13 10:53:13.115 ::: Debug -- USB Device #0 is attached.

2015/12/13 10:53:14.270 ::: Info -- 1942.txt  DICE
2015/12/13 10:53:14.279 ::: Info -- Runfile:::C:\Users\davidq\Documents\GitHub\arcade\QBWmagicLED\QBW_Magic_LED\bin\Debug\systems\DICE\default.txt
2015/12/13 10:53:14.325 ::: Info -- Runfile:::C:\Users\davidq\Documents\GitHub\arcade\QBWmagicLED\QBW_Magic_LED\bin\Debug\systems\DICE\default.p4.txt
2015/12/13 10:53:14.331 ::: Debug -- SubFile: default.in.game.txt
2015/12/13 10:53:14.333 ::: Info -- Runfile:::C:\Users\davidq\Documents\GitHub\arcade\QBWmagicLED\QBW_Magic_LED\bin\Debug\systems\DICE\default.in.game.txt
2015/12/13 10:53:15.024 ::: Info -- Runfile:::C:\Users\davidq\Documents\GitHub\arcade\QBWmagicLED\QBW_Magic_LED\bin\Debug\systems\DICE\default.p4.txt
2015/12/13 10:53:15.027 ::: Debug -- SubFile: default.in.game.txt
2015/12/13 10:53:15.030 ::: Info -- Runfile:::C:\Users\davidq\Documents\GitHub\arcade\QBWmagicLED\QBW_Magic_LED\bin\Debug\systems\DICE\default.in.game.txt
2015/12/13 10:53:15.702 ::: Info -- Runfile:::C:\Users\davidq\Documents\GitHub\arcade\QBWmagicLED\QBW_Magic_LED\bin\Debug\systems\DICE\default.p4.txt
2015/12/13 10:53:15.706 ::: Debug -- SubFile: default.in.game.txt
2015/12/13 10:53:15.708 ::: Info -- Runfile:::C:\Users\davidq\Documents\GitHub\arcade\QBWmagicLED\QBW_Magic_LED\bin\Debug\systems\DICE\default.in.game.txt
2015/12/13 10:53:16.337 ::: Info -- Runfile:::C:\Users\davidq\Documents\GitHub\arcade\QBWmagicLED\QBW_Magic_LED\bin\Debug\systems\DICE\default.p4.txt
2015/12/13 10:53:16.343 ::: Debug -- SubFile: default.in.game.txt
2015/12/13 10:53:16.345 ::: Info -- Runfile:::C:\Users\davidq\Documents\GitHub\arcade\QBWmagicLED\QBW_Magic_LED\bin\Debug\systems\DICE\default.in.game.txt
2015/12/13 10:53:17.038 ::: Info -- Runfile:::C:\Users\davidq\Documents\GitHub\arcade\QBWmagicLED\QBW_Magic_LED\bin\Debug\systems\DICE\default.p4.txt
2015/12/13 10:53:17.044 ::: Debug -- SubFile: default.in.game.txt
2015/12/13 10:53:17.046 ::: Info -- Runfile:::C:\Users\davidq\Documents\GitHub\arcade\QBWmagicLED\QBW_Magic_LED\bin\Debug\systems\DICE\default.in.game.txt
2015/12/13 10:53:17.707 ::: Info -- Runfile:::C:\Users\davidq\Documents\GitHub\arcade\QBWmagicLED\QBW_Magic_LED\bin\Debug\systems\DICE\default.p4.txt
2015/12/13 10:53:17.712 ::: Debug -- SubFile: default.in.game.txt
2015/12/13 10:53:17.714 ::: Info -- Runfile:::C:\Users\davidq\Documents\GitHub\arcade\QBWmagicLED\QBW_Magic_LED\bin\Debug\systems\DICE\default.in.game.txt
2015/12/13 10:53:18.398 ::: Info -- Runfile:::C:\Users\davidq\Documents\GitHub\arcade\QBWmagicLED\QBW_Magic_LED\bin\Debug\systems\DICE\default.p4.txt
2015/12/13 10:53:18.404 ::: Debug -- SubFile: default.in.game.txt
2015/12/13 10:53:18.406 ::: Info -- Runfile:::C:\Users\davidq\Documents\GitHub\arcade\QBWmagicLED\QBW_Magic_LED\bin\Debug\systems\DICE\default.in.game.txt
2015/12/13 10:53:19.099 ::: Info -- Runfile:::C:\Users\davidq\Documents\GitHub\arcade\QBWmagicLED\QBW_Magic_LED\bin\Debug\systems\DICE\default.p4.txt
2015/12/13 10:53:19.105 ::: Debug -- SubFile: default.in.game.txt
2015/12/13 10:53:19.107 ::: Info -- Runfile:::C:\Users\davidq\Documents\GitHub\arcade\QBWmagicLED\QBW_Magic_LED\bin\Debug\systems\DICE\default.in.game.txt
2015/12/13 10:53:19.771 ::: Info -- Runfile:::C:\Users\davidq\Documents\GitHub\arcade\QBWmagicLED\QBW_Magic_LED\bin\Debug\systems\DICE\default.p4.txt
2015/12/13 10:53:19.776 ::: Debug -- SubFile: default.in.game.txt
2015/12/13 10:53:19.778 ::: Info -- Runfile:::C:\Users\davidq\Documents\GitHub\arcade\QBWmagicLED\QBW_Magic_LED\bin\Debug\systems\DICE\default.in.game.txt
2015/12/13 10:53:20.479 ::: Info -- Runfile:::C:\Users\davidq\Documents\GitHub\arcade\QBWmagicLED\QBW_Magic_LED\bin\Debug\systems\DICE\default.p4.txt
2015/12/13 10:53:20.485 ::: Debug -- SubFile: default.in.game.txt
2015/12/13 10:53:20.486 ::: Info -- Runfile:::C:\Users\davidq\Documents\GitHub\arcade\QBWmagicLED\QBW_Magic_LED\bin\Debug\systems\DICE\default.in.game.txt
2015/12/13 10:53:21.150 ::: Info -- Runfile:::C:\Users\davidq\Documents\GitHub\arcade\QBWmagicLED\QBW_Magic_LED\bin\Debug\systems\DICE\default.p4.txt
2015/12/13 10:53:21.157 ::: Debug -- SubFile: default.in.game.txt
2015/12/13 10:53:21.159 ::: Info -- Runfile:::C:\Users\davidq\Documents\GitHub\arcade\QBWmagicLED\QBW_Magic_LED\bin\Debug\systems\DICE\default.in.game.txt
2015/12/13 10:53:21.819 ::: Info -- Runfile:::C:\Users\davidq\Documents\GitHub\arcade\QBWmagicLED\QBW_Magic_LED\bin\Debug\systems\DICE\default.p4.txt
2015/12/13 10:53:21.826 ::: Debug -- SubFile: default.in.game.txt
2015/12/13 10:53:21.827 ::: Info -- Runfile:::C:\Users\davidq\Documents\GitHub\arcade\QBWmagicLED\QBW_Magic_LED\bin\Debug\systems\DICE\default.in.game.txt
2015/12/13 10:53:39.866 ::: Info -- =========================================================
2015/12/13 10:53:40.004 ::: Debug -- USB Device #? is attached.

2015/12/13 10:53:40.144 ::: Debug -- USB Device #0 is attached.

2015/12/13 10:53:55.157 ::: Debug -- USB Device #? is UNattached.

2015/12/13 10:53:55.180 ::: Debug -- USB Device #? is UNattached.

2015/12/13 10:53:55.654 ::: Debug -- USB Device #? is UNattached.

2015/12/13 10:53:55.721 ::: Debug -- USB Device #1 is attached.

2015/12/13 10:53:55.728 ::: Debug -- USB Device #1 is attached.

2015/12/13 10:53:55.796 ::: Debug -- USB Device #2 is UNattached.

2015/12/13 10:53:55.811 ::: Debug -- Q-Berry LED #1
QBW v3.7.0
(C)2014 David Quesenberry - http:/
2015/12/13 10:53:55.915 ::: Debug -- USB Device #3 is UNattached.

2015/12/13 10:53:56.040 ::: Debug -- USB Device #4 is UNattached.

2015/12/13 10:53:56.062 ::: Debug -- /www.QBytesWorld.com
USB Device Initialised.
2015/12/13 10:53:56.210 ::: Debug -- USB Device #5 is UNattached.

2015/12/13 10:53:56.301 ::: Debug -- USB Device #6 is UNattached.

2015/12/13 10:53:56.378 ::: Debug -- USB Device #7 is UNattached.

2015/12/13 10:53:56.454 ::: Debug -- USB Device #8 is UNattached.

2015/12/13 10:53:56.536 ::: Debug -- USB Device #9 is UNattached.

2015/12/13 10:54:26.026 ::: Debug -- USB Device #0 is UNattached.

2015/12/13 10:55:14.843 ::: Info -- =========================================================
2015/12/13 10:55:15.139 ::: Debug -- USB Device #0 is attached.

2015/12/13 10:55:15.234 ::: Debug -- USB Device #1 is attached.

2015/12/13 10:55:30.669 ::: Debug -- USB Device #0 is UNattached.

2015/12/13 10:55:52.406 ::: Info -- =========================================================
2015/12/13 10:55:52.682 ::: Debug -- USB Device #0 is attached.

2015/12/13 10:55:52.825 ::: Debug -- USB Device #1 is attached.

2015/12/13 10:56:41.235 ::: Debug -- USB Device #0 is UNattached.

2015/12/13 10:56:44.467 ::: Info -- =========================================================
2015/12/13 10:56:44.791 ::: Debug -- USB Device #0 is attached.

2015/12/13 10:56:44.938 ::: Debug -- USB Device #1 is attached.

2015/12/13 10:57:08.019 ::: Debug -- USB Device #0 is UNattached.

2015/12/13 10:57:38.195 ::: Info -- =========================================================
2015/12/13 10:57:38.489 ::: Debug -- USB Device #0 is attached.

2015/12/13 10:57:38.633 ::: Debug -- USB Device #1 is attached.

2015/12/13 10:58:03.987 ::: Debug -- USB Device #0 is UNattached.

2015/12/13 10:58:20.267 ::: Info -- =========================================================
2015/12/13 10:58:20.584 ::: Debug -- USB Device #0 is attached.

2015/12/13 10:58:20.690 ::: Debug -- USB Device #1 is attached.

2015/12/13 10:58:40.656 ::: Debug -- USB Device #0 is UNattached.

2015/12/13 11:00:34.794 ::: Info -- =========================================================
2015/12/13 11:00:35.095 ::: Debug -- USB Device #0 is attached.

2015/12/13 11:00:35.250 ::: Debug -- USB Device #1 is attached.

2015/12/13 11:01:09.792 ::: Debug -- USB Device #0 is UNattached.

2015/12/13 11:03:45.764 ::: Info -- =========================================================
2015/12/13 11:03:46.011 ::: Debug -- USB Device #0 is attached.

2015/12/13 11:03:46.162 ::: Debug -- USB Device #1 is attached.

2015/12/13 11:04:15.071 ::: Debug -- USB Device #0 is UNattached.

2015/12/13 11:13:50.679 ::: Info -- =========================================================
2015/12/13 11:13:51.002 ::: Debug -- USB Device #0 is attached.

2015/12/13 11:13:51.145 ::: Debug -- USB Device #1 is attached.

2015/12/13 11:15:26.408 ::: Debug -- USB Device #0 is UNattached.

2015/12/13 11:17:11.162 ::: Info -- =========================================================
2015/12/13 11:17:11.415 ::: Debug -- USB Device #0 is attached.

2015/12/13 11:17:11.529 ::: Debug -- USB Device #1 is attached.

2015/12/13 11:17:34.719 ::: Debug -- USB Device #0 is UNattached.

2015/12/13 11:18:44.395 ::: Info -- =========================================================
2015/12/13 11:18:44.678 ::: Debug -- USB Device #0 is attached.

2015/12/13 11:18:44.805 ::: Debug -- USB Device #1 is attached.

2015/12/13 11:19:06.242 ::: Debug -- USB Device #0 is UNattached.

2015/12/13 11:25:22.627 ::: Info -- =========================================================
2015/12/13 11:25:38.544 ::: Debug -- USB Device #? is UNattached.

2015/12/13 11:25:38.683 ::: Debug -- USB Device #0 is UNattached.

2015/12/13 11:25:38.826 ::: Debug -- USB Device #1 is UNattached.

2015/12/13 11:25:38.958 ::: Debug -- USB Device #2 is UNattached.

2015/12/13 11:25:39.100 ::: Debug -- USB Device #3 is UNattached.

2015/12/13 11:25:39.189 ::: Debug -- USB Device #4 is UNattached.

2015/12/13 11:25:39.272 ::: Debug -- USB Device #5 is UNattached.

2015/12/13 11:25:39.369 ::: Debug -- USB Device #6 is UNattached.

2015/12/13 11:25:39.441 ::: Debug -- USB Device #7 is UNattached.

2015/12/13 11:25:39.516 ::: Debug -- USB Device #8 is UNattached.

2015/12/13 11:25:39.589 ::: Debug -- USB Device #9 is UNattached.

2015/12/13 11:25:39.729 ::: Debug -- USB Device #? is attached.

2015/12/13 11:25:39.733 ::: Debug -- USB Device #? is attached.

2015/12/13 11:25:39.745 ::: Debug -- Q-Berry LED #?
QBW v3.7.0
(C)2014 David Quesenberry - http:/
2015/12/13 11:25:39.825 ::: Debug -- USB Device #0 is attached.

2015/12/13 11:25:39.831 ::: Debug -- USB Device #0 is attached.

2015/12/13 11:25:39.940 ::: Debug -- USB Device #1 is UNattached.

2015/12/13 11:25:39.951 ::: Debug -- /www.QBytesWorld.com
USB Device Initialised.
2015/12/13 11:25:39.960 ::: Debug -- Q-Berry LED #0
QBW v3.6.9
(C)2014 David Quesenberry - http:/
2015/12/13 11:25:40.046 ::: Debug -- USB Device #2 is UNattached.

2015/12/13 11:25:40.146 ::: Debug -- USB Device #3 is UNattached.

2015/12/13 11:25:40.165 ::: Debug -- /www.QBytesWorld.com
USB Device Initialised.
2015/12/13 11:25:40.248 ::: Debug -- USB Device #4 is UNattached.

2015/12/13 11:25:40.366 ::: Debug -- USB Device #5 is UNattached.

2015/12/13 11:25:40.464 ::: Debug -- USB Device #6 is UNattached.

2015/12/13 11:25:40.561 ::: Debug -- USB Device #7 is UNattached.

2015/12/13 11:25:40.703 ::: Debug -- USB Device #8 is UNattached.

2015/12/13 11:25:40.799 ::: Debug -- USB Device #9 is UNattached.

2015/12/13 11:25:40.974 ::: Debug -- USB Device #1 is UNattached.

2015/12/13 11:25:41.145 ::: Debug -- USB Device #2 is UNattached.

2015/12/13 11:25:41.322 ::: Debug -- USB Device #3 is UNattached.

2015/12/13 11:25:41.440 ::: Debug -- USB Device #4 is UNattached.

2015/12/13 11:25:41.600 ::: Debug -- USB Device #5 is UNattached.

2015/12/13 11:25:41.733 ::: Debug -- USB Device #6 is UNattached.

2015/12/13 11:25:41.844 ::: Debug -- USB Device #7 is UNattached.

2015/12/13 11:25:41.938 ::: Debug -- USB Device #8 is UNattached.

2015/12/13 11:25:42.022 ::: Debug -- USB Device #9 is UNattached.

2015/12/13 11:25:42.165 ::: Debug -- USB Device #1 is UNattached.

2015/12/13 11:25:42.302 ::: Debug -- USB Device #2 is UNattached.

2015/12/13 11:25:42.385 ::: Debug -- USB Device #3 is UNattached.

2015/12/13 11:25:42.468 ::: Debug -- USB Device #4 is UNattached.

2015/12/13 11:25:42.533 ::: Debug -- USB Device #5 is UNattached.

2015/12/13 11:25:42.622 ::: Debug -- USB Device #6 is UNattached.

2015/12/13 11:25:42.735 ::: Debug -- USB Device #7 is UNattached.

2015/12/13 11:25:42.823 ::: Debug -- USB Device #8 is UNattached.

2015/12/13 11:25:42.910 ::: Debug -- USB Device #9 is UNattached.

2015/12/13 11:25:44.114 ::: Debug -- USB Device #1 is UNattached.

2015/12/13 11:25:44.198 ::: Debug -- USB Device #2 is UNattached.

2015/12/13 11:25:44.301 ::: Debug -- USB Device #3 is UNattached.

2015/12/13 11:25:44.399 ::: Debug -- USB Device #4 is UNattached.

2015/12/13 11:25:44.507 ::: Debug -- USB Device #5 is UNattached.

2015/12/13 11:25:44.602 ::: Debug -- USB Device #6 is UNattached.

2015/12/13 11:25:44.726 ::: Debug -- USB Device #7 is UNattached.

2015/12/13 11:25:44.814 ::: Debug -- USB Device #8 is UNattached.

2015/12/13 11:25:44.909 ::: Debug -- USB Device #9 is UNattached.

2015/12/13 11:25:52.858 ::: Debug -- USB Device #? is UNattached.

2015/12/13 11:25:52.881 ::: Debug -- USB Device #? is UNattached.

2015/12/13 11:25:53.162 ::: Debug -- USB Device #? is UNattached.

2015/12/13 11:25:53.241 ::: Debug -- USB Device #1 is attached.

2015/12/13 11:25:53.250 ::: Debug -- USB Device #1 is attached.

2015/12/13 11:25:53.327 ::: Debug -- USB Device #2 is UNattached.

2015/12/13 11:25:53.340 ::: Debug -- Q-Berry LED #1
QBW v3.7.0
(C)2014 David Quesenberry - http:/
2015/12/13 11:25:53.414 ::: Debug -- USB Device #3 is UNattached.

2015/12/13 11:25:53.488 ::: Debug -- USB Device #4 is UNattached.

2015/12/13 11:25:53.503 ::: Debug -- /www.QBytesWorld.com
USB Device Initialised.
2015/12/13 11:25:53.577 ::: Debug -- USB Device #5 is UNattached.

2015/12/13 11:25:53.652 ::: Debug -- USB Device #6 is UNattached.

2015/12/13 11:25:53.755 ::: Debug -- USB Device #7 is UNattached.

2015/12/13 11:25:53.857 ::: Debug -- USB Device #8 is UNattached.

2015/12/13 11:25:53.960 ::: Debug -- USB Device #9 is UNattached.

2015/12/13 12:02:02.622 ::: Debug -- USB Device #1 is UNattached.

2015/12/13 12:02:02.650 ::: Debug -- USB Device #1 is UNattached.

2015/12/13 12:02:02.898 ::: Debug -- USB Device #? is UNattached.

2015/12/13 12:02:02.976 ::: Debug -- USB Device #1 is attached.

2015/12/13 12:02:02.986 ::: Debug -- USB Device #1 is attached.

2015/12/13 12:02:03.062 ::: Debug -- USB Device #2 is UNattached.

2015/12/13 12:02:03.076 ::: Debug -- Q-Berry LED #1
QBW v3.7.0
(C)2014 David Quesenberry - http:/
2015/12/13 12:02:03.143 ::: Debug -- USB Device #3 is UNattached.

2015/12/13 12:02:03.213 ::: Debug -- USB Device #4 is UNattached.

2015/12/13 12:02:03.277 ::: Debug -- USB Device #5 is UNattached.

2015/12/13 12:02:03.291 ::: Debug -- /www.QBytesWorld.com
USB Device Initialised.
2015/12/13 12:02:03.356 ::: Debug -- USB Device #6 is UNattached.

2015/12/13 12:02:03.423 ::: Debug -- USB Device #7 is UNattached.

2015/12/13 12:02:03.520 ::: Debug -- USB Device #8 is UNattached.

2015/12/13 12:02:03.612 ::: Debug -- USB Device #9 is UNattached.

2015/12/13 12:03:37.125 ::: Debug -- USB Device #1 is UNattached.

2015/12/13 12:03:37.155 ::: Debug -- USB Device #1 is UNattached.

2015/12/13 12:03:37.413 ::: Debug -- USB Device #? is UNattached.

2015/12/13 12:03:37.487 ::: Debug -- USB Device #1 is attached.

2015/12/13 12:03:37.497 ::: Debug -- USB Device #1 is attached.

2015/12/13 12:03:37.569 ::: Debug -- USB Device #2 is UNattached.

2015/12/13 12:03:37.582 ::: Debug -- Q-Berry LED #1
QBW v3.7.0
(C)2014 David Quesenberry - http:/
2015/12/13 12:03:37.648 ::: Debug -- USB Device #3 is UNattached.

2015/12/13 12:03:37.714 ::: Debug -- USB Device #4 is UNattached.

2015/12/13 12:03:37.781 ::: Debug -- USB Device #5 is UNattached.

2015/12/13 12:03:37.796 ::: Debug -- /www.QBytesWorld.com
USB Device Initialised.
2015/12/13 12:03:37.865 ::: Debug -- USB Device #6 is UNattached.

2015/12/13 12:03:37.935 ::: Debug -- USB Device #7 is UNattached.

2015/12/13 12:03:38.024 ::: Debug -- USB Device #8 is UNattached.

2015/12/13 12:03:38.117 ::: Debug -- USB Device #9 is UNattached.

2015/12/13 12:04:53.984 ::: Debug -- USB Device #1 is UNattached.

2015/12/13 12:04:54.015 ::: Debug -- USB Device #1 is UNattached.

2015/12/13 12:04:54.267 ::: Debug -- USB Device #? is UNattached.

2015/12/13 12:04:54.342 ::: Debug -- USB Device #1 is attached.

2015/12/13 12:04:54.351 ::: Debug -- USB Device #1 is attached.

2015/12/13 12:04:54.425 ::: Debug -- USB Device #2 is UNattached.

2015/12/13 12:04:54.438 ::: Debug -- Q-Berry LED #1
QBW v3.7.0
(C)2014 David Quesenberry - http:/
2015/12/13 12:04:54.502 ::: Debug -- USB Device #3 is UNattached.

2015/12/13 12:04:54.568 ::: Debug -- USB Device #4 is UNattached.

2015/12/13 12:04:54.637 ::: Debug -- USB Device #5 is UNattached.

2015/12/13 12:04:54.651 ::: Debug -- /www.QBytesWorld.com
USB Device Initialised.
2015/12/13 12:04:54.719 ::: Debug -- USB Device #6 is UNattached.

2015/12/13 12:04:54.791 ::: Debug -- USB Device #7 is UNattached.

2015/12/13 12:04:54.880 ::: Debug -- USB Device #8 is UNattached.

2015/12/13 12:04:54.974 ::: Debug -- USB Device #9 is UNattached.

2015/12/13 12:11:01.126 ::: Debug -- USB Device #1 is UNattached.

2015/12/13 12:11:25.852 ::: Debug -- USB Device #0 is UNattached.

2015/12/13 12:11:25.879 ::: Debug -- USB Device #1 is UNattached.

2015/12/13 12:11:26.025 ::: Debug -- USB Device #0 is UNattached.

2015/12/13 12:11:27.477 ::: Debug -- USB Device #? is UNattached.

2015/12/13 12:11:27.549 ::: Debug -- USB Device #0 is UNattached.

2015/12/13 12:11:27.615 ::: Debug -- USB Device #1 is UNattached.

2015/12/13 12:11:27.682 ::: Debug -- USB Device #2 is UNattached.

2015/12/13 12:11:27.751 ::: Debug -- USB Device #3 is UNattached.

2015/12/13 12:11:27.826 ::: Debug -- USB Device #4 is UNattached.

2015/12/13 12:11:28.010 ::: Debug -- USB Device #5 is UNattached.

2015/12/13 12:11:28.085 ::: Debug -- USB Device #6 is UNattached.

2015/12/13 12:11:28.185 ::: Debug -- USB Device #7 is UNattached.

2015/12/13 12:11:28.264 ::: Debug -- USB Device #8 is UNattached.

2015/12/13 12:11:28.346 ::: Debug -- USB Device #9 is UNattached.

2015/12/13 12:11:28.525 ::: Debug -- USB Device #? is UNattached.

2015/12/13 12:11:28.610 ::: Debug -- USB Device #0 is attached.

2015/12/13 12:11:28.620 ::: Debug -- USB Device #0 is attached.

2015/12/13 12:11:28.701 ::: Debug -- USB Device #1 is UNattached.

2015/12/13 12:11:28.759 ::: Debug -- USB Device #2 is UNattached.

2015/12/13 12:11:28.768 ::: Debug -- Q-Berry LED #0
QBW v3.6.9
(C)2014 David Quesenberry - http:/
2015/12/13 12:11:28.835 ::: Debug -- USB Device #3 is UNattached.

2015/12/13 12:11:28.905 ::: Debug -- USB Device #4 is UNattached.

2015/12/13 12:11:28.973 ::: Debug -- USB Device #5 is UNattached.

2015/12/13 12:11:28.983 ::: Debug -- /www.QBytesWorld.com
USB Device Initialised.
2015/12/13 12:11:29.084 ::: Debug -- USB Device #6 is UNattached.

2015/12/13 12:11:29.191 ::: Debug -- USB Device #7 is UNattached.

2015/12/13 12:11:29.279 ::: Debug -- USB Device #8 is UNattached.

2015/12/13 12:11:29.369 ::: Debug -- USB Device #9 is UNattached.

2015/12/13 12:11:29.520 ::: Debug -- USB Device #? is UNattached.

2015/12/13 12:11:29.597 ::: Debug -- USB Device #1 is UNattached.

2015/12/13 12:11:29.666 ::: Debug -- USB Device #2 is UNattached.

2015/12/13 12:11:29.730 ::: Debug -- USB Device #3 is UNattached.

2015/12/13 12:11:29.790 ::: Debug -- USB Device #4 is UNattached.

2015/12/13 12:11:29.853 ::: Debug -- USB Device #5 is UNattached.

2015/12/13 12:11:29.915 ::: Debug -- USB Device #6 is UNattached.

2015/12/13 12:11:29.995 ::: Debug -- USB Device #7 is UNattached.

2015/12/13 12:11:30.113 ::: Debug -- USB Device #8 is UNattached.

2015/12/13 12:11:30.207 ::: Debug -- USB Device #9 is UNattached.

2015/12/13 12:11:30.454 ::: Debug -- USB Device #? is UNattached.

2015/12/13 12:11:30.559 ::: Debug -- USB Device #1 is attached.

2015/12/13 12:11:30.571 ::: Debug -- USB Device #1 is attached.

2015/12/13 12:11:30.597 ::: Debug -- Q-Berry LED #1
QBW v3.7.0
(C)2014 David Quesenberry - http:/
2015/12/13 12:11:30.681 ::: Debug -- USB Device #2 is UNattached.

2015/12/13 12:11:30.754 ::: Debug -- USB Device #3 is UNattached.

2015/12/13 12:11:30.770 ::: Debug -- /www.QBytesWorld.com
USB Device Initialised.
2015/12/13 12:11:30.866 ::: Debug -- USB Device #4 is UNattached.

2015/12/13 12:11:31.038 ::: Debug -- USB Device #5 is UNattached.

2015/12/13 12:11:31.161 ::: Debug -- USB Device #6 is UNattached.

2015/12/13 12:11:31.297 ::: Debug -- USB Device #7 is UNattached.

2015/12/13 12:11:31.409 ::: Debug -- USB Device #8 is UNattached.

2015/12/13 12:11:31.507 ::: Debug -- USB Device #9 is UNattached.

2015/12/13 12:11:31.648 ::: Debug -- USB Device #? is UNattached.

2015/12/13 12:11:31.732 ::: Debug -- USB Device #2 is UNattached.

2015/12/13 12:11:31.808 ::: Debug -- USB Device #3 is UNattached.

2015/12/13 12:11:31.885 ::: Debug -- USB Device #4 is UNattached.

2015/12/13 12:11:31.969 ::: Debug -- USB Device #5 is UNattached.

2015/12/13 12:11:32.051 ::: Debug -- USB Device #6 is UNattached.

2015/12/13 12:11:32.135 ::: Debug -- USB Device #7 is UNattached.

2015/12/13 12:11:32.266 ::: Debug -- USB Device #8 is UNattached.

2015/12/13 12:11:32.359 ::: Debug -- USB Device #9 is UNattached.

2015/12/13 12:22:49.504 ::: Debug -- USB Device #1 is UNattached.

2015/12/13 12:22:52.524 ::: Debug -- USB Device #0 is UNattached.

2015/12/13 12:22:52.542 ::: Debug -- USB Device #1 is UNattached.

2015/12/13 12:22:52.710 ::: Debug -- USB Device #0 is UNattached.

2015/12/13 12:23:06.365 ::: Debug -- USB Device #? is UNattached.

2015/12/13 12:23:06.433 ::: Debug -- USB Device #0 is UNattached.

2015/12/13 12:23:06.499 ::: Debug -- USB Device #1 is UNattached.

2015/12/13 12:23:06.565 ::: Debug -- USB Device #2 is UNattached.

2015/12/13 12:23:06.627 ::: Debug -- USB Device #3 is UNattached.

2015/12/13 12:23:06.693 ::: Debug -- USB Device #4 is UNattached.

2015/12/13 12:23:06.755 ::: Debug -- USB Device #5 is UNattached.

2015/12/13 12:23:06.818 ::: Debug -- USB Device #6 is UNattached.

2015/12/13 12:23:06.882 ::: Debug -- USB Device #7 is UNattached.

2015/12/13 12:23:06.968 ::: Debug -- USB Device #8 is UNattached.

2015/12/13 12:23:07.068 ::: Debug -- USB Device #9 is UNattached.

2015/12/13 12:23:07.303 ::: Debug -- USB Device #? is UNattached.

2015/12/13 12:23:07.410 ::: Debug -- USB Device #0 is UNattached.

2015/12/13 12:23:07.512 ::: Debug -- USB Device #1 is UNattached.

2015/12/13 12:23:07.598 ::: Debug -- USB Device #2 is UNattached.

2015/12/13 12:23:07.684 ::: Debug -- USB Device #3 is UNattached.

2015/12/13 12:23:07.792 ::: Debug -- USB Device #4 is UNattached.

2015/12/13 12:23:07.914 ::: Debug -- USB Device #5 is UNattached.

2015/12/13 12:23:08.129 ::: Debug -- USB Device #6 is UNattached.

2015/12/13 12:23:08.252 ::: Debug -- USB Device #7 is UNattached.

2015/12/13 12:23:08.348 ::: Debug -- USB Device #8 is UNattached.

2015/12/13 12:23:08.434 ::: Debug -- USB Device #9 is UNattached.

2015/12/13 12:23:08.565 ::: Debug -- USB Device #? is attached.

2015/12/13 12:23:08.576 ::: Debug -- USB Device #? is attached.

2015/12/13 12:23:08.648 ::: Debug -- USB Device #0 is attached.

2015/12/13 12:23:08.658 ::: Debug -- USB Device #0 is attached.

2015/12/13 12:23:08.669 ::: Debug -- Q-Berry LED #?
QBW v3.8.0
(C)2014 David Quesenberry - http:/
2015/12/13 12:23:08.679 ::: Debug -- Q-Berry LED #0
QBW v3.6.9
(C)2014 David Quesenberry - http:/
2015/12/13 12:23:08.747 ::: Debug -- USB Device #1 is UNattached.

2015/12/13 12:23:08.818 ::: Debug -- USB Device #2 is UNattached.

2015/12/13 12:23:08.828 ::: Debug -- /www.QBytesWorld.com
USB Device Initialised.
2015/12/13 12:23:08.840 ::: Debug -- /www.QBytesWorld.com
USB Device Initialised.
2015/12/13 12:23:08.911 ::: Debug -- USB Device #3 is UNattached.

2015/12/13 12:23:08.979 ::: Debug -- USB Device #4 is UNattached.

2015/12/13 12:23:09.051 ::: Debug -- USB Device #5 is UNattached.

2015/12/13 12:23:09.191 ::: Debug -- USB Device #6 is UNattached.

2015/12/13 12:23:09.303 ::: Debug -- USB Device #7 is UNattached.

2015/12/13 12:23:09.426 ::: Debug -- USB Device #8 is UNattached.

2015/12/13 12:23:09.538 ::: Debug -- USB Device #9 is UNattached.

2015/12/13 12:23:09.712 ::: Debug -- USB Device #1 is UNattached.

2015/12/13 12:23:09.781 ::: Debug -- USB Device #2 is UNattached.

2015/12/13 12:23:09.846 ::: Debug -- USB Device #3 is UNattached.

2015/12/13 12:23:09.919 ::: Debug -- USB Device #4 is UNattached.

2015/12/13 12:23:09.990 ::: Debug -- USB Device #5 is UNattached.

2015/12/13 12:23:10.061 ::: Debug -- USB Device #6 is UNattached.

2015/12/13 12:23:10.140 ::: Debug -- USB Device #7 is UNattached.

2015/12/13 12:23:10.209 ::: Debug -- USB Device #8 is UNattached.

2015/12/13 12:23:10.344 ::: Debug -- USB Device #9 is UNattached.

2015/12/13 12:23:10.626 ::: Debug -- USB Device #1 is UNattached.

2015/12/13 12:23:10.721 ::: Debug -- USB Device #2 is UNattached.

2015/12/13 12:23:10.809 ::: Debug -- USB Device #3 is UNattached.

2015/12/13 12:23:10.882 ::: Debug -- USB Device #4 is UNattached.

2015/12/13 12:23:10.949 ::: Debug -- USB Device #5 is UNattached.

2015/12/13 12:23:11.026 ::: Debug -- USB Device #6 is UNattached.

2015/12/13 12:23:11.097 ::: Debug -- USB Device #7 is UNattached.

2015/12/13 12:23:11.185 ::: Debug -- USB Device #8 is UNattached.

2015/12/13 12:23:11.282 ::: Debug -- USB Device #9 is UNattached.

2015/12/13 13:25:14.629 ::: Debug -- USB Device #? is UNattached.

2015/12/13 13:25:17.645 ::: Debug -- USB Device #0 is UNattached.

2015/12/13 13:25:18.547 ::: Debug -- USB Device #0 is UNattached.

2015/12/13 13:25:18.680 ::: Debug -- USB Device #? is UNattached.

2015/12/13 13:25:19.299 ::: Debug -- USB Device #? is UNattached.

2015/12/13 13:25:19.377 ::: Debug -- USB Device #0 is UNattached.

2015/12/13 13:25:19.455 ::: Debug -- USB Device #1 is UNattached.

2015/12/13 13:25:19.527 ::: Debug -- USB Device #2 is UNattached.

2015/12/13 13:25:19.586 ::: Debug -- USB Device #3 is UNattached.

2015/12/13 13:25:19.643 ::: Debug -- USB Device #4 is UNattached.

2015/12/13 13:25:19.700 ::: Debug -- USB Device #5 is UNattached.

2015/12/13 13:25:19.757 ::: Debug -- USB Device #6 is UNattached.

2015/12/13 13:25:19.820 ::: Debug -- USB Device #7 is UNattached.

2015/12/13 13:25:19.882 ::: Debug -- USB Device #8 is UNattached.

2015/12/13 13:25:19.978 ::: Debug -- USB Device #9 is UNattached.

2015/12/13 13:25:20.137 ::: Debug -- USB Device #? is UNattached.

2015/12/13 13:25:20.215 ::: Debug -- USB Device #0 is UNattached.

2015/12/13 13:25:20.295 ::: Debug -- USB Device #1 is UNattached.

2015/12/13 13:25:20.369 ::: Debug -- USB Device #2 is UNattached.

2015/12/13 13:25:20.448 ::: Debug -- USB Device #3 is UNattached.

2015/12/13 13:25:20.517 ::: Debug -- USB Device #4 is UNattached.

2015/12/13 13:25:20.571 ::: Debug -- USB Device #5 is UNattached.

2015/12/13 13:25:20.628 ::: Debug -- USB Device #6 is UNattached.

2015/12/13 13:25:20.720 ::: Debug -- USB Device #7 is UNattached.

2015/12/13 13:25:20.817 ::: Debug -- USB Device #8 is UNattached.

2015/12/13 13:25:20.902 ::: Debug -- USB Device #9 is UNattached.

2015/12/13 13:27:08.021 ::: Debug -- USB Device #? is UNattached.

2015/12/13 13:27:08.091 ::: Debug -- USB Device #0 is UNattached.

2015/12/13 13:27:08.153 ::: Debug -- USB Device #1 is UNattached.

2015/12/13 13:27:08.209 ::: Debug -- USB Device #2 is UNattached.

2015/12/13 13:27:08.265 ::: Debug -- USB Device #3 is UNattached.

2015/12/13 13:27:08.320 ::: Debug -- USB Device #4 is UNattached.

2015/12/13 13:27:08.376 ::: Debug -- USB Device #5 is UNattached.

2015/12/13 13:27:08.432 ::: Debug -- USB Device #6 is UNattached.

2015/12/13 13:27:08.489 ::: Debug -- USB Device #7 is UNattached.

2015/12/13 13:27:08.549 ::: Debug -- USB Device #8 is UNattached.

2015/12/13 13:27:08.660 ::: Debug -- USB Device #9 is UNattached.

2015/12/13 13:27:08.856 ::: Debug -- USB Device #? is UNattached.

2015/12/13 13:27:08.947 ::: Debug -- USB Device #0 is UNattached.

2015/12/13 13:27:09.035 ::: Debug -- USB Device #1 is UNattached.

2015/12/13 13:27:09.121 ::: Debug -- USB Device #2 is UNattached.

2015/12/13 13:27:09.192 ::: Debug -- USB Device #3 is UNattached.

2015/12/13 13:27:09.255 ::: Debug -- USB Device #4 is UNattached.

2015/12/13 13:27:09.317 ::: Debug -- USB Device #5 is UNattached.

2015/12/13 13:27:09.380 ::: Debug -- USB Device #6 is UNattached.

2015/12/13 13:27:09.486 ::: Debug -- USB Device #7 is UNattached.

2015/12/13 13:27:09.574 ::: Debug -- USB Device #8 is UNattached.

2015/12/13 13:27:09.658 ::: Debug -- USB Device #9 is UNattached.

2015/12/13 13:27:09.827 ::: Debug -- USB Device #? is attached.

2015/12/13 13:27:09.834 ::: Debug -- USB Device #? is attached.

2015/12/13 13:27:09.922 ::: Debug -- USB Device #0 is attached.

2015/12/13 13:27:09.930 ::: Debug -- USB Device #0 is attached.

2015/12/13 13:27:09.942 ::: Debug -- Q-Berry LED #?
QBW v3.8.0
(C)2014 David Quesenberry - http:/
2015/12/13 13:27:09.951 ::: Debug -- Q-Berry LED #0
QBW v3.6.9
(C)2014 David Quesenberry - http:/
2015/12/13 13:27:10.016 ::: Debug -- USB Device #1 is UNattached.

2015/12/13 13:27:10.080 ::: Debug -- USB Device #2 is UNattached.

2015/12/13 13:27:10.143 ::: Debug -- USB Device #3 is UNattached.

2015/12/13 13:27:10.205 ::: Debug -- USB Device #4 is UNattached.

2015/12/13 13:27:10.268 ::: Debug -- USB Device #5 is UNattached.

2015/12/13 13:27:10.278 ::: Debug -- /www.QBytesWorld.com
USB Device Initialised.
2015/12/13 13:27:10.288 ::: Debug -- /www.QBytesWorld.com
USB Device Initialised.
2015/12/13 13:27:10.431 ::: Debug -- USB Device #6 is UNattached.

2015/12/13 13:27:10.533 ::: Debug -- USB Device #7 is UNattached.

2015/12/13 13:27:10.623 ::: Debug -- USB Device #8 is UNattached.

2015/12/13 13:27:10.750 ::: Debug -- USB Device #9 is UNattached.

2015/12/13 13:27:10.933 ::: Debug -- USB Device #1 is UNattached.

2015/12/13 13:27:11.014 ::: Debug -- USB Device #2 is UNattached.

2015/12/13 13:27:11.089 ::: Debug -- USB Device #3 is UNattached.

2015/12/13 13:27:11.173 ::: Debug -- USB Device #4 is UNattached.

2015/12/13 13:27:11.248 ::: Debug -- USB Device #5 is UNattached.

2015/12/13 13:27:11.319 ::: Debug -- USB Device #6 is UNattached.

2015/12/13 13:27:11.399 ::: Debug -- USB Device #7 is UNattached.

2015/12/13 13:27:11.516 ::: Debug -- USB Device #8 is UNattached.

2015/12/13 13:27:11.625 ::: Debug -- USB Device #9 is UNattached.

2015/12/13 13:27:13.683 ::: Debug -- USB Device #1 is UNattached.

2015/12/13 13:27:13.768 ::: Debug -- USB Device #2 is UNattached.

2015/12/13 13:27:13.862 ::: Debug -- USB Device #3 is UNattached.

2015/12/13 13:27:13.954 ::: Debug -- USB Device #4 is UNattached.

2015/12/13 13:27:14.043 ::: Debug -- USB Device #5 is UNattached.

2015/12/13 13:27:14.120 ::: Debug -- USB Device #6 is UNattached.

2015/12/13 13:27:14.204 ::: Debug -- USB Device #7 is UNattached.

2015/12/13 13:27:14.329 ::: Debug -- USB Device #8 is UNattached.

2015/12/13 13:27:14.437 ::: Debug -- USB Device #9 is UNattached.

2015/12/13 13:27:19.147 ::: Debug -- USB Device #? is UNattached.

2015/12/13 13:27:19.167 ::: Debug -- USB Device #? is UNattached.

2015/12/13 13:27:19.453 ::: Debug -- USB Device #? is UNattached.

2015/12/13 13:27:19.532 ::: Debug -- USB Device #1 is attached.

2015/12/13 13:27:19.541 ::: Debug -- USB Device #1 is attached.

2015/12/13 13:27:19.613 ::: Debug -- USB Device #2 is UNattached.

2015/12/13 13:27:19.629 ::: Debug -- Q-Berry LED #1
QBW v3.8.0
(C)2014 David Quesenberry - http:/
2015/12/13 13:27:19.701 ::: Debug -- USB Device #3 is UNattached.

2015/12/13 13:27:19.784 ::: Debug -- USB Device #4 is UNattached.

2015/12/13 13:27:19.798 ::: Debug -- /www.QBytesWorld.com
USB Device Initialised.
2015/12/13 13:27:19.874 ::: Debug -- USB Device #5 is UNattached.

2015/12/13 13:27:19.948 ::: Debug -- USB Device #6 is UNattached.

2015/12/13 13:27:20.041 ::: Debug -- USB Device #7 is UNattached.

2015/12/13 13:27:20.136 ::: Debug -- USB Device #8 is UNattached.

2015/12/13 13:27:20.222 ::: Debug -- USB Device #9 is UNattached.

2015/12/13 13:34:38.761 ::: Debug -- USB Device #? is UNattached.

2015/12/13 13:34:38.845 ::: Debug -- USB Device #2 is UNattached.

2015/12/13 13:34:38.917 ::: Debug -- USB Device #3 is UNattached.

2015/12/13 13:34:38.996 ::: Debug -- USB Device #4 is UNattached.

2015/12/13 13:34:39.061 ::: Debug -- USB Device #5 is UNattached.

2015/12/13 13:34:39.135 ::: Debug -- USB Device #6 is UNattached.

2015/12/13 13:34:39.201 ::: Debug -- USB Device #7 is UNattached.

2015/12/13 13:34:39.266 ::: Debug -- USB Device #8 is UNattached.

2015/12/13 13:34:39.394 ::: Debug -- USB Device #9 is UNattached.

2015/12/13 13:34:45.598 ::: Debug -- USB Device #1 is UNattached.

2015/12/13 13:34:48.613 ::: Debug -- USB Device #0 is UNattached.

2015/12/13 13:34:48.632 ::: Debug -- USB Device #1 is UNattached.

2015/12/13 13:34:48.801 ::: Debug -- USB Device #0 is UNattached.

2015/12/13 13:41:35.873 ::: Info -- =========================================================
2015/12/13 13:41:36.059 ::: Debug -- USB Device #0 is attached.

2015/12/13 13:41:36.145 ::: Debug -- USB Device #1 is attached.

2015/12/13 13:41:36.767 ::: Debug -- Q-Berry LED #0
QBW v3.6.9
(C)2014 David Quesenberry - http:/
2015/12/13 13:41:36.780 ::: Debug -- Q-Berry LED #1
QBW v3.8.0
(C)2014 David Quesenberry - http:/
2015/12/13 13:41:36.948 ::: Debug -- /www.QBytesWorld.com
USB Device Initialised.
2015/12/13 13:41:36.960 ::: Debug -- /www.QBytesWorld.com
USB Device Initialised.
2015/12/13 13:42:03.474 ::: Debug -- USB Device #0 is UNattached.

2015/12/13 13:42:06.491 ::: Debug -- USB Device #1 is UNattached.

2015/12/13 13:42:06.532 ::: Debug -- USB Device #1 is UNattached.

2015/12/13 13:42:06.687 ::: Debug -- USB Device #0 is UNattached.

2015/12/13 13:42:07.761 ::: Debug -- USB Device #? is UNattached.

2015/12/13 13:42:07.832 ::: Debug -- USB Device #0 is UNattached.

2015/12/13 13:42:07.901 ::: Debug -- USB Device #1 is UNattached.

2015/12/13 13:42:07.971 ::: Debug -- USB Device #2 is UNattached.

2015/12/13 13:42:08.033 ::: Debug -- USB Device #3 is UNattached.

2015/12/13 13:42:08.095 ::: Debug -- USB Device #4 is UNattached.

2015/12/13 13:42:08.157 ::: Debug -- USB Device #5 is UNattached.

2015/12/13 13:42:08.220 ::: Debug -- USB Device #6 is UNattached.

2015/12/13 13:42:08.280 ::: Debug -- USB Device #7 is UNattached.

2015/12/13 13:42:08.344 ::: Debug -- USB Device #8 is UNattached.

2015/12/13 13:42:08.438 ::: Debug -- USB Device #9 is UNattached.

2015/12/13 13:42:08.609 ::: Debug -- USB Device #? is UNattached.

2015/12/13 13:42:08.695 ::: Debug -- USB Device #0 is UNattached.

2015/12/13 13:42:08.778 ::: Debug -- USB Device #1 is UNattached.

2015/12/13 13:42:08.874 ::: Debug -- USB Device #2 is UNattached.

2015/12/13 13:42:08.959 ::: Debug -- USB Device #3 is UNattached.

2015/12/13 13:42:09.036 ::: Debug -- USB Device #4 is UNattached.

2015/12/13 13:42:09.106 ::: Debug -- USB Device #5 is UNattached.

2015/12/13 13:42:09.221 ::: Debug -- USB Device #6 is UNattached.

2015/12/13 13:42:09.312 ::: Debug -- USB Device #7 is UNattached.

2015/12/13 13:42:09.404 ::: Debug -- USB Device #8 is UNattached.

2015/12/13 13:42:09.495 ::: Debug -- USB Device #9 is UNattached.

2015/12/13 13:42:09.686 ::: Debug -- USB Device #? is UNattached.

2015/12/13 13:42:09.760 ::: Debug -- USB Device #0 is attached.

2015/12/13 13:42:09.769 ::: Debug -- USB Device #0 is attached.

2015/12/13 13:42:09.835 ::: Debug -- USB Device #1 is UNattached.

2015/12/13 13:42:09.848 ::: Debug -- Q-Berry LED #0
QBW v3.6.9
(C)2014 David Quesenberry - http:/
2015/12/13 13:42:09.919 ::: Debug -- USB Device #2 is UNattached.

2015/12/13 13:42:09.994 ::: Debug -- USB Device #3 is UNattached.

2015/12/13 13:42:10.009 ::: Debug -- /www.QBytesWorld.com
USB Device Initialised.
2015/12/13 13:42:10.087 ::: Debug -- USB Device #4 is UNattached.

2015/12/13 13:42:10.168 ::: Debug -- USB Device #5 is UNattached.

2015/12/13 13:42:10.250 ::: Debug -- USB Device #6 is UNattached.

2015/12/13 13:42:10.367 ::: Debug -- USB Device #7 is UNattached.

2015/12/13 13:42:10.467 ::: Debug -- USB Device #8 is UNattached.

2015/12/13 13:42:10.561 ::: Debug -- USB Device #9 is UNattached.

2015/12/13 13:42:10.730 ::: Debug -- USB Device #? is UNattached.

2015/12/13 13:42:10.810 ::: Debug -- USB Device #1 is UNattached.

2015/12/13 13:42:10.879 ::: Debug -- USB Device #2 is UNattached.

2015/12/13 13:42:10.949 ::: Debug -- USB Device #3 is UNattached.

2015/12/13 13:42:11.015 ::: Debug -- USB Device #4 is UNattached.

2015/12/13 13:42:11.087 ::: Debug -- USB Device #5 is UNattached.

2015/12/13 13:42:11.156 ::: Debug -- USB Device #6 is UNattached.

2015/12/13 13:42:11.221 ::: Debug -- USB Device #7 is UNattached.

2015/12/13 13:42:11.320 ::: Debug -- USB Device #8 is UNattached.

2015/12/13 13:42:11.404 ::: Debug -- USB Device #9 is UNattached.

2015/12/13 13:42:11.727 ::: Debug -- USB Device #? is UNattached.

2015/12/13 13:42:11.812 ::: Debug -- USB Device #1 is attached.

2015/12/13 13:42:11.821 ::: Debug -- USB Device #1 is attached.

2015/12/13 13:42:11.838 ::: Debug -- Q-Berry LED #1
QBW v3.8.0
(C)2014 David Quesenberry - http:/
2015/12/13 13:42:11.909 ::: Debug -- USB Device #2 is UNattached.

2015/12/13 13:42:11.976 ::: Debug -- USB Device #3 is UNattached.

2015/12/13 13:42:12.043 ::: Debug -- USB Device #4 is UNattached.

2015/12/13 13:42:12.059 ::: Debug -- /www.QBytesWorld.com
USB Device Initialised.
2015/12/13 13:42:12.125 ::: Debug -- USB Device #5 is UNattached.

2015/12/13 13:42:12.193 ::: Debug -- USB Device #6 is UNattached.

2015/12/13 13:42:12.295 ::: Debug -- USB Device #7 is UNattached.

2015/12/13 13:42:12.400 ::: Debug -- USB Device #8 is UNattached.

2015/12/13 13:42:12.504 ::: Debug -- USB Device #9 is UNattached.

2015/12/13 13:52:16.213 ::: Debug -- USB Device #1 is UNattached.

2015/12/13 13:52:19.249 ::: Debug -- USB Device #0 is UNattached.

2015/12/13 13:52:19.611 ::: Debug -- USB Device #1 is UNattached.

2015/12/13 13:52:19.783 ::: Debug -- USB Device #0 is UNattached.

2015/12/13 13:52:30.849 ::: Debug -- USB Device #? is UNattached.

2015/12/13 13:52:30.920 ::: Debug -- USB Device #0 is UNattached.

2015/12/13 13:52:30.984 ::: Debug -- USB Device #1 is UNattached.

2015/12/13 13:52:31.051 ::: Debug -- USB Device #2 is UNattached.

2015/12/13 13:52:31.114 ::: Debug -- USB Device #3 is UNattached.

2015/12/13 13:52:31.178 ::: Debug -- USB Device #4 is UNattached.

2015/12/13 13:52:31.243 ::: Debug -- USB Device #5 is UNattached.

2015/12/13 13:52:31.308 ::: Debug -- USB Device #6 is UNattached.

2015/12/13 13:52:31.373 ::: Debug -- USB Device #7 is UNattached.

2015/12/13 13:52:31.456 ::: Debug -- USB Device #8 is UNattached.

2015/12/13 13:52:31.538 ::: Debug -- USB Device #9 is UNattached.

2015/12/13 13:52:31.694 ::: Debug -- USB Device #? is UNattached.

2015/12/13 13:52:31.811 ::: Debug -- USB Device #0 is UNattached.

2015/12/13 13:52:31.905 ::: Debug -- USB Device #1 is UNattached.

2015/12/13 13:52:32.004 ::: Debug -- USB Device #2 is UNattached.

2015/12/13 13:52:32.084 ::: Debug -- USB Device #3 is UNattached.

2015/12/13 13:52:32.171 ::: Debug -- USB Device #4 is UNattached.

2015/12/13 13:52:32.255 ::: Debug -- USB Device #5 is UNattached.

2015/12/13 13:52:32.339 ::: Debug -- USB Device #6 is UNattached.

2015/12/13 13:52:32.433 ::: Debug -- USB Device #7 is UNattached.

2015/12/13 13:52:32.554 ::: Debug -- USB Device #8 is UNattached.

2015/12/13 13:52:32.655 ::: Debug -- USB Device #9 is UNattached.

2015/12/13 13:52:32.847 ::: Debug -- USB Device #? is UNattached.

2015/12/13 13:52:32.929 ::: Debug -- USB Device #0 is attached.

2015/12/13 13:52:32.941 ::: Debug -- USB Device #0 is attached.

2015/12/13 13:52:33.018 ::: Debug -- USB Device #1 is UNattached.

2015/12/13 13:52:33.032 ::: Debug -- Q-Berry LED #0
QBW v3.6.9
(C)2014 David Quesenberry - http:/
2015/12/13 13:52:33.099 ::: Debug -- USB Device #2 is UNattached.

2015/12/13 13:52:33.168 ::: Debug -- USB Device #3 is UNattached.

2015/12/13 13:52:33.236 ::: Debug -- USB Device #4 is UNattached.

2015/12/13 13:52:33.247 ::: Debug -- /www.QBytesWorld.com
USB Device Initialised.
2015/12/13 13:52:33.319 ::: Debug -- USB Device #5 is UNattached.

2015/12/13 13:52:33.435 ::: Debug -- USB Device #6 is UNattached.

2015/12/13 13:52:33.547 ::: Debug -- USB Device #7 is UNattached.

2015/12/13 13:52:33.649 ::: Debug -- USB Device #8 is UNattached.

2015/12/13 13:52:33.770 ::: Debug -- USB Device #9 is UNattached.

2015/12/13 13:52:33.937 ::: Debug -- USB Device #? is UNattached.

2015/12/13 13:52:34.031 ::: Debug -- USB Device #1 is attached.

2015/12/13 13:52:34.042 ::: Debug -- USB Device #1 is attached.

2015/12/13 13:52:34.064 ::: Debug -- Q-Berry LED #1
QBW v3.8.0
(C)2014 David Quesenberry - http:/
2015/12/13 13:52:34.139 ::: Debug -- USB Device #2 is UNattached.

2015/12/13 13:52:34.208 ::: Debug -- USB Device #3 is UNattached.

2015/12/13 13:52:34.279 ::: Debug -- USB Device #4 is UNattached.

2015/12/13 13:52:34.294 ::: Debug -- /www.QBytesWorld.com
USB Device Initialised.
2015/12/13 13:52:34.363 ::: Debug -- USB Device #5 is UNattached.

2015/12/13 13:52:34.431 ::: Debug -- USB Device #6 is UNattached.

2015/12/13 13:52:34.549 ::: Debug -- USB Device #7 is UNattached.

2015/12/13 13:52:34.644 ::: Debug -- USB Device #8 is UNattached.

2015/12/13 13:52:34.828 ::: Debug -- USB Device #9 is UNattached.

2015/12/13 13:52:35.101 ::: Debug -- USB Device #? is UNattached.

2015/12/13 13:52:35.208 ::: Debug -- USB Device #2 is UNattached.

2015/12/13 13:52:35.289 ::: Debug -- USB Device #3 is UNattached.

2015/12/13 13:52:35.377 ::: Debug -- USB Device #4 is UNattached.

2015/12/13 13:52:35.452 ::: Debug -- USB Device #5 is UNattached.

2015/12/13 13:52:35.533 ::: Debug -- USB Device #6 is UNattached.

2015/12/13 13:52:35.624 ::: Debug -- USB Device #7 is UNattached.

2015/12/13 13:52:35.725 ::: Debug -- USB Device #8 is UNattached.

2015/12/13 13:52:35.849 ::: Debug -- USB Device #9 is UNattached.

2015/12/13 13:52:42.301 ::: Debug -- USB Device #1 is UNattached.

2015/12/13 13:52:45.336 ::: Debug -- USB Device #0 is UNattached.

2015/12/13 13:52:45.353 ::: Debug -- USB Device #1 is UNattached.

2015/12/13 13:52:45.517 ::: Debug -- USB Device #0 is UNattached.

2015/12/13 13:52:47.800 ::: Debug -- USB Device #? is UNattached.

2015/12/13 13:52:47.857 ::: Debug -- USB Device #0 is UNattached.

2015/12/13 13:52:47.912 ::: Debug -- USB Device #1 is UNattached.

2015/12/13 13:52:47.967 ::: Debug -- USB Device #2 is UNattached.

2015/12/13 13:52:48.025 ::: Debug -- USB Device #3 is UNattached.

2015/12/13 13:52:48.084 ::: Debug -- USB Device #4 is UNattached.

2015/12/13 13:52:48.141 ::: Debug -- USB Device #5 is UNattached.

2015/12/13 13:52:48.198 ::: Debug -- USB Device #6 is UNattached.

2015/12/13 13:52:48.254 ::: Debug -- USB Device #7 is UNattached.

2015/12/13 13:52:48.313 ::: Debug -- USB Device #8 is UNattached.

2015/12/13 13:52:48.374 ::: Debug -- USB Device #9 is UNattached.

2015/12/13 13:52:48.548 ::: Debug -- USB Device #? is UNattached.

2015/12/13 13:52:48.628 ::: Debug -- USB Device #0 is UNattached.

2015/12/13 13:52:48.711 ::: Debug -- USB Device #1 is UNattached.

2015/12/13 13:52:48.792 ::: Debug -- USB Device #2 is UNattached.

2015/12/13 13:52:48.873 ::: Debug -- USB Device #3 is UNattached.

2015/12/13 13:52:48.952 ::: Debug -- USB Device #4 is UNattached.

2015/12/13 13:52:49.025 ::: Debug -- USB Device #5 is UNattached.

2015/12/13 13:52:49.122 ::: Debug -- USB Device #6 is UNattached.

2015/12/13 13:52:49.201 ::: Debug -- USB Device #7 is UNattached.

2015/12/13 13:52:49.281 ::: Debug -- USB Device #8 is UNattached.

2015/12/13 13:52:49.378 ::: Debug -- USB Device #9 is UNattached.

2015/12/13 13:52:49.572 ::: Debug -- USB Device #? is UNattached.

2015/12/13 13:52:49.658 ::: Debug -- USB Device #0 is attached.

2015/12/13 13:52:49.668 ::: Debug -- USB Device #0 is attached.

2015/12/13 13:52:49.681 ::: Debug -- Q-Berry LED #0
QBW v3.6.9
(C)2014 David Quesenberry - http:/
2015/12/13 13:52:49.764 ::: Debug -- USB Device #1 is UNattached.

2015/12/13 13:52:49.836 ::: Debug -- USB Device #2 is UNattached.

2015/12/13 13:52:49.845 ::: Debug -- /www.QBytesWorld.com
USB Device Initialised.
2015/12/13 13:52:49.905 ::: Debug -- USB Device #3 is UNattached.

2015/12/13 13:52:49.967 ::: Debug -- USB Device #4 is UNattached.

2015/12/13 13:52:50.027 ::: Debug -- USB Device #5 is UNattached.

2015/12/13 13:52:50.135 ::: Debug -- USB Device #6 is UNattached.

2015/12/13 13:52:50.218 ::: Debug -- USB Device #7 is UNattached.

2015/12/13 13:52:50.313 ::: Debug -- USB Device #8 is UNattached.

2015/12/13 13:52:50.404 ::: Debug -- USB Device #9 is UNattached.

2015/12/13 13:52:50.572 ::: Debug -- USB Device #? is UNattached.

2015/12/13 13:52:50.651 ::: Debug -- USB Device #1 is UNattached.

2015/12/13 13:52:50.735 ::: Debug -- USB Device #2 is UNattached.

2015/12/13 13:52:50.799 ::: Debug -- USB Device #3 is UNattached.

2015/12/13 13:52:50.863 ::: Debug -- USB Device #4 is UNattached.

2015/12/13 13:52:50.930 ::: Debug -- USB Device #5 is UNattached.

2015/12/13 13:52:51.004 ::: Debug -- USB Device #6 is UNattached.

2015/12/13 13:52:51.069 ::: Debug -- USB Device #7 is UNattached.

2015/12/13 13:52:51.180 ::: Debug -- USB Device #8 is UNattached.

2015/12/13 13:52:51.266 ::: Debug -- USB Device #9 is UNattached.

2015/12/13 13:52:51.894 ::: Debug -- USB Device #? is UNattached.

2015/12/13 13:52:51.989 ::: Debug -- USB Device #1 is attached.

2015/12/13 13:52:51.996 ::: Debug -- USB Device #1 is attached.

2015/12/13 13:52:52.084 ::: Debug -- USB Device #2 is UNattached.

2015/12/13 13:52:52.101 ::: Debug -- Q-Berry LED #1
QBW v3.8.0
(C)2014 David Quesenberry - http:/
2015/12/13 13:52:52.188 ::: Debug -- USB Device #3 is UNattached.

2015/12/13 13:52:52.288 ::: Debug -- USB Device #4 is UNattached.

2015/12/13 13:52:52.306 ::: Debug -- /www.QBytesWorld.com
USB Device Initialised.
2015/12/13 13:52:52.394 ::: Debug -- USB Device #5 is UNattached.

2015/12/13 13:52:52.502 ::: Debug -- USB Device #6 is UNattached.

2015/12/13 13:52:52.634 ::: Debug -- USB Device #7 is UNattached.

2015/12/13 13:52:52.749 ::: Debug -- USB Device #8 is UNattached.

2015/12/13 13:52:52.880 ::: Debug -- USB Device #9 is UNattached.

2015/12/13 13:53:17.671 ::: Info -- =========================================================
2015/12/13 13:53:17.871 ::: Debug -- USB Device #0 is attached.

2015/12/13 13:53:17.951 ::: Debug -- USB Device #1 is attached.

2015/12/13 13:53:50.408 ::: Debug -- USB Device #0 is UNattached.

