2015/12/12 14:18:36.874 ::: Info -- =========================================================
2015/12/12 14:18:37.063 ::: Info -- NA.txt  DICE
2015/12/12 14:18:37.068 ::: Info -- Runfile:::C:\Users\davidq\Documents\GitHub\arcade\QBWmagicLED\QBW_Magic_LED\bin\Release\systems\DICE\default.txt
2015/12/12 14:18:37.074 ::: Info -- Runfile:::C:\Users\davidq\Documents\GitHub\arcade\QBWmagicLED\QBW_Magic_LED\bin\Release\systems\DICE\default.p4.txt
2015/12/12 14:18:37.078 ::: Debug -- SubFile: default.in.game.txt
2015/12/12 14:18:37.079 ::: Info -- Runfile:::C:\Users\davidq\Documents\GitHub\arcade\QBWmagicLED\QBW_Magic_LED\bin\Release\systems\DICE\default.in.game.txt
2015/12/12 14:18:37.484 ::: Info -- Runfile:::C:\Users\davidq\Documents\GitHub\arcade\QBWmagicLED\QBW_Magic_LED\bin\Release\systems\DICE\default.p4.txt
2015/12/12 14:18:37.487 ::: Debug -- SubFile: default.in.game.txt
2015/12/12 14:18:37.488 ::: Info -- Runfile:::C:\Users\davidq\Documents\GitHub\arcade\QBWmagicLED\QBW_Magic_LED\bin\Release\systems\DICE\default.in.game.txt
2015/12/12 14:18:37.892 ::: Info -- Runfile:::C:\Users\davidq\Documents\GitHub\arcade\QBWmagicLED\QBW_Magic_LED\bin\Release\systems\DICE\default.p4.txt
2015/12/12 14:18:37.895 ::: Debug -- SubFile: default.in.game.txt
2015/12/12 14:18:37.896 ::: Info -- Runfile:::C:\Users\davidq\Documents\GitHub\arcade\QBWmagicLED\QBW_Magic_LED\bin\Release\systems\DICE\default.in.game.txt
2015/12/12 14:18:38.299 ::: Info -- Runfile:::C:\Users\davidq\Documents\GitHub\arcade\QBWmagicLED\QBW_Magic_LED\bin\Release\systems\DICE\default.p4.txt
2015/12/12 14:18:38.303 ::: Debug -- SubFile: default.in.game.txt
2015/12/12 14:18:38.304 ::: Info -- Runfile:::C:\Users\davidq\Documents\GitHub\arcade\QBWmagicLED\QBW_Magic_LED\bin\Release\systems\DICE\default.in.game.txt
2015/12/12 14:18:38.707 ::: Info -- Runfile:::C:\Users\davidq\Documents\GitHub\arcade\QBWmagicLED\QBW_Magic_LED\bin\Release\systems\DICE\default.p4.txt
2015/12/12 14:18:38.711 ::: Debug -- SubFile: default.in.game.txt
2015/12/12 14:18:38.712 ::: Info -- Runfile:::C:\Users\davidq\Documents\GitHub\arcade\QBWmagicLED\QBW_Magic_LED\bin\Release\systems\DICE\default.in.game.txt
2015/12/12 14:18:39.115 ::: Info -- Runfile:::C:\Users\davidq\Documents\GitHub\arcade\QBWmagicLED\QBW_Magic_LED\bin\Release\systems\DICE\default.p4.txt
2015/12/12 14:18:39.118 ::: Debug -- SubFile: default.in.game.txt
2015/12/12 14:18:39.119 ::: Info -- Runfile:::C:\Users\davidq\Documents\GitHub\arcade\QBWmagicLED\QBW_Magic_LED\bin\Release\systems\DICE\default.in.game.txt
2015/12/12 14:18:39.522 ::: Info -- Runfile:::C:\Users\davidq\Documents\GitHub\arcade\QBWmagicLED\QBW_Magic_LED\bin\Release\systems\DICE\default.p4.txt
2015/12/12 14:18:39.526 ::: Debug -- SubFile: default.in.game.txt
2015/12/12 14:18:39.527 ::: Info -- Runfile:::C:\Users\davidq\Documents\GitHub\arcade\QBWmagicLED\QBW_Magic_LED\bin\Release\systems\DICE\default.in.game.txt
2015/12/12 14:18:39.930 ::: Info -- Runfile:::C:\Users\davidq\Documents\GitHub\arcade\QBWmagicLED\QBW_Magic_LED\bin\Release\systems\DICE\default.p4.txt
2015/12/12 14:18:39.935 ::: Debug -- SubFile: default.in.game.txt
2015/12/12 14:18:39.936 ::: Info -- Runfile:::C:\Users\davidq\Documents\GitHub\arcade\QBWmagicLED\QBW_Magic_LED\bin\Release\systems\DICE\default.in.game.txt
2015/12/12 14:18:40.341 ::: Info -- Runfile:::C:\Users\davidq\Documents\GitHub\arcade\QBWmagicLED\QBW_Magic_LED\bin\Release\systems\DICE\default.p4.txt
2015/12/12 14:18:40.345 ::: Debug -- SubFile: default.in.game.txt
2015/12/12 14:18:40.346 ::: Info -- Runfile:::C:\Users\davidq\Documents\GitHub\arcade\QBWmagicLED\QBW_Magic_LED\bin\Release\systems\DICE\default.in.game.txt
2015/12/12 14:18:40.751 ::: Info -- Runfile:::C:\Users\davidq\Documents\GitHub\arcade\QBWmagicLED\QBW_Magic_LED\bin\Release\systems\DICE\default.p4.txt
2015/12/12 14:18:40.756 ::: Debug -- SubFile: default.in.game.txt
2015/12/12 14:18:40.757 ::: Info -- Runfile:::C:\Users\davidq\Documents\GitHub\arcade\QBWmagicLED\QBW_Magic_LED\bin\Release\systems\DICE\default.in.game.txt
2015/12/12 14:18:41.164 ::: Info -- Runfile:::C:\Users\davidq\Documents\GitHub\arcade\QBWmagicLED\QBW_Magic_LED\bin\Release\systems\DICE\default.p4.txt
2015/12/12 14:18:41.169 ::: Debug -- SubFile: default.in.game.txt
2015/12/12 14:18:41.170 ::: Info -- Runfile:::C:\Users\davidq\Documents\GitHub\arcade\QBWmagicLED\QBW_Magic_LED\bin\Release\systems\DICE\default.in.game.txt
2015/12/12 14:18:41.575 ::: Info -- Runfile:::C:\Users\davidq\Documents\GitHub\arcade\QBWmagicLED\QBW_Magic_LED\bin\Release\systems\DICE\default.p4.txt
2015/12/12 14:18:41.581 ::: Debug -- SubFile: default.in.game.txt
2015/12/12 14:18:41.582 ::: Info -- Runfile:::C:\Users\davidq\Documents\GitHub\arcade\QBWmagicLED\QBW_Magic_LED\bin\Release\systems\DICE\default.in.game.txt
2015/12/12 14:18:41.987 ::: Info -- Runfile:::C:\Users\davidq\Documents\GitHub\arcade\QBWmagicLED\QBW_Magic_LED\bin\Release\systems\DICE\default.p4.txt
2015/12/12 14:18:42.100 ::: Debug -- SubFile: default.in.game.txt
2015/12/12 14:18:42.101 ::: Info -- Runfile:::C:\Users\davidq\Documents\GitHub\arcade\QBWmagicLED\QBW_Magic_LED\bin\Release\systems\DICE\default.in.game.txt
2015/12/12 14:18:42.507 ::: Info -- Runfile:::C:\Users\davidq\Documents\GitHub\arcade\QBWmagicLED\QBW_Magic_LED\bin\Release\systems\DICE\default.p4.txt
2015/12/12 14:18:42.515 ::: Debug -- SubFile: default.in.game.txt
2015/12/12 14:18:42.517 ::: Info -- Runfile:::C:\Users\davidq\Documents\GitHub\arcade\QBWmagicLED\QBW_Magic_LED\bin\Release\systems\DICE\default.in.game.txt
2015/12/12 14:18:42.924 ::: Info -- Runfile:::C:\Users\davidq\Documents\GitHub\arcade\QBWmagicLED\QBW_Magic_LED\bin\Release\systems\DICE\default.p4.txt
2015/12/12 14:18:42.930 ::: Debug -- SubFile: default.in.game.txt
2015/12/12 14:18:42.931 ::: Info -- Runfile:::C:\Users\davidq\Documents\GitHub\arcade\QBWmagicLED\QBW_Magic_LED\bin\Release\systems\DICE\default.in.game.txt
2015/12/12 14:18:43.336 ::: Info -- Runfile:::C:\Users\davidq\Documents\GitHub\arcade\QBWmagicLED\QBW_Magic_LED\bin\Release\systems\DICE\default.p4.txt
2015/12/12 14:18:43.342 ::: Debug -- SubFile: default.in.game.txt
2015/12/12 14:18:43.343 ::: Info -- Runfile:::C:\Users\davidq\Documents\GitHub\arcade\QBWmagicLED\QBW_Magic_LED\bin\Release\systems\DICE\default.in.game.txt
2015/12/12 14:18:43.750 ::: Info -- Runfile:::C:\Users\davidq\Documents\GitHub\arcade\QBWmagicLED\QBW_Magic_LED\bin\Release\systems\DICE\default.p4.txt
2015/12/12 14:18:43.757 ::: Debug -- SubFile: default.in.game.txt
2015/12/12 14:18:43.758 ::: Info -- Runfile:::C:\Users\davidq\Documents\GitHub\arcade\QBWmagicLED\QBW_Magic_LED\bin\Release\systems\DICE\default.in.game.txt
2015/12/12 14:18:44.164 ::: Info -- Runfile:::C:\Users\davidq\Documents\GitHub\arcade\QBWmagicLED\QBW_Magic_LED\bin\Release\systems\DICE\default.p4.txt
2015/12/12 14:18:44.171 ::: Debug -- SubFile: default.in.game.txt
2015/12/12 14:18:44.172 ::: Info -- Runfile:::C:\Users\davidq\Documents\GitHub\arcade\QBWmagicLED\QBW_Magic_LED\bin\Release\systems\DICE\default.in.game.txt
2015/12/12 14:18:44.578 ::: Info -- Runfile:::C:\Users\davidq\Documents\GitHub\arcade\QBWmagicLED\QBW_Magic_LED\bin\Release\systems\DICE\default.p4.txt
2015/12/12 14:18:44.586 ::: Debug -- SubFile: default.in.game.txt
2015/12/12 14:18:44.587 ::: Info -- Runfile:::C:\Users\davidq\Documents\GitHub\arcade\QBWmagicLED\QBW_Magic_LED\bin\Release\systems\DICE\default.in.game.txt
2015/12/12 14:18:44.993 ::: Info -- Runfile:::C:\Users\davidq\Documents\GitHub\arcade\QBWmagicLED\QBW_Magic_LED\bin\Release\systems\DICE\default.p4.txt
2015/12/12 14:18:45.002 ::: Debug -- SubFile: default.in.game.txt
2015/12/12 14:18:45.003 ::: Info -- Runfile:::C:\Users\davidq\Documents\GitHub\arcade\QBWmagicLED\QBW_Magic_LED\bin\Release\systems\DICE\default.in.game.txt
