2016/05/15 23:15:25.127 ::: Info -- ROM: dkong
2016/05/15 23:15:25.636 ::: Info -- P1_BUTTON1=Jump
2016/05/15 23:15:25.666 ::: Info -- P1_JOYSTICK_LEFT=Run Left
2016/05/15 23:15:25.696 ::: Info -- P1_JOYSTICK_DOWN=Climb Down Ladder
2016/05/15 23:15:25.718 ::: Info -- P1_JOYSTICK_UP=Climb Up Ladder
2016/05/15 23:15:25.742 ::: Info -- P1_JOYSTICK_RIGHT=Run Right
2016/05/15 23:30:37.029 ::: Info -- ROM: dkong
2016/05/15 23:30:37.238 ::: Info -- P1_BUTTON1=Jump
2016/05/15 23:30:37.267 ::: Info -- P1_JOYSTICK_LEFT=Run Left
2016/05/15 23:30:37.289 ::: Info -- P1_JOYSTICK_DOWN=Climb Down Ladder
2016/05/15 23:30:37.320 ::: Info -- P1_JOYSTICK_UP=Climb Up Ladder
2016/05/15 23:30:37.342 ::: Info -- P1_JOYSTICK_RIGHT=Run Right
2016/05/15 23:31:26.152 ::: Info -- ROM: dkong
2016/05/15 23:31:26.312 ::: Info -- P1_BUTTON1=Jump
2016/05/15 23:31:26.332 ::: Info -- P1_JOYSTICK_LEFT=Run Left
2016/05/15 23:31:26.354 ::: Info -- P1_JOYSTICK_DOWN=Climb Down Ladder
2016/05/15 23:31:26.378 ::: Info -- P1_JOYSTICK_UP=Climb Up Ladder
2016/05/15 23:31:26.396 ::: Info -- P1_JOYSTICK_RIGHT=Run Right
2016/05/15 23:35:03.632 ::: Info -- ROM: dkong
2016/05/15 23:35:03.888 ::: Info -- P1_BUTTON1=Jump
2016/05/15 23:35:03.980 ::: Info -- P1_JOYSTICK_LEFT=Run Left
2016/05/15 23:35:04.024 ::: Info -- P1_JOYSTICK_DOWN=Climb Down Ladder
2016/05/15 23:35:04.064 ::: Info -- P1_JOYSTICK_UP=Climb Up Ladder
2016/05/15 23:35:04.103 ::: Info -- P1_JOYSTICK_RIGHT=Run Right
2016/05/15 23:36:37.409 ::: Info -- ROM: dkong
2016/05/15 23:36:37.575 ::: Info -- P1_BUTTON1=Jump
2016/05/15 23:36:37.603 ::: Info -- P1_JOYSTICK_LEFT=Run Left
2016/05/15 23:36:37.625 ::: Info -- P1_JOYSTICK_DOWN=Climb Down Ladder
2016/05/15 23:36:37.645 ::: Info -- P1_JOYSTICK_UP=Climb Up Ladder
2016/05/15 23:36:37.675 ::: Info -- P1_JOYSTICK_RIGHT=Run Right
2016/05/15 23:37:07.829 ::: Info -- ROM: dkong
2016/05/15 23:37:07.988 ::: Info -- P1_BUTTON1=Jump
2016/05/15 23:37:08.010 ::: Info -- P1_JOYSTICK_LEFT=Run Left
2016/05/15 23:37:08.031 ::: Info -- P1_JOYSTICK_DOWN=Climb Down Ladder
2016/05/15 23:37:08.054 ::: Info -- P1_JOYSTICK_UP=Climb Up Ladder
2016/05/15 23:37:08.075 ::: Info -- P1_JOYSTICK_RIGHT=Run Right
2016/05/15 23:41:17.957 ::: Info -- ROM: dkong
2016/05/15 23:41:18.126 ::: Info -- P1_BUTTON1=Jump
2016/05/15 23:41:18.157 ::: Info -- P1_JOYSTICK_LEFT=Run Left
2016/05/15 23:41:18.180 ::: Info -- P1_JOYSTICK_DOWN=Climb Down Ladder
2016/05/15 23:41:18.204 ::: Info -- P1_JOYSTICK_UP=Climb Up Ladder
2016/05/15 23:41:18.229 ::: Info -- P1_JOYSTICK_RIGHT=Run Right
2016/05/15 23:51:14.112 ::: Info -- ROM: dkong
2016/05/15 23:51:14.258 ::: Info -- P1_BUTTON1=Jump
2016/05/15 23:51:14.283 ::: Info -- P1_JOYSTICK_LEFT=Run Left
2016/05/15 23:51:14.305 ::: Info -- P1_JOYSTICK_DOWN=Climb Down Ladder
2016/05/15 23:51:14.323 ::: Info -- P1_JOYSTICK_UP=Climb Up Ladder
2016/05/15 23:51:14.345 ::: Info -- P1_JOYSTICK_RIGHT=Run Right
2016/05/15 23:51:51.369 ::: Info -- ROM: dkong
2016/05/15 23:51:51.510 ::: Info -- P1_BUTTON1=Jump
2016/05/15 23:51:51.533 ::: Info -- P1_JOYSTICK_LEFT=Run Left
2016/05/15 23:51:51.554 ::: Info -- P1_JOYSTICK_DOWN=Climb Down Ladder
2016/05/15 23:51:51.576 ::: Info -- P1_JOYSTICK_UP=Climb Up Ladder
2016/05/15 23:51:51.598 ::: Info -- P1_JOYSTICK_RIGHT=Run Right
2016/05/15 23:52:17.069 ::: Info -- ROM: dkong
2016/05/15 23:52:17.217 ::: Info -- P1_BUTTON1=Jump
2016/05/15 23:52:17.240 ::: Info -- P1_JOYSTICK_LEFT=Run Left
2016/05/15 23:52:17.264 ::: Info -- P1_JOYSTICK_DOWN=Climb Down Ladder
2016/05/15 23:52:17.287 ::: Info -- P1_JOYSTICK_UP=Climb Up Ladder
2016/05/15 23:52:17.310 ::: Info -- P1_JOYSTICK_RIGHT=Run Right
2016/05/15 23:53:10.797 ::: Info -- ROM: dkong
2016/05/15 23:53:10.952 ::: Info -- P1_BUTTON1=Jump
2016/05/15 23:53:10.974 ::: Info -- P1_JOYSTICK_LEFT=Run Left
2016/05/15 23:53:10.996 ::: Info -- P1_JOYSTICK_DOWN=Climb Down Ladder
2016/05/15 23:53:11.018 ::: Info -- P1_JOYSTICK_UP=Climb Up Ladder
2016/05/15 23:53:11.040 ::: Info -- P1_JOYSTICK_RIGHT=Run Right
2016/05/15 23:54:46.955 ::: Info -- ROM: dkong
2016/05/15 23:54:47.121 ::: Info -- P1_BUTTON1=Jump
2016/05/15 23:54:47.149 ::: Info -- P1_JOYSTICK_LEFT=Run Left
2016/05/15 23:54:47.173 ::: Info -- P1_JOYSTICK_DOWN=Climb Down Ladder
2016/05/15 23:54:47.199 ::: Info -- P1_JOYSTICK_UP=Climb Up Ladder
2016/05/15 23:54:47.225 ::: Info -- P1_JOYSTICK_RIGHT=Run Right
