2014/12/28 20:37:23.112 ::: Info -- =========================================================
2014/12/28 20:37:27.832 ::: Info -- Runfile:::default.txt
2014/12/28 20:37:27.852 ::: Info -- Runfile:::dotcorrect.txt
2014/12/28 20:37:27.892 ::: Info -- Runfile:::default.hyperspin.txt
2014/12/28 20:37:28.402 ::: Info -- Runfile:::dotcorrect.txt
2014/12/28 20:37:28.412 ::: Info -- Runfile:::default.led.txt
2014/12/28 20:37:29.082 ::: Info -- Runfile:::dotcorrect.txt
2014/12/28 20:37:29.102 ::: Info -- Runfile:::default.led.txt
2014/12/28 20:37:29.802 ::: Info -- Runfile:::dotcorrect.txt
2014/12/28 20:37:29.822 ::: Info -- Runfile:::default.led.txt
2014/12/28 20:37:30.472 ::: Info -- Runfile:::dotcorrect.txt
2014/12/28 20:37:30.502 ::: Info -- Runfile:::default.led.txt
2014/12/28 20:37:31.152 ::: Info -- Runfile:::default.txt
2014/12/28 20:37:31.182 ::: Info -- Runfile:::dotcorrect.txt
2014/12/28 20:37:31.202 ::: Info -- Runfile:::default.hyperspin.txt
2014/12/28 20:37:31.752 ::: Info -- Runfile:::dotcorrect.txt
2014/12/28 20:37:31.772 ::: Info -- Runfile:::default.led.txt
2014/12/28 20:37:32.432 ::: Info -- Runfile:::dotcorrect.txt
2014/12/28 20:37:32.502 ::: Info -- Runfile:::default.led.txt
2014/12/28 20:37:33.202 ::: Info -- Runfile:::dotcorrect.txt
2014/12/28 20:37:33.232 ::: Info -- Runfile:::default.led.txt
2014/12/28 20:37:33.882 ::: Info -- Runfile:::dotcorrect.txt
2014/12/28 20:37:33.902 ::: Info -- Runfile:::default.led.txt
2014/12/28 20:37:34.562 ::: Info -- Runfile:::default.txt
2014/12/28 20:37:34.582 ::: Info -- Runfile:::dotcorrect.txt
2014/12/28 20:37:34.612 ::: Info -- Runfile:::default.hyperspin.txt
2014/12/28 20:37:35.132 ::: Info -- Runfile:::dotcorrect.txt
2014/12/28 20:37:35.162 ::: Info -- Runfile:::default.led.txt
2014/12/28 20:37:35.822 ::: Info -- Runfile:::dotcorrect.txt
2014/12/28 20:37:35.852 ::: Info -- Runfile:::default.led.txt
2014/12/28 20:37:36.552 ::: Info -- Runfile:::dotcorrect.txt
2014/12/28 20:37:36.572 ::: Info -- Runfile:::default.led.txt
2014/12/28 20:37:37.232 ::: Info -- Runfile:::dotcorrect.txt
2014/12/28 20:37:37.262 ::: Info -- Runfile:::default.led.txt
2014/12/28 20:37:37.922 ::: Info -- Runfile:::default.txt
2014/12/28 20:37:37.932 ::: Info -- Runfile:::dotcorrect.txt
2014/12/28 20:37:37.952 ::: Info -- Runfile:::default.hyperspin.txt
2014/12/28 20:37:38.522 ::: Info -- Runfile:::dotcorrect.txt
2014/12/28 20:37:38.572 ::: Info -- Runfile:::default.led.txt
2014/12/28 20:37:39.242 ::: Info -- Runfile:::dotcorrect.txt
2014/12/28 20:37:39.272 ::: Info -- Runfile:::default.led.txt
2014/12/28 20:37:39.952 ::: Info -- Runfile:::dotcorrect.txt
2014/12/28 20:37:39.962 ::: Info -- Runfile:::default.led.txt
2014/12/28 20:37:40.632 ::: Info -- Runfile:::dotcorrect.txt
2014/12/28 20:37:40.662 ::: Info -- Runfile:::default.led.txt
2014/12/28 20:37:41.362 ::: Info -- Runfile:::default.txt
2014/12/28 20:37:41.372 ::: Info -- Runfile:::dotcorrect.txt
2014/12/28 20:37:41.392 ::: Info -- Runfile:::default.hyperspin.txt
2014/12/28 20:37:41.952 ::: Info -- Runfile:::dotcorrect.txt
2014/12/28 20:37:41.972 ::: Info -- Runfile:::default.led.txt
2014/12/28 20:37:42.632 ::: Info -- Runfile:::dotcorrect.txt
2014/12/28 20:37:42.662 ::: Info -- Runfile:::default.led.txt
2014/12/28 20:37:43.332 ::: Info -- Runfile:::dotcorrect.txt
2014/12/28 20:37:43.352 ::: Info -- Runfile:::default.led.txt
2014/12/28 20:37:44.012 ::: Info -- Runfile:::dotcorrect.txt
2014/12/28 20:37:44.042 ::: Info -- Runfile:::default.led.txt
2014/12/28 20:37:44.702 ::: Info -- Runfile:::default.txt
2014/12/28 20:37:44.732 ::: Info -- Runfile:::dotcorrect.txt
2014/12/28 20:37:44.752 ::: Info -- Runfile:::default.hyperspin.txt
2014/12/28 20:37:45.292 ::: Info -- Runfile:::dotcorrect.txt
2014/12/28 20:37:45.332 ::: Info -- Runfile:::default.led.txt
2014/12/28 20:37:45.992 ::: Info -- Runfile:::dotcorrect.txt
2014/12/28 20:37:46.022 ::: Info -- Runfile:::default.led.txt
2014/12/28 20:38:03.852 ::: Info -- Runfile:::dotcorrect_r.txt
2014/12/28 20:38:09.272 ::: Info -- Runfile:::dotcorrect_g.txt
2014/12/28 20:38:12.952 ::: Info -- Runfile:::dotcorrect_b.txt
2014/12/28 20:38:25.572 ::: Info -- Runfile:::dotcorrect.txt
2014/12/28 20:39:01.322 ::: Info -- Runfile:::dotcorrect.txt
2014/12/28 20:49:34.984 ::: Info -- Runfile:::dotcorrect.txt
2014/12/28 20:50:10.814 ::: Info -- Runfile:::clearAll.txt
2014/12/28 20:50:10.824 ::: Info -- Runfile:::clearAllLED.txt
2014/12/28 20:50:10.964 ::: Info -- Runfile:::clearAllLED.txt
2014/12/28 20:50:11.054 ::: Info -- Runfile:::clearAllLED.txt
2014/12/28 20:50:11.074 ::: Info -- Runfile:::clearAllLED.txt
2014/12/28 20:50:11.104 ::: Info -- Runfile:::clearAllLED.txt
2014/12/28 20:51:57.464 ::: Info -- Runfile:::setAll.txt
2014/12/28 20:51:57.474 ::: Info -- Runfile:::setAllLED.txt
2014/12/28 20:51:57.554 ::: Info -- Runfile:::setAllLED.txt
2014/12/28 20:51:57.634 ::: Info -- Runfile:::setAllLED.txt
2014/12/28 20:51:57.644 ::: Info -- Runfile:::setAllLED.txt
2014/12/28 20:51:57.664 ::: Info -- Runfile:::setAllLED.txt
2014/12/28 20:52:14.544 ::: Info -- Runfile:::setAll.txt
2014/12/28 20:52:14.554 ::: Info -- Runfile:::setAllLED.txt
2014/12/28 20:52:14.654 ::: Info -- Runfile:::setAllLED.txt
2014/12/28 20:52:14.744 ::: Info -- Runfile:::setAllLED.txt
2014/12/28 20:52:14.764 ::: Info -- Runfile:::setAllLED.txt
2014/12/28 20:52:14.784 ::: Info -- Runfile:::setAllLED.txt
2014/12/28 20:53:15.754 ::: Info -- Runfile:::dotcorrect.txt
2014/12/28 20:53:35.304 ::: Info -- Runfile:::dotcorrect.txt
2014/12/28 20:53:45.124 ::: Info -- Runfile:::dotcorrect.txt
2014/12/28 20:54:04.444 ::: Info -- Runfile:::dotcorrect.txt
2014/12/28 20:54:19.484 ::: Info -- Runfile:::dotcorrect.txt
2014/12/28 20:54:29.404 ::: Info -- Runfile:::dotcorrect.txt
2014/12/28 20:54:39.094 ::: Info -- Runfile:::dotcorrect.txt
2014/12/28 20:54:45.834 ::: Info -- Runfile:::dotcorrect.txt
2014/12/28 20:54:53.494 ::: Info -- Runfile:::dotcorrect.txt
2014/12/28 20:55:06.464 ::: Info -- Runfile:::dotcorrect.txt
2014/12/28 20:55:12.164 ::: Info -- Runfile:::dotcorrect.txt
2014/12/28 20:55:17.474 ::: Info -- Runfile:::dotcorrect.txt
2014/12/28 21:00:45.645 ::: Info -- Runfile:::dotcorrect.txt
2014/12/28 21:00:53.585 ::: Info -- Runfile:::dotcorrect.txt
2014/12/28 21:01:07.285 ::: Info -- Runfile:::dotcorrect.txt
2014/12/28 21:01:17.195 ::: Info -- Runfile:::dotcorrect.txt
2014/12/28 21:01:25.045 ::: Info -- Runfile:::dotcorrect.txt
2014/12/28 21:01:31.635 ::: Info -- Runfile:::dotcorrect.txt
2014/12/28 21:01:46.205 ::: Info -- Runfile:::dotcorrect.txt
2014/12/28 21:02:23.315 ::: Info -- Runfile:::dotcorrect.txt
2014/12/28 21:02:29.915 ::: Info -- Runfile:::dotcorrect.txt
