2015/01/03 23:11:15.517 ::: Info -- ===========================================================
2015/01/03 23:11:15.537 ::: Info -- ===========================================================
2015/01/03 23:11:15.547 ::: Info -- ===========================================================
2015/01/03 23:11:15.557 ::: Debug -- Starting
2015/01/03 23:11:15.557 ::: Debug -- WorkDir: C:\Windows\System32\
2015/01/03 23:11:15.567 ::: Debug -- Running: C:\Windows\System32\
2015/01/03 23:11:15.567 ::: Debug -- Exe    : taskkill.exe
2015/01/03 23:11:15.577 ::: Debug -- ARGS   : /T /F /FI "IMAGENAME eq QBW.Magic.LED*"
2015/01/03 23:11:15.577 ::: Debug -- Wait   : True
2015/01/03 23:11:15.767 ::: Info -- SUCCESS: The process with PID 245900 (child process of PID 159220) has been terminated.
2015/01/03 23:11:15.777 ::: Info -- Exit code :0
2015/01/03 23:11:40.612 ::: Warn -- File does not exist: C:\Users\davidq\Documents\GitHub\arcade\QBWmagicLED\QBW_Magic_LED\bin\Release\LED\gorfQBW.Magic.LED.exe
2015/01/03 23:11:40.622 ::: Debug -- WorkDir: C:\Users\davidq\Documents\GitHub\arcade\QBWmagicLED\QBW_Magic_LED\bin\Release\
2015/01/03 23:11:40.622 ::: Debug -- Running: C:\Users\davidq\Documents\GitHub\arcade\QBWmagicLED\QBW_Magic_LED\bin\Release\
2015/01/03 23:11:40.622 ::: Debug -- Exe    : QBW.Magic.LED.exe
2015/01/03 23:11:40.632 ::: Debug -- ARGS   : default.txt
2015/01/03 23:11:40.632 ::: Debug -- Wait   : False
2015/01/03 23:11:40.662 ::: Debug -- WorkDir: C:\Windows\System32\
2015/01/03 23:11:40.692 ::: Debug -- Running: C:\Windows\System32\
2015/01/03 23:11:40.702 ::: Debug -- Exe    : taskkill.exe
2015/01/03 23:11:40.702 ::: Debug -- ARGS   : /T /F /FI "IMAGENAME eq MameButtons*"
2015/01/03 23:11:40.712 ::: Debug -- Wait   : True
2015/01/03 23:11:40.912 ::: Info -- INFO: No tasks running with the specified criteria.
2015/01/03 23:11:40.942 ::: Info -- Exit code :0
2015/01/03 23:11:40.942 ::: Debug -- WorkDir: C:\Users\davidq\Documents\GitHub\arcade\mameButtons\MameButtons\bin\Release\
2015/01/03 23:11:40.952 ::: Debug -- Running: C:\Users\davidq\Documents\GitHub\arcade\mameButtons\MameButtons\bin\Release\
2015/01/03 23:11:40.952 ::: Debug -- Exe    : MameButtons.exe
2015/01/03 23:11:40.952 ::: Debug -- ARGS   : gorf
2015/01/03 23:11:40.962 ::: Debug -- Wait   : False
2015/01/03 23:11:40.992 ::: Error -- Multi ROM found::
2015/01/03 23:11:40.992 ::: Error -- ---> C:\MAME\145b
2015/01/03 23:11:41.002 ::: Error -- ---> C:\MAME\151b\gorf.zip
2015/01/03 23:11:41.002 ::: Info -- -----------------------------------------------------------
2015/01/03 23:11:41.012 ::: Info -- MAME: C:\MAME\151b\racermame.exe gorf -joystick -nowindow -max
2015/01/03 23:11:41.012 ::: Debug -- WorkDir: C:\MAME\151b\
2015/01/03 23:11:41.022 ::: Debug -- Running: C:\MAME\151b\
2015/01/03 23:11:41.022 ::: Debug -- Exe    : racermame.exe
2015/01/03 23:11:41.032 ::: Debug -- ARGS   : gorf -joystick -nowindow -max
2015/01/03 23:11:41.032 ::: Debug -- Wait   : True
2015/01/03 23:11:42.726 ::: Error -- Sample 'a' NOT FOUND
2015/01/03 23:11:42.731 ::: Error -- Sample 'a' NOT FOUND
2015/01/03 23:11:42.736 ::: Error -- Sample 'again' NOT FOUND
2015/01/03 23:11:42.740 ::: Error -- Sample 'am' NOT FOUND
2015/01/03 23:11:42.746 ::: Error -- Sample 'am' NOT FOUND
2015/01/03 23:11:42.756 ::: Error -- Sample 'and' NOT FOUND
2015/01/03 23:11:42.761 ::: Error -- Sample 'anhilatn' NOT FOUND
2015/01/03 23:11:42.766 ::: Error -- Sample 'another' NOT FOUND
2015/01/03 23:11:42.772 ::: Error -- Sample 'another' NOT FOUND
2015/01/03 23:11:42.777 ::: Error -- Sample 'are' NOT FOUND
2015/01/03 23:11:42.782 ::: Error -- Sample 'are' NOT FOUND
2015/01/03 23:11:42.786 ::: Error -- Sample 'avenger' NOT FOUND
2015/01/03 23:11:42.791 ::: Error -- Sample 'bad' NOT FOUND
2015/01/03 23:11:42.796 ::: Error -- Sample 'bad' NOT FOUND
2015/01/03 23:11:42.801 ::: Error -- Sample 'be' NOT FOUND
2015/01/03 23:11:42.806 ::: Error -- Sample 'been' NOT FOUND
2015/01/03 23:11:42.811 ::: Error -- Sample 'but' NOT FOUND
2015/01/03 23:11:42.816 ::: Error -- Sample 'button' NOT FOUND
2015/01/03 23:11:42.821 ::: Error -- Sample 'cadet' NOT FOUND
2015/01/03 23:11:42.828 ::: Error -- Sample 'cannot' NOT FOUND
2015/01/03 23:11:42.834 ::: Error -- Sample 'captain' NOT FOUND
2015/01/03 23:11:42.840 ::: Error -- Sample 'chronicl' NOT FOUND
2015/01/03 23:11:42.845 ::: Error -- Sample 'coin' NOT FOUND
2015/01/03 23:11:42.850 ::: Error -- Sample 'coins' NOT FOUND
2015/01/03 23:11:42.855 ::: Error -- Sample 'colonel' NOT FOUND
2015/01/03 23:11:42.860 ::: Error -- Sample 'consciou' NOT FOUND
2015/01/03 23:11:42.866 ::: Error -- Sample 'defender' NOT FOUND
2015/01/03 23:11:42.871 ::: Error -- Sample 'destroy' NOT FOUND
2015/01/03 23:11:42.876 ::: Error -- Sample 'destroyd' NOT FOUND
2015/01/03 23:11:42.881 ::: Error -- Sample 'doom' NOT FOUND
2015/01/03 23:11:42.887 ::: Error -- Sample 'draws' NOT FOUND
2015/01/03 23:11:42.892 ::: Error -- Sample 'empire' NOT FOUND
2015/01/03 23:11:42.898 ::: Error -- Sample 'end' NOT FOUND
2015/01/03 23:11:42.903 ::: Error -- Sample 'enemy' NOT FOUND
2015/01/03 23:11:42.907 ::: Error -- Sample 'escape' NOT FOUND
2015/01/03 23:11:42.912 ::: Error -- Sample 'flagship' NOT FOUND
2015/01/03 23:11:42.917 ::: Error -- Sample 'for' NOT FOUND
2015/01/03 23:11:42.923 ::: Error -- Sample 'galactic' NOT FOUND
2015/01/03 23:11:42.928 ::: Error -- Sample 'general' NOT FOUND
2015/01/03 23:11:42.933 ::: Error -- Sample 'gorf' NOT FOUND
2015/01/03 23:11:42.938 ::: Error -- Sample 'gorphian' NOT FOUND
2015/01/03 23:11:42.943 ::: Error -- Sample 'gorphian' NOT FOUND
2015/01/03 23:11:42.947 ::: Error -- Sample 'gorphins' NOT FOUND
2015/01/03 23:11:42.952 ::: Error -- Sample 'hahahahu' NOT FOUND
2015/01/03 23:11:42.957 ::: Error -- Sample 'hahaher' NOT FOUND
2015/01/03 23:11:42.962 ::: Error -- Sample 'harder' NOT FOUND
2015/01/03 23:11:42.967 ::: Error -- Sample 'have' NOT FOUND
2015/01/03 23:11:42.972 ::: Error -- Sample 'hitting' NOT FOUND
2015/01/03 23:11:42.977 ::: Error -- Sample 'i' NOT FOUND
2015/01/03 23:11:42.982 ::: Error -- Sample 'i' NOT FOUND
2015/01/03 23:11:42.988 ::: Error -- Sample 'impossib' NOT FOUND
2015/01/03 23:11:42.993 ::: Error -- Sample 'in' NOT FOUND
2015/01/03 23:11:42.998 ::: Error -- Sample 'insert' NOT FOUND
2015/01/03 23:11:43.003 ::: Error -- Sample 'is' NOT FOUND
2015/01/03 23:11:43.008 ::: Error -- Sample 'live' NOT FOUND
2015/01/03 23:11:43.014 ::: Error -- Sample 'long' NOT FOUND
2015/01/03 23:11:43.021 ::: Error -- Sample 'meet' NOT FOUND
2015/01/03 23:11:43.026 ::: Error -- Sample 'move' NOT FOUND
2015/01/03 23:11:43.031 ::: Error -- Sample 'my' NOT FOUND
2015/01/03 23:11:43.037 ::: Error -- Sample 'my' NOT FOUND
2015/01/03 23:11:43.044 ::: Error -- Sample 'near' NOT FOUND
2015/01/03 23:11:43.051 ::: Error -- Sample 'next' NOT FOUND
2015/01/03 23:11:43.056 ::: Error -- Sample 'nice' NOT FOUND
2015/01/03 23:11:43.061 ::: Error -- Sample 'no' NOT FOUND
2015/01/03 23:11:43.066 ::: Error -- Sample 'now' NOT FOUND
2015/01/03 23:11:43.071 ::: Error -- Sample 'pause' NOT FOUND
2015/01/03 23:11:43.077 ::: Error -- Sample 'player' NOT FOUND
2015/01/03 23:11:43.082 ::: Error -- Sample 'prepare' NOT FOUND
2015/01/03 23:11:43.088 ::: Error -- Sample 'prisonrs' NOT FOUND
2015/01/03 23:11:43.094 ::: Error -- Sample 'promoted' NOT FOUND
2015/01/03 23:11:43.100 ::: Error -- Sample 'push' NOT FOUND
2015/01/03 23:11:43.107 ::: Error -- Sample 'robot' NOT FOUND
2015/01/03 23:11:43.114 ::: Error -- Sample 'robots' NOT FOUND
2015/01/03 23:11:43.122 ::: Error -- Sample 'robots' NOT FOUND
2015/01/03 23:11:43.128 ::: Error -- Sample 'seek' NOT FOUND
2015/01/03 23:11:43.134 ::: Error -- Sample 'ship' NOT FOUND
2015/01/03 23:11:43.139 ::: Error -- Sample 'shot' NOT FOUND
2015/01/03 23:11:43.144 ::: Error -- Sample 'some' NOT FOUND
2015/01/03 23:11:43.150 ::: Error -- Sample 'space' NOT FOUND
2015/01/03 23:11:43.157 ::: Error -- Sample 'spause' NOT FOUND
2015/01/03 23:11:43.162 ::: Error -- Sample 'survival' NOT FOUND
2015/01/03 23:11:43.167 ::: Error -- Sample 'take' NOT FOUND
2015/01/03 23:11:43.173 ::: Error -- Sample 'the' NOT FOUND
2015/01/03 23:11:43.178 ::: Error -- Sample 'the' NOT FOUND
2015/01/03 23:11:43.183 ::: Error -- Sample 'the' NOT FOUND
2015/01/03 23:11:43.189 ::: Error -- Sample 'time' NOT FOUND
2015/01/03 23:11:43.194 ::: Error -- Sample 'to' NOT FOUND
2015/01/03 23:11:43.199 ::: Error -- Sample 'to' NOT FOUND
2015/01/03 23:11:43.204 ::: Error -- Sample 'unbeatab' NOT FOUND
2015/01/03 23:11:43.210 ::: Error -- Sample 'warrior' NOT FOUND
2015/01/03 23:11:43.215 ::: Error -- Sample 'warriors' NOT FOUND
2015/01/03 23:11:43.222 ::: Error -- Sample 'will' NOT FOUND
2015/01/03 23:11:43.229 ::: Error -- Sample 'you' NOT FOUND
2015/01/03 23:11:43.235 ::: Error -- Sample 'you' NOT FOUND
2015/01/03 23:11:43.240 ::: Error -- Sample 'you' NOT FOUND
2015/01/03 23:11:43.245 ::: Error -- Sample 'you' NOT FOUND
2015/01/03 23:11:43.249 ::: Error -- Sample 'your' NOT FOUND
2015/01/03 23:11:43.254 ::: Error -- Sample 'your' NOT FOUND
2015/01/03 23:11:43.259 ::: Error -- Sample 'yourself' NOT FOUND
2015/01/03 23:11:43.264 ::: Error -- Sample 's' NOT FOUND
2015/01/03 23:11:43.268 ::: Error -- Sample 'for' NOT FOUND
2015/01/03 23:11:43.273 ::: Error -- Sample 'for' NOT FOUND
2015/01/03 23:11:43.280 ::: Error -- Sample 'will' NOT FOUND
2015/01/03 23:11:43.285 ::: Error -- Sample 'gorph' NOT FOUND
2015/01/03 23:11:43.290 ::: Error -- Sample 'coin' NOT FOUND
2015/01/03 23:11:43.295 ::: Error -- Sample 'attack' NOT FOUND
2015/01/03 23:11:43.299 ::: Error -- Sample 'bite' NOT FOUND
2015/01/03 23:11:43.304 ::: Error -- Sample 'conquer' NOT FOUND
2015/01/03 23:11:43.309 ::: Error -- Sample 'devour' NOT FOUND
2015/01/03 23:11:43.313 ::: Error -- Sample 'dust' NOT FOUND
2015/01/03 23:11:43.317 ::: Error -- Sample 'galaxy' NOT FOUND
2015/01/03 23:11:43.321 ::: Error -- Sample 'got' NOT FOUND
2015/01/03 23:11:43.326 ::: Error -- Sample 'power' NOT FOUND
2015/01/03 23:11:43.330 ::: Error -- Sample 'try' NOT FOUND
2015/01/03 23:11:43.335 ::: Error -- Sample 'supreme' NOT FOUND
2015/01/03 23:11:43.339 ::: Error -- Sample 'all' NOT FOUND
2015/01/03 23:11:44.930 ::: Error -- Sample 'hail' NOT FOUND
2015/01/03 23:11:44.940 ::: Error -- Sample 'emperor' NOT FOUND
2015/01/03 23:11:44.960 ::: Info -- Exit code :0
2015/01/03 23:11:44.970 ::: Debug -- WorkDir: C:\Windows\System32\
2015/01/03 23:11:44.970 ::: Debug -- Running: C:\Windows\System32\
2015/01/03 23:11:44.980 ::: Debug -- Exe    : taskkill.exe
2015/01/03 23:11:44.990 ::: Debug -- ARGS   : /T /F /FI "IMAGENAME eq QBW.Magic.LED*"
2015/01/03 23:11:44.990 ::: Debug -- Wait   : True
2015/01/03 23:11:45.160 ::: Info -- SUCCESS: The process with PID 286776 (child process of PID 312496) has been terminated.
2015/01/03 23:11:45.170 ::: Info -- Exit code :0
2015/01/03 23:11:45.170 ::: Debug -- WorkDir: C:\Users\davidq\Documents\GitHub\arcade\QBWmagicLED\QBW_Magic_LED\bin\Release\
2015/01/03 23:11:45.180 ::: Debug -- Running: C:\Users\davidq\Documents\GitHub\arcade\QBWmagicLED\QBW_Magic_LED\bin\Release\
2015/01/03 23:11:45.180 ::: Debug -- Exe    : QBW.Magic.LED.exe
2015/01/03 23:11:45.190 ::: Debug -- ARGS   : default.txt
2015/01/03 23:11:45.190 ::: Debug -- Wait   : False
2015/01/03 23:11:45.220 ::: Debug -- WorkDir: C:\Windows\System32\
2015/01/03 23:11:45.220 ::: Debug -- Running: C:\Windows\System32\
2015/01/03 23:11:45.230 ::: Debug -- Exe    : taskkill.exe
2015/01/03 23:11:45.230 ::: Debug -- ARGS   : /T /F /FI "IMAGENAME eq MameButtons*"
2015/01/03 23:11:45.240 ::: Debug -- Wait   : True
2015/01/03 23:11:45.440 ::: Info -- SUCCESS: The process with PID 311756 (child process of PID 312496) has been terminated.
2015/01/03 23:11:45.450 ::: Info -- Exit code :0
2015/01/03 23:11:45.460 ::: Debug -- Ending
2015/01/03 23:11:48.105 ::: Info -- ===========================================================
2015/01/03 23:11:48.125 ::: Info -- ===========================================================
2015/01/03 23:11:48.135 ::: Info -- ===========================================================
2015/01/03 23:11:48.145 ::: Debug -- Starting
2015/01/03 23:11:48.155 ::: Debug -- WorkDir: C:\Windows\System32\
2015/01/03 23:11:48.155 ::: Debug -- Running: C:\Windows\System32\
2015/01/03 23:11:48.165 ::: Debug -- Exe    : taskkill.exe
2015/01/03 23:11:48.165 ::: Debug -- ARGS   : /T /F /FI "IMAGENAME eq QBW.Magic.LED*"
2015/01/03 23:11:48.175 ::: Debug -- Wait   : True
2015/01/03 23:11:48.375 ::: Info -- SUCCESS: The process with PID 11272 (child process of PID 312496) has been terminated.
2015/01/03 23:11:48.375 ::: Info -- Exit code :0
2015/01/03 23:11:54.515 ::: Debug -- WorkDir: C:\Users\davidq\Documents\GitHub\arcade\QBWmagicLED\QBW_Magic_LED\bin\Release\
2015/01/03 23:11:54.515 ::: Debug -- Running: C:\Users\davidq\Documents\GitHub\arcade\QBWmagicLED\QBW_Magic_LED\bin\Release\
2015/01/03 23:11:54.525 ::: Debug -- Exe    : QBW.Magic.LED.exe
2015/01/03 23:11:54.525 ::: Debug -- ARGS   : gorf.txt
2015/01/03 23:11:54.535 ::: Debug -- Wait   : False
2015/01/03 23:11:54.555 ::: Debug -- WorkDir: C:\Windows\System32\
2015/01/03 23:11:54.565 ::: Debug -- Running: C:\Windows\System32\
2015/01/03 23:11:54.565 ::: Debug -- Exe    : taskkill.exe
2015/01/03 23:11:54.575 ::: Debug -- ARGS   : /T /F /FI "IMAGENAME eq MameButtons*"
2015/01/03 23:11:54.575 ::: Debug -- Wait   : True
2015/01/03 23:11:54.775 ::: Info -- INFO: No tasks running with the specified criteria.
2015/01/03 23:11:54.805 ::: Info -- Exit code :0
2015/01/03 23:11:54.805 ::: Debug -- WorkDir: C:\Users\davidq\Documents\GitHub\arcade\mameButtons\MameButtons\bin\Release\
2015/01/03 23:11:54.815 ::: Debug -- Running: C:\Users\davidq\Documents\GitHub\arcade\mameButtons\MameButtons\bin\Release\
2015/01/03 23:11:54.815 ::: Debug -- Exe    : MameButtons.exe
2015/01/03 23:11:54.825 ::: Debug -- ARGS   : gorf
2015/01/03 23:11:54.825 ::: Debug -- Wait   : False
2015/01/03 23:11:54.855 ::: Error -- Multi ROM found::
2015/01/03 23:11:54.865 ::: Error -- ---> C:\MAME\145b
2015/01/03 23:11:54.865 ::: Error -- ---> C:\MAME\151b\gorf.zip
2015/01/03 23:11:54.875 ::: Info -- -----------------------------------------------------------
2015/01/03 23:11:54.885 ::: Info -- MAME: C:\MAME\151b\racermame.exe gorf -joystick -nowindow -max
2015/01/03 23:11:54.895 ::: Debug -- WorkDir: C:\MAME\151b\
2015/01/03 23:11:54.905 ::: Debug -- Running: C:\MAME\151b\
2015/01/03 23:11:54.905 ::: Debug -- Exe    : racermame.exe
2015/01/03 23:11:54.915 ::: Debug -- ARGS   : gorf -joystick -nowindow -max
2015/01/03 23:11:54.925 ::: Debug -- Wait   : True
2015/01/03 23:11:56.455 ::: Error -- Sample 'a' NOT FOUND
2015/01/03 23:11:56.462 ::: Error -- Sample 'a' NOT FOUND
2015/01/03 23:11:56.467 ::: Error -- Sample 'again' NOT FOUND
2015/01/03 23:11:56.472 ::: Error -- Sample 'am' NOT FOUND
2015/01/03 23:11:56.478 ::: Error -- Sample 'am' NOT FOUND
2015/01/03 23:11:56.485 ::: Error -- Sample 'and' NOT FOUND
2015/01/03 23:11:56.498 ::: Error -- Sample 'anhilatn' NOT FOUND
2015/01/03 23:11:56.504 ::: Error -- Sample 'another' NOT FOUND
2015/01/03 23:11:56.509 ::: Error -- Sample 'another' NOT FOUND
2015/01/03 23:11:56.515 ::: Error -- Sample 'are' NOT FOUND
2015/01/03 23:11:56.520 ::: Error -- Sample 'are' NOT FOUND
2015/01/03 23:11:56.527 ::: Error -- Sample 'avenger' NOT FOUND
2015/01/03 23:11:56.533 ::: Error -- Sample 'bad' NOT FOUND
2015/01/03 23:11:56.538 ::: Error -- Sample 'bad' NOT FOUND
2015/01/03 23:11:56.545 ::: Error -- Sample 'be' NOT FOUND
2015/01/03 23:11:56.551 ::: Error -- Sample 'been' NOT FOUND
2015/01/03 23:11:56.556 ::: Error -- Sample 'but' NOT FOUND
2015/01/03 23:11:56.561 ::: Error -- Sample 'button' NOT FOUND
2015/01/03 23:11:56.567 ::: Error -- Sample 'cadet' NOT FOUND
2015/01/03 23:11:56.574 ::: Error -- Sample 'cannot' NOT FOUND
2015/01/03 23:11:56.580 ::: Error -- Sample 'captain' NOT FOUND
2015/01/03 23:11:56.585 ::: Error -- Sample 'chronicl' NOT FOUND
2015/01/03 23:11:56.593 ::: Error -- Sample 'coin' NOT FOUND
2015/01/03 23:11:56.599 ::: Error -- Sample 'coins' NOT FOUND
2015/01/03 23:11:56.604 ::: Error -- Sample 'colonel' NOT FOUND
2015/01/03 23:11:56.611 ::: Error -- Sample 'consciou' NOT FOUND
2015/01/03 23:11:56.618 ::: Error -- Sample 'defender' NOT FOUND
2015/01/03 23:11:56.623 ::: Error -- Sample 'destroy' NOT FOUND
2015/01/03 23:11:56.629 ::: Error -- Sample 'destroyd' NOT FOUND
2015/01/03 23:11:56.634 ::: Error -- Sample 'doom' NOT FOUND
2015/01/03 23:11:56.639 ::: Error -- Sample 'draws' NOT FOUND
2015/01/03 23:11:56.644 ::: Error -- Sample 'empire' NOT FOUND
2015/01/03 23:11:56.649 ::: Error -- Sample 'end' NOT FOUND
2015/01/03 23:11:56.654 ::: Error -- Sample 'enemy' NOT FOUND
2015/01/03 23:11:56.660 ::: Error -- Sample 'escape' NOT FOUND
2015/01/03 23:11:56.665 ::: Error -- Sample 'flagship' NOT FOUND
2015/01/03 23:11:56.670 ::: Error -- Sample 'for' NOT FOUND
2015/01/03 23:11:56.675 ::: Error -- Sample 'galactic' NOT FOUND
2015/01/03 23:11:56.680 ::: Error -- Sample 'general' NOT FOUND
2015/01/03 23:11:56.685 ::: Error -- Sample 'gorf' NOT FOUND
2015/01/03 23:11:56.690 ::: Error -- Sample 'gorphian' NOT FOUND
2015/01/03 23:11:56.695 ::: Error -- Sample 'gorphian' NOT FOUND
2015/01/03 23:11:56.700 ::: Error -- Sample 'gorphins' NOT FOUND
2015/01/03 23:11:56.705 ::: Error -- Sample 'hahahahu' NOT FOUND
2015/01/03 23:11:56.709 ::: Error -- Sample 'hahaher' NOT FOUND
2015/01/03 23:11:56.714 ::: Error -- Sample 'harder' NOT FOUND
2015/01/03 23:11:56.719 ::: Error -- Sample 'have' NOT FOUND
2015/01/03 23:11:56.724 ::: Error -- Sample 'hitting' NOT FOUND
2015/01/03 23:11:56.729 ::: Error -- Sample 'i' NOT FOUND
2015/01/03 23:11:56.734 ::: Error -- Sample 'i' NOT FOUND
2015/01/03 23:11:56.739 ::: Error -- Sample 'impossib' NOT FOUND
2015/01/03 23:11:56.744 ::: Error -- Sample 'in' NOT FOUND
2015/01/03 23:11:56.750 ::: Error -- Sample 'insert' NOT FOUND
2015/01/03 23:11:56.754 ::: Error -- Sample 'is' NOT FOUND
2015/01/03 23:11:56.760 ::: Error -- Sample 'live' NOT FOUND
2015/01/03 23:11:56.765 ::: Error -- Sample 'long' NOT FOUND
2015/01/03 23:11:56.770 ::: Error -- Sample 'meet' NOT FOUND
2015/01/03 23:11:56.775 ::: Error -- Sample 'move' NOT FOUND
2015/01/03 23:11:56.781 ::: Error -- Sample 'my' NOT FOUND
2015/01/03 23:11:56.786 ::: Error -- Sample 'my' NOT FOUND
2015/01/03 23:11:56.791 ::: Error -- Sample 'near' NOT FOUND
2015/01/03 23:11:56.796 ::: Error -- Sample 'next' NOT FOUND
2015/01/03 23:11:56.803 ::: Error -- Sample 'nice' NOT FOUND
2015/01/03 23:11:56.809 ::: Error -- Sample 'no' NOT FOUND
2015/01/03 23:11:56.816 ::: Error -- Sample 'now' NOT FOUND
2015/01/03 23:11:56.825 ::: Error -- Sample 'pause' NOT FOUND
2015/01/03 23:11:56.833 ::: Error -- Sample 'player' NOT FOUND
2015/01/03 23:11:56.841 ::: Error -- Sample 'prepare' NOT FOUND
2015/01/03 23:11:56.848 ::: Error -- Sample 'prisonrs' NOT FOUND
2015/01/03 23:11:56.853 ::: Error -- Sample 'promoted' NOT FOUND
2015/01/03 23:11:56.858 ::: Error -- Sample 'push' NOT FOUND
2015/01/03 23:11:56.864 ::: Error -- Sample 'robot' NOT FOUND
2015/01/03 23:11:56.869 ::: Error -- Sample 'robots' NOT FOUND
2015/01/03 23:11:56.874 ::: Error -- Sample 'robots' NOT FOUND
2015/01/03 23:11:56.878 ::: Error -- Sample 'seek' NOT FOUND
2015/01/03 23:11:56.884 ::: Error -- Sample 'ship' NOT FOUND
2015/01/03 23:11:56.889 ::: Error -- Sample 'shot' NOT FOUND
2015/01/03 23:11:56.894 ::: Error -- Sample 'some' NOT FOUND
2015/01/03 23:11:56.899 ::: Error -- Sample 'space' NOT FOUND
2015/01/03 23:11:56.904 ::: Error -- Sample 'spause' NOT FOUND
2015/01/03 23:11:56.909 ::: Error -- Sample 'survival' NOT FOUND
2015/01/03 23:11:56.914 ::: Error -- Sample 'take' NOT FOUND
2015/01/03 23:11:56.919 ::: Error -- Sample 'the' NOT FOUND
2015/01/03 23:11:56.924 ::: Error -- Sample 'the' NOT FOUND
2015/01/03 23:11:56.929 ::: Error -- Sample 'the' NOT FOUND
2015/01/03 23:11:56.934 ::: Error -- Sample 'time' NOT FOUND
2015/01/03 23:11:56.940 ::: Error -- Sample 'to' NOT FOUND
2015/01/03 23:11:56.945 ::: Error -- Sample 'to' NOT FOUND
2015/01/03 23:11:56.952 ::: Error -- Sample 'unbeatab' NOT FOUND
2015/01/03 23:11:56.957 ::: Error -- Sample 'warrior' NOT FOUND
2015/01/03 23:11:56.962 ::: Error -- Sample 'warriors' NOT FOUND
2015/01/03 23:11:56.970 ::: Error -- Sample 'will' NOT FOUND
2015/01/03 23:11:56.975 ::: Error -- Sample 'you' NOT FOUND
2015/01/03 23:11:56.979 ::: Error -- Sample 'you' NOT FOUND
2015/01/03 23:11:56.986 ::: Error -- Sample 'you' NOT FOUND
2015/01/03 23:11:56.991 ::: Error -- Sample 'you' NOT FOUND
2015/01/03 23:11:56.995 ::: Error -- Sample 'your' NOT FOUND
2015/01/03 23:11:57.000 ::: Error -- Sample 'your' NOT FOUND
2015/01/03 23:11:57.006 ::: Error -- Sample 'yourself' NOT FOUND
2015/01/03 23:11:57.010 ::: Error -- Sample 's' NOT FOUND
2015/01/03 23:11:57.015 ::: Error -- Sample 'for' NOT FOUND
2015/01/03 23:11:57.020 ::: Error -- Sample 'for' NOT FOUND
2015/01/03 23:11:57.024 ::: Error -- Sample 'will' NOT FOUND
2015/01/03 23:11:57.028 ::: Error -- Sample 'gorph' NOT FOUND
2015/01/03 23:11:57.033 ::: Error -- Sample 'coin' NOT FOUND
2015/01/03 23:11:57.038 ::: Error -- Sample 'attack' NOT FOUND
2015/01/03 23:11:57.042 ::: Error -- Sample 'bite' NOT FOUND
2015/01/03 23:11:57.047 ::: Error -- Sample 'conquer' NOT FOUND
2015/01/03 23:11:57.052 ::: Error -- Sample 'devour' NOT FOUND
2015/01/03 23:11:57.057 ::: Error -- Sample 'dust' NOT FOUND
2015/01/03 23:11:57.062 ::: Error -- Sample 'galaxy' NOT FOUND
2015/01/03 23:11:57.067 ::: Error -- Sample 'got' NOT FOUND
2015/01/03 23:11:57.071 ::: Error -- Sample 'power' NOT FOUND
2015/01/03 23:11:57.076 ::: Error -- Sample 'try' NOT FOUND
2015/01/03 23:11:57.081 ::: Error -- Sample 'supreme' NOT FOUND
2015/01/03 23:11:57.086 ::: Error -- Sample 'all' NOT FOUND
2015/01/03 23:12:01.648 ::: Error -- Sample 'hail' NOT FOUND
2015/01/03 23:12:01.658 ::: Error -- Sample 'emperor' NOT FOUND
2015/01/03 23:12:01.668 ::: Info -- Average speed: 100.01% (4 seconds)
2015/01/03 23:12:01.688 ::: Info -- Exit code :0
2015/01/03 23:12:01.688 ::: Debug -- WorkDir: C:\Windows\System32\
2015/01/03 23:12:01.698 ::: Debug -- Running: C:\Windows\System32\
2015/01/03 23:12:01.708 ::: Debug -- Exe    : taskkill.exe
2015/01/03 23:12:01.708 ::: Debug -- ARGS   : /T /F /FI "IMAGENAME eq QBW.Magic.LED*"
2015/01/03 23:12:01.718 ::: Debug -- Wait   : True
2015/01/03 23:12:01.898 ::: Info -- SUCCESS: The process with PID 20392 (child process of PID 12688) has been terminated.
2015/01/03 23:12:01.928 ::: Info -- Exit code :0
2015/01/03 23:12:01.928 ::: Debug -- WorkDir: C:\Users\davidq\Documents\GitHub\arcade\QBWmagicLED\QBW_Magic_LED\bin\Release\
2015/01/03 23:12:01.938 ::: Debug -- Running: C:\Users\davidq\Documents\GitHub\arcade\QBWmagicLED\QBW_Magic_LED\bin\Release\
2015/01/03 23:12:01.938 ::: Debug -- Exe    : QBW.Magic.LED.exe
2015/01/03 23:12:01.948 ::: Debug -- ARGS   : default.txt
2015/01/03 23:12:01.948 ::: Debug -- Wait   : False
2015/01/03 23:12:01.978 ::: Debug -- WorkDir: C:\Windows\System32\
2015/01/03 23:12:01.978 ::: Debug -- Running: C:\Windows\System32\
2015/01/03 23:12:02.028 ::: Debug -- Exe    : taskkill.exe
2015/01/03 23:12:02.038 ::: Debug -- ARGS   : /T /F /FI "IMAGENAME eq MameButtons*"
2015/01/03 23:12:02.048 ::: Debug -- Wait   : True
2015/01/03 23:12:02.248 ::: Info -- SUCCESS: The process with PID 14748 (child process of PID 12688) has been terminated.
2015/01/03 23:12:02.258 ::: Info -- Exit code :0
2015/01/03 23:12:02.268 ::: Debug -- Ending
