2015/01/04 00:00:49.053 ::: Info -- ROM: qbert
2015/01/04 00:00:49.093 ::: Debug -- P1_JOYSTICK_RIGHT=Down+Right
2015/01/04 00:00:49.093 ::: Debug -- P1_JOYSTICK_LEFT=Up+Left
2015/01/04 00:00:49.093 ::: Debug -- P1_JOYSTICK_DOWN=Down+Left
2015/01/04 00:00:49.103 ::: Debug -- P1_JOYSTICK_UP=Up+Right
2015/01/04 00:04:39.470 ::: Info -- ROM: dkong
2015/01/04 00:04:39.530 ::: Debug -- P1_BUTTON1=Jump
2015/01/04 00:04:39.540 ::: Debug -- P1_JOYSTICK_LEFT=Run Left
2015/01/04 00:04:39.540 ::: Debug -- P1_JOYSTICK_DOWN=Climb Down Ladder
2015/01/04 00:04:39.540 ::: Debug -- P1_JOYSTICK_UP=Climb Up Ladder
2015/01/04 00:04:39.550 ::: Debug -- P1_JOYSTICK_RIGHT=Run Right
2015/01/04 00:04:56.272 ::: Info -- ROM: qbert
2015/01/04 00:04:56.312 ::: Debug -- P1_JOYSTICK_RIGHT=Down+Right
2015/01/04 00:04:56.312 ::: Debug -- P1_JOYSTICK_LEFT=Up+Left
2015/01/04 00:04:56.322 ::: Debug -- P1_JOYSTICK_DOWN=Down+Left
2015/01/04 00:04:56.322 ::: Debug -- P1_JOYSTICK_UP=Up+Right
2015/01/04 00:07:08.207 ::: Info -- ROM: dkong
2015/01/04 00:07:08.247 ::: Debug -- P1_BUTTON1=Jump
2015/01/04 00:07:08.257 ::: Debug -- P1_JOYSTICK_LEFT=Run Left
2015/01/04 00:07:08.257 ::: Debug -- P1_JOYSTICK_DOWN=Climb Down Ladder
2015/01/04 00:07:08.287 ::: Debug -- P1_JOYSTICK_UP=Climb Up Ladder
2015/01/04 00:07:08.287 ::: Debug -- P1_JOYSTICK_RIGHT=Run Right
2015/01/04 00:08:55.830 ::: Info -- ROM: qbert
2015/01/04 00:08:55.880 ::: Debug -- P1_JOYSTICK_RIGHT=Down+Right
2015/01/04 00:08:55.880 ::: Debug -- P1_JOYSTICK_LEFT=Up+Left
2015/01/04 00:08:55.880 ::: Debug -- P1_JOYSTICK_DOWN=Down+Left
2015/01/04 00:08:55.890 ::: Debug -- P1_JOYSTICK_UP=Up+Right
2015/01/04 00:10:21.401 ::: Info -- ROM: qbert
2015/01/04 00:10:21.441 ::: Debug -- P1_JOYSTICK_RIGHT=Down+Right
2015/01/04 00:10:21.441 ::: Debug -- P1_JOYSTICK_LEFT=Up+Left
2015/01/04 00:10:21.451 ::: Debug -- P1_JOYSTICK_DOWN=Down+Left
2015/01/04 00:10:21.451 ::: Debug -- P1_JOYSTICK_UP=Up+Right
2015/01/04 00:11:24.807 ::: Info -- ROM: dkong
2015/01/04 00:11:24.847 ::: Debug -- P1_BUTTON1=Jump
2015/01/04 00:11:24.857 ::: Debug -- P1_JOYSTICK_LEFT=Run Left
2015/01/04 00:11:24.857 ::: Debug -- P1_JOYSTICK_DOWN=Climb Down Ladder
2015/01/04 00:11:24.867 ::: Debug -- P1_JOYSTICK_UP=Climb Up Ladder
2015/01/04 00:11:24.877 ::: Debug -- P1_JOYSTICK_RIGHT=Run Right
2015/01/04 00:12:07.077 ::: Info -- ROM: qbert
2015/01/04 00:12:07.117 ::: Debug -- P1_JOYSTICK_RIGHT=Down+Right
2015/01/04 00:12:07.117 ::: Debug -- P1_JOYSTICK_LEFT=Up+Left
2015/01/04 00:12:07.127 ::: Debug -- P1_JOYSTICK_DOWN=Down+Left
2015/01/04 00:12:07.127 ::: Debug -- P1_JOYSTICK_UP=Up+Right
2015/01/04 00:13:23.510 ::: Info -- ROM: dkong
2015/01/04 00:13:23.550 ::: Debug -- P1_BUTTON1=Jump
2015/01/04 00:13:23.550 ::: Debug -- P1_JOYSTICK_LEFT=Run Left
2015/01/04 00:13:23.560 ::: Debug -- P1_JOYSTICK_DOWN=Climb Down Ladder
2015/01/04 00:13:23.560 ::: Debug -- P1_JOYSTICK_UP=Climb Up Ladder
2015/01/04 00:13:23.570 ::: Debug -- P1_JOYSTICK_RIGHT=Run Right
2015/01/04 00:14:06.335 ::: Info -- ROM: qbert
2015/01/04 00:14:06.375 ::: Debug -- P1_JOYSTICK_RIGHT=Down+Right
2015/01/04 00:14:06.385 ::: Debug -- P1_JOYSTICK_LEFT=Up+Left
2015/01/04 00:14:06.385 ::: Debug -- P1_JOYSTICK_DOWN=Down+Left
2015/01/04 00:14:06.395 ::: Debug -- P1_JOYSTICK_UP=Up+Right
2015/01/04 00:21:17.746 ::: Info -- ROM: qbert
2015/01/04 00:21:17.796 ::: Debug -- P1_JOYSTICK_RIGHT=Down+Right
2015/01/04 00:21:17.796 ::: Debug -- P1_JOYSTICK_LEFT=Up+Left
2015/01/04 00:21:17.806 ::: Debug -- P1_JOYSTICK_DOWN=Down+Left
2015/01/04 00:21:17.806 ::: Debug -- P1_JOYSTICK_UP=Up+Right
2015/01/04 00:22:07.392 ::: Info -- ROM: dkong
2015/01/04 00:22:07.442 ::: Debug -- P1_BUTTON1=Jump
2015/01/04 00:22:07.442 ::: Debug -- P1_JOYSTICK_LEFT=Run Left
2015/01/04 00:22:07.452 ::: Debug -- P1_JOYSTICK_DOWN=Climb Down Ladder
2015/01/04 00:22:07.452 ::: Debug -- P1_JOYSTICK_UP=Climb Up Ladder
2015/01/04 00:22:07.462 ::: Debug -- P1_JOYSTICK_RIGHT=Run Right
2015/01/04 00:24:01.647 ::: Info -- ROM: dkong
2015/01/04 00:24:01.687 ::: Debug -- P1_BUTTON1=Jump
2015/01/04 00:24:01.697 ::: Debug -- P1_JOYSTICK_LEFT=Run Left
2015/01/04 00:24:01.697 ::: Debug -- P1_JOYSTICK_DOWN=Climb Down Ladder
2015/01/04 00:24:01.707 ::: Debug -- P1_JOYSTICK_UP=Climb Up Ladder
2015/01/04 00:24:01.707 ::: Debug -- P1_JOYSTICK_RIGHT=Run Right
2015/01/04 00:25:01.824 ::: Info -- ROM: qbert
2015/01/04 00:25:01.864 ::: Debug -- P1_JOYSTICK_RIGHT=Down+Right
2015/01/04 00:25:01.874 ::: Debug -- P1_JOYSTICK_LEFT=Up+Left
2015/01/04 00:25:01.874 ::: Debug -- P1_JOYSTICK_DOWN=Down+Left
2015/01/04 00:25:01.884 ::: Debug -- P1_JOYSTICK_UP=Up+Right
2015/01/04 00:25:44.151 ::: Info -- ROM: dkong
2015/01/04 00:25:44.191 ::: Debug -- P1_BUTTON1=Jump
2015/01/04 00:25:44.201 ::: Debug -- P1_JOYSTICK_LEFT=Run Left
2015/01/04 00:25:44.201 ::: Debug -- P1_JOYSTICK_DOWN=Climb Down Ladder
2015/01/04 00:25:44.211 ::: Debug -- P1_JOYSTICK_UP=Climb Up Ladder
2015/01/04 00:25:44.211 ::: Debug -- P1_JOYSTICK_RIGHT=Run Right
2015/01/04 00:26:02.454 ::: Info -- ROM: dkong
2015/01/04 00:26:02.494 ::: Debug -- P1_BUTTON1=Jump
2015/01/04 00:26:02.504 ::: Debug -- P1_JOYSTICK_LEFT=Run Left
2015/01/04 00:26:02.504 ::: Debug -- P1_JOYSTICK_DOWN=Climb Down Ladder
2015/01/04 00:26:02.514 ::: Debug -- P1_JOYSTICK_UP=Climb Up Ladder
2015/01/04 00:26:02.514 ::: Debug -- P1_JOYSTICK_RIGHT=Run Right
2015/01/04 00:27:20.475 ::: Info -- ROM: qbert
2015/01/04 00:27:20.515 ::: Debug -- P1_JOYSTICK_RIGHT=Down+Right
2015/01/04 00:27:20.515 ::: Debug -- P1_JOYSTICK_LEFT=Up+Left
2015/01/04 00:27:20.525 ::: Debug -- P1_JOYSTICK_DOWN=Down+Left
2015/01/04 00:27:20.525 ::: Debug -- P1_JOYSTICK_UP=Up+Right
2015/01/04 00:29:35.010 ::: Info -- ROM: qbert
2015/01/04 00:29:35.050 ::: Debug -- P1_JOYSTICK_RIGHT=Down+Right
2015/01/04 00:29:35.060 ::: Debug -- P1_JOYSTICK_LEFT=Up+Left
2015/01/04 00:29:35.060 ::: Debug -- P1_JOYSTICK_DOWN=Down+Left
2015/01/04 00:29:35.060 ::: Debug -- P1_JOYSTICK_UP=Up+Right
2015/01/04 00:30:37.941 ::: Info -- ROM: qbert
2015/01/04 00:30:37.981 ::: Debug -- P1_JOYSTICK_RIGHT=Down+Right
2015/01/04 00:30:37.981 ::: Debug -- P1_JOYSTICK_LEFT=Up+Left
2015/01/04 00:30:37.981 ::: Debug -- P1_JOYSTICK_DOWN=Down+Left
2015/01/04 00:30:37.991 ::: Debug -- P1_JOYSTICK_UP=Up+Right
2015/01/04 00:31:43.509 ::: Info -- ROM: dkong
2015/01/04 00:31:43.549 ::: Debug -- P1_BUTTON1=Jump
2015/01/04 00:31:43.559 ::: Debug -- P1_JOYSTICK_LEFT=Run Left
2015/01/04 00:31:43.559 ::: Debug -- P1_JOYSTICK_DOWN=Climb Down Ladder
2015/01/04 00:31:43.569 ::: Debug -- P1_JOYSTICK_UP=Climb Up Ladder
2015/01/04 00:31:43.569 ::: Debug -- P1_JOYSTICK_RIGHT=Run Right
2015/01/04 00:33:51.434 ::: Info -- ROM: dkong
2015/01/04 00:33:51.474 ::: Debug -- P1_BUTTON1=Jump
2015/01/04 00:33:51.484 ::: Debug -- P1_JOYSTICK_LEFT=Run Left
2015/01/04 00:33:51.484 ::: Debug -- P1_JOYSTICK_DOWN=Climb Down Ladder
2015/01/04 00:33:51.494 ::: Debug -- P1_JOYSTICK_UP=Climb Up Ladder
2015/01/04 00:33:51.494 ::: Debug -- P1_JOYSTICK_RIGHT=Run Right
2015/01/04 00:34:29.269 ::: Info -- ROM: qbert
2015/01/04 00:34:29.309 ::: Debug -- P1_JOYSTICK_RIGHT=Down+Right
2015/01/04 00:34:29.319 ::: Debug -- P1_JOYSTICK_LEFT=Up+Left
2015/01/04 00:34:29.319 ::: Debug -- P1_JOYSTICK_DOWN=Down+Left
2015/01/04 00:34:29.319 ::: Debug -- P1_JOYSTICK_UP=Up+Right
2015/01/04 00:39:35.739 ::: Info -- ROM: dkong
2015/01/04 00:39:35.789 ::: Debug -- P1_BUTTON1=Jump
2015/01/04 00:39:35.789 ::: Debug -- P1_JOYSTICK_LEFT=Run Left
2015/01/04 00:39:35.799 ::: Debug -- P1_JOYSTICK_DOWN=Climb Down Ladder
2015/01/04 00:39:35.799 ::: Debug -- P1_JOYSTICK_UP=Climb Up Ladder
2015/01/04 00:39:35.809 ::: Debug -- P1_JOYSTICK_RIGHT=Run Right
2015/01/04 00:48:33.212 ::: Info -- ROM: qbert
2015/01/04 00:48:33.252 ::: Debug -- P1_JOYSTICK_RIGHT=Down+Right
2015/01/04 00:48:33.262 ::: Debug -- P1_JOYSTICK_LEFT=Up+Left
2015/01/04 00:48:33.262 ::: Debug -- P1_JOYSTICK_DOWN=Down+Left
2015/01/04 00:48:33.272 ::: Debug -- P1_JOYSTICK_UP=Up+Right
2015/01/04 00:49:41.300 ::: Info -- ROM: qbert
2015/01/04 00:49:41.350 ::: Debug -- P1_JOYSTICK_RIGHT=Down+Right
2015/01/04 00:49:41.350 ::: Debug -- P1_JOYSTICK_LEFT=Up+Left
2015/01/04 00:49:41.360 ::: Debug -- P1_JOYSTICK_DOWN=Down+Left
2015/01/04 00:49:41.360 ::: Debug -- P1_JOYSTICK_UP=Up+Right
2015/01/04 00:51:17.282 ::: Info -- ROM: dkong
2015/01/04 00:51:17.312 ::: Debug -- P1_BUTTON1=Jump
2015/01/04 00:51:17.322 ::: Debug -- P1_JOYSTICK_LEFT=Run Left
2015/01/04 00:51:17.322 ::: Debug -- P1_JOYSTICK_DOWN=Climb Down Ladder
2015/01/04 00:51:17.332 ::: Debug -- P1_JOYSTICK_UP=Climb Up Ladder
2015/01/04 00:51:17.332 ::: Debug -- P1_JOYSTICK_RIGHT=Run Right
2015/01/04 00:52:21.432 ::: Info -- ROM: dkong
2015/01/04 00:52:21.472 ::: Debug -- P1_BUTTON1=Jump
2015/01/04 00:52:21.482 ::: Debug -- P1_JOYSTICK_LEFT=Run Left
2015/01/04 00:52:21.482 ::: Debug -- P1_JOYSTICK_DOWN=Climb Down Ladder
2015/01/04 00:52:21.492 ::: Debug -- P1_JOYSTICK_UP=Climb Up Ladder
2015/01/04 00:52:21.492 ::: Debug -- P1_JOYSTICK_RIGHT=Run Right
2015/01/04 00:53:07.137 ::: Info -- ROM: qbert
2015/01/04 00:53:07.167 ::: Debug -- P1_JOYSTICK_RIGHT=Down+Right
2015/01/04 00:53:07.177 ::: Debug -- P1_JOYSTICK_LEFT=Up+Left
2015/01/04 00:53:07.177 ::: Debug -- P1_JOYSTICK_DOWN=Down+Left
2015/01/04 00:53:07.187 ::: Debug -- P1_JOYSTICK_UP=Up+Right
2015/01/04 00:54:44.719 ::: Info -- ROM: dkong
2015/01/04 00:54:44.759 ::: Debug -- P1_BUTTON1=Jump
2015/01/04 00:54:44.769 ::: Debug -- P1_JOYSTICK_LEFT=Run Left
2015/01/04 00:54:44.769 ::: Debug -- P1_JOYSTICK_DOWN=Climb Down Ladder
2015/01/04 00:54:44.779 ::: Debug -- P1_JOYSTICK_UP=Climb Up Ladder
2015/01/04 00:54:44.779 ::: Debug -- P1_JOYSTICK_RIGHT=Run Right
2015/01/04 00:54:56.970 ::: Info -- ROM: qbert
2015/01/04 00:54:57.010 ::: Debug -- P1_JOYSTICK_RIGHT=Down+Right
2015/01/04 00:54:57.010 ::: Debug -- P1_JOYSTICK_LEFT=Up+Left
2015/01/04 00:54:57.020 ::: Debug -- P1_JOYSTICK_DOWN=Down+Left
2015/01/04 00:54:57.020 ::: Debug -- P1_JOYSTICK_UP=Up+Right
2015/01/04 00:55:24.259 ::: Info -- ROM: qbert
2015/01/04 00:55:24.309 ::: Debug -- P1_JOYSTICK_RIGHT=Down+Right
2015/01/04 00:55:24.309 ::: Debug -- P1_JOYSTICK_LEFT=Up+Left
2015/01/04 00:55:24.309 ::: Debug -- P1_JOYSTICK_DOWN=Down+Left
2015/01/04 00:55:24.319 ::: Debug -- P1_JOYSTICK_UP=Up+Right
2015/01/04 00:57:27.238 ::: Info -- ROM: dkong
2015/01/04 00:57:27.278 ::: Debug -- P1_BUTTON1=Jump
2015/01/04 00:57:27.288 ::: Debug -- P1_JOYSTICK_LEFT=Run Left
2015/01/04 00:57:27.288 ::: Debug -- P1_JOYSTICK_DOWN=Climb Down Ladder
2015/01/04 00:57:27.298 ::: Debug -- P1_JOYSTICK_UP=Climb Up Ladder
2015/01/04 00:57:27.308 ::: Debug -- P1_JOYSTICK_RIGHT=Run Right
2015/01/04 00:57:35.618 ::: Info -- ROM: qbert
2015/01/04 00:57:35.658 ::: Debug -- P1_JOYSTICK_RIGHT=Down+Right
2015/01/04 00:57:35.658 ::: Debug -- P1_JOYSTICK_LEFT=Up+Left
2015/01/04 00:57:35.668 ::: Debug -- P1_JOYSTICK_DOWN=Down+Left
2015/01/04 00:57:35.668 ::: Debug -- P1_JOYSTICK_UP=Up+Right
